W0720 21:09:05.237000 174231 torch/distributed/run.py:851] 
W0720 21:09:05.237000 174231 torch/distributed/run.py:851] *****************************************
W0720 21:09:05.237000 174231 torch/distributed/run.py:851] Setting OMP_NUM_THREADS environment variable for each process to be 1 in default, to avoid your system being overloaded, please further tune the variable for optimal performance in your application as needed. 
W0720 21:09:05.237000 174231 torch/distributed/run.py:851] *****************************************
[E1IF] placement {0: ['titan064'], 1: ['titan064'], 2: ['titan065'], 3: ['titan065']}
[E1IF] layer=11 rank=0 experts=256/256
[E1IF] stage 1 layer 11 material loaded
[E1IF] layer=0 rank=0 experts=256/256
[E1IF] stage 0 layer 0 material loaded
[E1IF] layer=12 rank=0 experts=256/256
[E1IF] stage 1 layer 12 material loaded
[E1IF] layer=1 rank=0 experts=256/256
[E1IF] stage 0 layer 1 material loaded
[E1IF] layer=13 rank=0 experts=256/256
[E1IF] stage 1 layer 13 material loaded
[E1IF] layer=2 rank=0 experts=256/256
[E1IF] stage 0 layer 2 material loaded
[E1IF] layer=14 rank=0 experts=256/256
[E1IF] layer=3 rank=0 experts=256/256
[E1IF] stage 1 layer 14 material loaded
[E1IF] stage 0 layer 3 material loaded
[E1IF] layer=15 rank=0 experts=256/256
[E1IF] layer=4 rank=0 experts=256/256
[E1IF] stage 1 layer 15 material loaded
[E1IF] stage 0 layer 4 material loaded
[E1IF] layer=5 rank=0 experts=256/256
[E1IF] layer=16 rank=0 experts=256/256
[E1IF] stage 0 layer 5 material loaded
[E1IF] stage 1 layer 16 material loaded
[E1IF] layer=6 rank=0 experts=256/256
[E1IF] layer=17 rank=0 experts=256/256
[E1IF] stage 0 layer 6 material loaded
[E1IF] stage 1 layer 17 material loaded
[E1IF] layer=7 rank=0 experts=256/256
[E1IF] stage 0 layer 7 material loaded
[E1IF] layer=18 rank=0 experts=256/256
[E1IF] stage 1 layer 18 material loaded
[E1IF] layer=8 rank=0 experts=256/256
[E1IF] stage 0 layer 8 material loaded
[E1IF] layer=19 rank=0 experts=256/256
[E1IF] stage 1 layer 19 material loaded
[E1IF] layer=9 rank=0 experts=256/256
[E1IF] stage 0 layer 9 material loaded
[E1IF] layer=20 rank=0 experts=256/256
[E1IF] stage 1 layer 20 material loaded
[E1IF] layer=10 rank=0 experts=256/256
[E1IF] stage 0 layer 10 material loaded
[E1IF] layer=21 rank=0 experts=256/256
[E1IF] stage 1 layer 21 material loaded
[E1IF] stage 1 loaded (11 layers, free 5.88 GiB, 13s)
[E1IF] stage 0 loaded (11 layers, free 4.98 GiB, 13s)
[E1IF] stage 0 lane mb0 built
[E1IF] stage 0 lane mb1 built
[E1IF] stage 0 lane mb2 built
[E1F][rank 1] build lanes raised:
Traceback (most recent call last):
  File "/home/cysic/e0f-runtime/e1f_full_decode_bench.py", line 210, in synchronized_local_step
    value = fn()
            ^^^^
  File "/home/cysic/e0f-runtime/e1if_interleaved_bench.py", line 601, in build_all_lanes
    MicrobatchLane(
  File "/home/cysic/e0f-runtime/e1if_interleaved_bench.py", line 179, in __init__
    seed_state(
  File "/home/cysic/e0f-runtime/e1f_full_decode_bench.py", line 454, in seed_state
    state.seed_decode_payload(
  File "/home/cysic/e0f-runtime/dsv4_direct/static_ratio4_kv.py", line 506, in seed_decode_payload
    if not bool(torch.isfinite(payload[name][0]).all().item()):
                ^^^^^^^^^^^^^^^^^^^^^^^^^^^^^^^^
torch.OutOfMemoryError: CUDA out of memory. Tried to allocate 94.00 MiB. GPU 1 has a total capacity of 23.52 GiB of which 51.88 MiB is free. Including non-PyTorch memory, this process has 23.46 GiB memory in use. Of the allocated memory 22.40 GiB is allocated by PyTorch, and 298.86 MiB is reserved by PyTorch but unallocated. If reserved but unallocated memory is large try setting PYTORCH_CUDA_ALLOC_CONF=expandable_segments:True to avoid fragmentation.  See documentation for Memory Management  (https://docs.pytorch.org/docs/stable/notes/cuda.html#optimizing-memory-usage-with-pytorch-cuda-alloc-conf)

[E1F][rank 3] build lanes raised:
Traceback (most recent call last):
  File "/home/cysic/e0f-runtime/e1f_full_decode_bench.py", line 210, in synchronized_local_step
    value = fn()
            ^^^^
  File "/home/cysic/e0f-runtime/e1if_interleaved_bench.py", line 601, in build_all_lanes
    MicrobatchLane(
  File "/home/cysic/e0f-runtime/e1if_interleaved_bench.py", line 179, in __init__
    seed_state(
  File "/home/cysic/e0f-runtime/e1f_full_decode_bench.py", line 454, in seed_state
    state.seed_decode_payload(
  File "/home/cysic/e0f-runtime/dsv4_direct/static_ratio4_kv.py", line 506, in seed_decode_payload
    if not bool(torch.isfinite(payload[name][0]).all().item()):
                ^^^^^^^^^^^^^^^^^^^^^^^^^^^^^^^^
torch.OutOfMemoryError: CUDA out of memory. Tried to allocate 94.00 MiB. GPU 3 has a total capacity of 23.52 GiB of which 71.88 MiB is free. Including non-PyTorch memory, this process has 23.44 GiB memory in use. Of the allocated memory 22.40 GiB is allocated by PyTorch, and 298.86 MiB is reserved by PyTorch but unallocated. If reserved but unallocated memory is large try setting PYTORCH_CUDA_ALLOC_CONF=expandable_segments:True to avoid fragmentation.  See documentation for Memory Management  (https://docs.pytorch.org/docs/stable/notes/cuda.html#optimizing-memory-usage-with-pytorch-cuda-alloc-conf)

[E1F][rank 2] build lanes raised:
Traceback (most recent call last):
  File "/home/cysic/e0f-runtime/e1f_full_decode_bench.py", line 210, in synchronized_local_step
    value = fn()
            ^^^^
  File "/home/cysic/e0f-runtime/e1if_interleaved_bench.py", line 601, in build_all_lanes
    MicrobatchLane(
  File "/home/cysic/e0f-runtime/e1if_interleaved_bench.py", line 179, in __init__
    seed_state(
  File "/home/cysic/e0f-runtime/e1f_full_decode_bench.py", line 454, in seed_state
    state.seed_decode_payload(
  File "/home/cysic/e0f-runtime/dsv4_direct/static_ratio4_kv.py", line 506, in seed_decode_payload
    if not bool(torch.isfinite(payload[name][0]).all().item()):
                ^^^^^^^^^^^^^^^^^^^^^^^^^^^^^^^^
torch.OutOfMemoryError: CUDA out of memory. Tried to allocate 94.00 MiB. GPU 2 has a total capacity of 23.52 GiB of which 51.88 MiB is free. Including non-PyTorch memory, this process has 23.46 GiB memory in use. Of the allocated memory 22.40 GiB is allocated by PyTorch, and 298.86 MiB is reserved by PyTorch but unallocated. If reserved but unallocated memory is large try setting PYTORCH_CUDA_ALLOC_CONF=expandable_segments:True to avoid fragmentation.  See documentation for Memory Management  (https://docs.pytorch.org/docs/stable/notes/cuda.html#optimizing-memory-usage-with-pytorch-cuda-alloc-conf)

[E1F][rank 0] build lanes raised:
Traceback (most recent call last):
  File "/home/cysic/e0f-runtime/e1f_full_decode_bench.py", line 210, in synchronized_local_step
    value = fn()
            ^^^^
  File "/home/cysic/e0f-runtime/e1if_interleaved_bench.py", line 601, in build_all_lanes
    MicrobatchLane(
  File "/home/cysic/e0f-runtime/e1if_interleaved_bench.py", line 179, in __init__
    seed_state(
  File "/home/cysic/e0f-runtime/e1f_full_decode_bench.py", line 454, in seed_state
    state.seed_decode_payload(
  File "/home/cysic/e0f-runtime/dsv4_direct/static_ratio4_kv.py", line 506, in seed_decode_payload
    if not bool(torch.isfinite(payload[name][0]).all().item()):
                ^^^^^^^^^^^^^^^^^^^^^^^^^^^^^^^^
torch.OutOfMemoryError: CUDA out of memory. Tried to allocate 94.00 MiB. GPU 0 has a total capacity of 23.52 GiB of which 51.88 MiB is free. Including non-PyTorch memory, this process has 23.46 GiB memory in use. Of the allocated memory 22.40 GiB is allocated by PyTorch, and 298.86 MiB is reserved by PyTorch but unallocated. If reserved but unallocated memory is large try setting PYTORCH_CUDA_ALLOC_CONF=expandable_segments:True to avoid fragmentation.  See documentation for Memory Management  (https://docs.pytorch.org/docs/stable/notes/cuda.html#optimizing-memory-usage-with-pytorch-cuda-alloc-conf)

