W0720 19:15:07.597000 170507 torch/distributed/run.py:851] 
W0720 19:15:07.597000 170507 torch/distributed/run.py:851] *****************************************
W0720 19:15:07.597000 170507 torch/distributed/run.py:851] Setting OMP_NUM_THREADS environment variable for each process to be 1 in default, to avoid your system being overloaded, please further tune the variable for optimal performance in your application as needed. 
W0720 19:15:07.597000 170507 torch/distributed/run.py:851] *****************************************
[E1IF] placement {0: ['titan064'], 1: ['titan064'], 2: ['titan065'], 3: ['titan065']}
[E1IF] layer=11 rank=0 experts=256/256
[E1IF] layer=0 rank=0 experts=256/256
[E1IF] stage 1 layer 11 material loaded
[E1IF] stage 0 layer 0 material loaded
[E1IF] layer=12 rank=0 experts=256/256
[E1IF] layer=1 rank=0 experts=256/256
[E1IF] stage 1 layer 12 material loaded
[E1IF] stage 0 layer 1 material loaded
[E1IF] layer=2 rank=0 experts=256/256
[E1IF] layer=13 rank=0 experts=256/256
[E1IF] stage 0 layer 2 material loaded
[E1IF] stage 1 layer 13 material loaded
[E1IF] layer=3 rank=0 experts=256/256
[E1IF] layer=14 rank=0 experts=256/256
[E1IF] stage 0 layer 3 material loaded
[E1IF] stage 1 layer 14 material loaded
[E1IF] layer=4 rank=0 experts=256/256
[E1IF] stage 0 layer 4 material loaded
[E1IF] layer=15 rank=0 experts=256/256
[E1IF] stage 1 layer 15 material loaded
[E1IF] layer=5 rank=0 experts=256/256
[E1IF] stage 0 layer 5 material loaded
[E1IF] layer=16 rank=0 experts=256/256
[E1IF] stage 1 layer 16 material loaded
[E1IF] layer=6 rank=0 experts=256/256
[E1IF] stage 0 layer 6 material loaded
[E1IF] layer=17 rank=0 experts=256/256
[E1IF] stage 1 layer 17 material loaded
[E1IF] layer=7 rank=0 experts=256/256
[E1IF] stage 0 layer 7 material loaded
[E1IF] layer=18 rank=0 experts=256/256
[E1IF] stage 1 layer 18 material loaded
[E1IF] layer=8 rank=0 experts=256/256
[E1IF] stage 0 layer 8 material loaded
[E1IF] layer=19 rank=0 experts=256/256
[E1IF] stage 1 layer 19 material loaded
[E1IF] layer=9 rank=0 experts=256/256
[E1IF] stage 0 layer 9 material loaded
[E1IF] layer=20 rank=0 experts=256/256
[E1IF] stage 1 layer 20 material loaded
[E1IF] layer=10 rank=0 experts=256/256
[E1IF] stage 0 layer 10 material loaded
[E1IF] layer=21 rank=0 experts=256/256
[E1IF] stage 1 layer 21 material loaded
[E1IF] stage 1 loaded (11 layers, free 7.01 GiB, 13s)
[E1IF] stage 0 loaded (11 layers, free 6.09 GiB, 13s)
[E1IF] stage 0 lane mb0 built
[E1IF] stage 0 lane mb1 built
[E1IF] stage 0 lane mb2 built
[E1IF] stage 0 lane mb3 built
[E1IF] stage 1 4 lanes built, free 3.13 GiB
[E1IF] stage 0 4 lanes built, free 2.40 GiB
[E1IF] stage 0 mb0 warm done
[E1IF] stage 0 mb1 warm done
[E1IF] stage 0 mb2 warm done
[E1IF] settle cycle 64/132 pos 8256 family normal
[E1IF] round0 cycle 128/300 pos 8452 family normal
[E1IF] round1 cycle 64/300 pos 8688 family normal
[E1IF] round2 cycle 0/300 pos 8924 family normal
