W0720 20:17:45.011000 172280 torch/distributed/run.py:851] 
W0720 20:17:45.011000 172280 torch/distributed/run.py:851] *****************************************
W0720 20:17:45.011000 172280 torch/distributed/run.py:851] Setting OMP_NUM_THREADS environment variable for each process to be 1 in default, to avoid your system being overloaded, please further tune the variable for optimal performance in your application as needed. 
W0720 20:17:45.011000 172280 torch/distributed/run.py:851] *****************************************
[E1IF] placement {0: ['titan064'], 1: ['titan064'], 2: ['titan065'], 3: ['titan065']}
[E1IF] layer=11 rank=0 experts=256/256
[E1IF] layer=0 rank=0 experts=256/256
[E1IF] stage 1 layer 11 material loaded
[E1IF] stage 0 layer 0 material loaded
[E1IF] layer=12 rank=0 experts=256/256
[E1IF] stage 1 layer 12 material loaded
[E1IF] layer=1 rank=0 experts=256/256
[E1IF] stage 0 layer 1 material loaded
[E1IF] layer=13 rank=0 experts=256/256
[E1IF] layer=2 rank=0 experts=256/256
[E1IF] stage 1 layer 13 material loaded
[E1IF] stage 0 layer 2 material loaded
[E1IF] layer=3 rank=0 experts=256/256
[E1IF] layer=14 rank=0 experts=256/256
[E1IF] stage 0 layer 3 material loaded
[E1IF] stage 1 layer 14 material loaded
[E1IF] layer=4 rank=0 experts=256/256
[E1IF] layer=15 rank=0 experts=256/256
[E1IF] stage 0 layer 4 material loaded
[E1IF] stage 1 layer 15 material loaded
[E1IF] layer=5 rank=0 experts=256/256
[E1IF] stage 0 layer 5 material loaded
[E1IF] layer=16 rank=0 experts=256/256
[E1IF] stage 1 layer 16 material loaded
[E1IF] layer=6 rank=0 experts=256/256
[E1IF] stage 0 layer 6 material loaded
[E1IF] layer=17 rank=0 experts=256/256
[E1IF] stage 1 layer 17 material loaded
[E1IF] layer=7 rank=0 experts=256/256
[E1IF] stage 0 layer 7 material loaded
[E1IF] layer=18 rank=0 experts=256/256
[E1IF] stage 1 layer 18 material loaded
[E1IF] layer=8 rank=0 experts=256/256
[E1IF] stage 0 layer 8 material loaded
[E1IF] layer=19 rank=0 experts=256/256
[E1IF] stage 1 layer 19 material loaded
[E1IF] layer=9 rank=0 experts=256/256
[E1IF] stage 0 layer 9 material loaded
[E1IF] layer=20 rank=0 experts=256/256
[E1IF] stage 1 layer 20 material loaded
[E1IF] layer=10 rank=0 experts=256/256
[E1IF] stage 0 layer 10 material loaded
[E1IF] layer=21 rank=0 experts=256/256
[E1IF] stage 1 layer 21 material loaded
[E1IF] stage 1 loaded (11 layers, free 6.29 GiB, 13s)
[E1IF] stage 0 loaded (11 layers, free 5.39 GiB, 13s)
[E1IF] stage 0 lane mb0 built
[E1IF] stage 0 lane mb1 built
[E1IF] stage 0 lane mb2 built
[E1IF] stage 0 lane mb3 built
[E1IF] stage 1 4 lanes built, free 1.29 GiB
[E1IF] stage 0 4 lanes built, free 0.53 GiB
[E1F][rank 5] snapshot states raised:
Traceback (most recent call last):
  File "/home/cysic/e0f-runtime/e1f_full_decode_bench.py", line 210, in synchronized_local_step
    value = fn()
            ^^^^
  File "/home/cysic/e0f-runtime/e1if_interleaved_bench.py", line 656, in snapshot_all
    [clone_state(state) for state in lane.stage.states] for lane in lanes
     ^^^^^^^^^^^^^^^^^^
  File "/home/cysic/e0f-runtime/e1f_full_decode_bench.py", line 242, in clone_state
    result = StaticRatio4KV(
             ^^^^^^^^^^^^^^^
  File "/home/cysic/e0f-runtime/dsv4_direct/static_ratio4_kv.py", line 98, in __init__
    self.latent = torch.zeros(
                  ^^^^^^^^^^^^
torch.OutOfMemoryError: CUDA out of memory. Tried to allocate 88.00 MiB. GPU 5 has a total capacity of 23.52 GiB of which 81.88 MiB is free. Including non-PyTorch memory, this process has 23.43 GiB memory in use. Of the allocated memory 22.62 GiB is allocated by PyTorch, and 26.13 MiB is reserved by PyTorch but unallocated. If reserved but unallocated memory is large try setting PYTORCH_CUDA_ALLOC_CONF=expandable_segments:True to avoid fragmentation.  See documentation for Memory Management  (https://docs.pytorch.org/docs/stable/notes/cuda.html#optimizing-memory-usage-with-pytorch-cuda-alloc-conf)

[E1F][rank 7] snapshot states raised:
Traceback (most recent call last):
  File "/home/cysic/e0f-runtime/e1f_full_decode_bench.py", line 210, in synchronized_local_step
    value = fn()
            ^^^^
  File "/home/cysic/e0f-runtime/e1if_interleaved_bench.py", line 656, in snapshot_all
    [clone_state(state) for state in lane.stage.states] for lane in lanes
     ^^^^^^^^^^^^^^^^^^
  File "/home/cysic/e0f-runtime/e1f_full_decode_bench.py", line 242, in clone_state
    result = StaticRatio4KV(
             ^^^^^^^^^^^^^^^
  File "/home/cysic/e0f-runtime/dsv4_direct/static_ratio4_kv.py", line 98, in __init__
    self.latent = torch.zeros(
                  ^^^^^^^^^^^^
torch.OutOfMemoryError: CUDA out of memory. Tried to allocate 88.00 MiB. GPU 7 has a total capacity of 23.52 GiB of which 81.88 MiB is free. Including non-PyTorch memory, this process has 23.43 GiB memory in use. Of the allocated memory 22.62 GiB is allocated by PyTorch, and 26.13 MiB is reserved by PyTorch but unallocated. If reserved but unallocated memory is large try setting PYTORCH_CUDA_ALLOC_CONF=expandable_segments:True to avoid fragmentation.  See documentation for Memory Management  (https://docs.pytorch.org/docs/stable/notes/cuda.html#optimizing-memory-usage-with-pytorch-cuda-alloc-conf)

[E1F][rank 4] snapshot states raised:
Traceback (most recent call last):
  File "/home/cysic/e0f-runtime/e1f_full_decode_bench.py", line 210, in synchronized_local_step
    value = fn()
            ^^^^
  File "/home/cysic/e0f-runtime/e1if_interleaved_bench.py", line 656, in snapshot_all
    [clone_state(state) for state in lane.stage.states] for lane in lanes
     ^^^^^^^^^^^^^^^^^^
  File "/home/cysic/e0f-runtime/e1f_full_decode_bench.py", line 242, in clone_state
    result = StaticRatio4KV(
             ^^^^^^^^^^^^^^^
  File "/home/cysic/e0f-runtime/dsv4_direct/static_ratio4_kv.py", line 98, in __init__
    self.latent = torch.zeros(
                  ^^^^^^^^^^^^
torch.OutOfMemoryError: CUDA out of memory. Tried to allocate 88.00 MiB. GPU 4 has a total capacity of 23.52 GiB of which 85.88 MiB is free. Including non-PyTorch memory, this process has 23.43 GiB memory in use. Of the allocated memory 22.62 GiB is allocated by PyTorch, and 26.13 MiB is reserved by PyTorch but unallocated. If reserved but unallocated memory is large try setting PYTORCH_CUDA_ALLOC_CONF=expandable_segments:True to avoid fragmentation.  See documentation for Memory Management  (https://docs.pytorch.org/docs/stable/notes/cuda.html#optimizing-memory-usage-with-pytorch-cuda-alloc-conf)

[E1F][rank 6] snapshot states raised:
Traceback (most recent call last):
  File "/home/cysic/e0f-runtime/e1f_full_decode_bench.py", line 210, in synchronized_local_step
    value = fn()
            ^^^^
  File "/home/cysic/e0f-runtime/e1if_interleaved_bench.py", line 656, in snapshot_all
    [clone_state(state) for state in lane.stage.states] for lane in lanes
     ^^^^^^^^^^^^^^^^^^
  File "/home/cysic/e0f-runtime/e1f_full_decode_bench.py", line 242, in clone_state
    result = StaticRatio4KV(
             ^^^^^^^^^^^^^^^
  File "/home/cysic/e0f-runtime/dsv4_direct/static_ratio4_kv.py", line 98, in __init__
    self.latent = torch.zeros(
                  ^^^^^^^^^^^^
torch.OutOfMemoryError: CUDA out of memory. Tried to allocate 88.00 MiB. GPU 6 has a total capacity of 23.52 GiB of which 81.88 MiB is free. Including non-PyTorch memory, this process has 23.43 GiB memory in use. Of the allocated memory 22.62 GiB is allocated by PyTorch, and 26.13 MiB is reserved by PyTorch but unallocated. If reserved but unallocated memory is large try setting PYTORCH_CUDA_ALLOC_CONF=expandable_segments:True to avoid fragmentation.  See documentation for Memory Management  (https://docs.pytorch.org/docs/stable/notes/cuda.html#optimizing-memory-usage-with-pytorch-cuda-alloc-conf)

[E1F][rank 0] snapshot states raised:
Traceback (most recent call last):
  File "/home/cysic/e0f-runtime/e1f_full_decode_bench.py", line 210, in synchronized_local_step
    value = fn()
            ^^^^
  File "/home/cysic/e0f-runtime/e1if_interleaved_bench.py", line 656, in snapshot_all
    [clone_state(state) for state in lane.stage.states] for lane in lanes
     ^^^^^^^^^^^^^^^^^^
  File "/home/cysic/e0f-runtime/e1f_full_decode_bench.py", line 242, in clone_state
    result = StaticRatio4KV(
             ^^^^^^^^^^^^^^^
  File "/home/cysic/e0f-runtime/dsv4_direct/static_ratio4_kv.py", line 98, in __init__
    self.latent = torch.zeros(
                  ^^^^^^^^^^^^
torch.OutOfMemoryError: CUDA out of memory. Tried to allocate 88.00 MiB. GPU 0 has a total capacity of 23.52 GiB of which 15.88 MiB is free. Including non-PyTorch memory, this process has 23.49 GiB memory in use. Of the allocated memory 22.69 GiB is allocated by PyTorch, and 34.63 MiB is reserved by PyTorch but unallocated. If reserved but unallocated memory is large try setting PYTORCH_CUDA_ALLOC_CONF=expandable_segments:True to avoid fragmentation.  See documentation for Memory Management  (https://docs.pytorch.org/docs/stable/notes/cuda.html#optimizing-memory-usage-with-pytorch-cuda-alloc-conf)

[E1F][rank 1] snapshot states raised:
Traceback (most recent call last):
  File "/home/cysic/e0f-runtime/e1f_full_decode_bench.py", line 210, in synchronized_local_step
    value = fn()
            ^^^^
  File "/home/cysic/e0f-runtime/e1if_interleaved_bench.py", line 656, in snapshot_all
    [clone_state(state) for state in lane.stage.states] for lane in lanes
     ^^^^^^^^^^^^^^^^^^
  File "/home/cysic/e0f-runtime/e1f_full_decode_bench.py", line 242, in clone_state
    result = StaticRatio4KV(
             ^^^^^^^^^^^^^^^
  File "/home/cysic/e0f-runtime/dsv4_direct/static_ratio4_kv.py", line 98, in __init__
    self.latent = torch.zeros(
                  ^^^^^^^^^^^^
torch.OutOfMemoryError: CUDA out of memory. Tried to allocate 88.00 MiB. GPU 1 has a total capacity of 23.52 GiB of which 15.88 MiB is free. Including non-PyTorch memory, this process has 23.49 GiB memory in use. Of the allocated memory 22.69 GiB is allocated by PyTorch, and 34.63 MiB is reserved by PyTorch but unallocated. If reserved but unallocated memory is large try setting PYTORCH_CUDA_ALLOC_CONF=expandable_segments:True to avoid fragmentation.  See documentation for Memory Management  (https://docs.pytorch.org/docs/stable/notes/cuda.html#optimizing-memory-usage-with-pytorch-cuda-alloc-conf)

[E1F][rank 2] snapshot states raised:
Traceback (most recent call last):
  File "/home/cysic/e0f-runtime/e1f_full_decode_bench.py", line 210, in synchronized_local_step
    value = fn()
            ^^^^
  File "/home/cysic/e0f-runtime/e1if_interleaved_bench.py", line 656, in snapshot_all
    [clone_state(state) for state in lane.stage.states] for lane in lanes
     ^^^^^^^^^^^^^^^^^^
  File "/home/cysic/e0f-runtime/e1f_full_decode_bench.py", line 242, in clone_state
    result = StaticRatio4KV(
             ^^^^^^^^^^^^^^^
  File "/home/cysic/e0f-runtime/dsv4_direct/static_ratio4_kv.py", line 98, in __init__
    self.latent = torch.zeros(
                  ^^^^^^^^^^^^
torch.OutOfMemoryError: CUDA out of memory. Tried to allocate 88.00 MiB. GPU 2 has a total capacity of 23.52 GiB of which 15.88 MiB is free. Including non-PyTorch memory, this process has 23.49 GiB memory in use. Of the allocated memory 22.69 GiB is allocated by PyTorch, and 34.63 MiB is reserved by PyTorch but unallocated. If reserved but unallocated memory is large try setting PYTORCH_CUDA_ALLOC_CONF=expandable_segments:True to avoid fragmentation.  See documentation for Memory Management  (https://docs.pytorch.org/docs/stable/notes/cuda.html#optimizing-memory-usage-with-pytorch-cuda-alloc-conf)

[E1F][rank 3] snapshot states raised:
Traceback (most recent call last):
  File "/home/cysic/e0f-runtime/e1f_full_decode_bench.py", line 210, in synchronized_local_step
    value = fn()
            ^^^^
  File "/home/cysic/e0f-runtime/e1if_interleaved_bench.py", line 656, in snapshot_all
    [clone_state(state) for state in lane.stage.states] for lane in lanes
     ^^^^^^^^^^^^^^^^^^
  File "/home/cysic/e0f-runtime/e1f_full_decode_bench.py", line 242, in clone_state
    result = StaticRatio4KV(
             ^^^^^^^^^^^^^^^
  File "/home/cysic/e0f-runtime/dsv4_direct/static_ratio4_kv.py", line 98, in __init__
    self.latent = torch.zeros(
                  ^^^^^^^^^^^^
torch.OutOfMemoryError: CUDA out of memory. Tried to allocate 88.00 MiB. GPU 3 has a total capacity of 23.52 GiB of which 35.88 MiB is free. Including non-PyTorch memory, this process has 23.47 GiB memory in use. Of the allocated memory 22.69 GiB is allocated by PyTorch, and 34.63 MiB is reserved by PyTorch but unallocated. If reserved but unallocated memory is large try setting PYTORCH_CUDA_ALLOC_CONF=expandable_segments:True to avoid fragmentation.  See documentation for Memory Management  (https://docs.pytorch.org/docs/stable/notes/cuda.html#optimizing-memory-usage-with-pytorch-cuda-alloc-conf)

[E1IF] overall: FAIL
W0720 20:32:04.511000 172280 torch/distributed/elastic/multiprocessing/api.py:1012] Sending process 172371 closing signal SIGTERM
W0720 20:32:04.513000 172280 torch/distributed/elastic/multiprocessing/api.py:1012] Sending process 172372 closing signal SIGTERM
W0720 20:32:04.513000 172280 torch/distributed/elastic/multiprocessing/api.py:1012] Sending process 172374 closing signal SIGTERM
W0720 20:32:04.513000 172280 torch/distributed/elastic/multiprocessing/api.py:1012] Sending process 172375 closing signal SIGTERM
W0720 20:32:04.513000 172280 torch/distributed/elastic/multiprocessing/api.py:1012] Sending process 172376 closing signal SIGTERM
W0720 20:32:04.514000 172280 torch/distributed/elastic/multiprocessing/api.py:1012] Sending process 172377 closing signal SIGTERM
W0720 20:32:04.514000 172280 torch/distributed/elastic/multiprocessing/api.py:1012] Sending process 172378 closing signal SIGTERM
E0720 20:32:05.394000 172280 torch/distributed/elastic/multiprocessing/api.py:986] failed (exitcode: 1) local_rank: 2 (pid: 172373) of binary: /home/cysic/Workspace/venvs/sglang/bin/python3
Traceback (most recent call last):
  File "/home/cysic/Workspace/venvs/sglang/bin/torchrun", line 10, in <module>
    sys.exit(main())
             ^^^^^^
  File "/home/cysic/Workspace/venvs/sglang/lib/python3.12/site-packages/torch/distributed/elastic/multiprocessing/errors/__init__.py", line 362, in wrapper
    return f(*args, **kwargs)
           ^^^^^^^^^^^^^^^^^^
  File "/home/cysic/Workspace/venvs/sglang/lib/python3.12/site-packages/torch/distributed/run.py", line 990, in main
    run(args)
  File "/home/cysic/Workspace/venvs/sglang/lib/python3.12/site-packages/torch/distributed/run.py", line 981, in run
    elastic_launch(
  File "/home/cysic/Workspace/venvs/sglang/lib/python3.12/site-packages/torch/distributed/launcher/api.py", line 170, in __call__
    return launch_agent(self._config, self._entrypoint, list(args))
           ^^^^^^^^^^^^^^^^^^^^^^^^^^^^^^^^^^^^^^^^^^^^^^^^^^^^^^^^
  File "/home/cysic/Workspace/venvs/sglang/lib/python3.12/site-packages/torch/distributed/launcher/api.py", line 317, in launch_agent
    raise ChildFailedError(
torch.distributed.elastic.multiprocessing.errors.ChildFailedError: 
============================================================
e1if_interleaved_bench.py FAILED
------------------------------------------------------------
Failures:
[1]:
  time      : 2026-07-20_20:32:05
  host      : titan064
  rank      : 0 (local_rank: 0)
  exitcode  : 1 (pid: 172371)
  error_file: <N/A>
  traceback : To enable traceback see: https://pytorch.org/docs/stable/elastic/errors.html
[2]:
  time      : 2026-07-20_20:32:05
  host      : titan064
  rank      : 1 (local_rank: 1)
  exitcode  : 1 (pid: 172372)
  error_file: <N/A>
  traceback : To enable traceback see: https://pytorch.org/docs/stable/elastic/errors.html
[3]:
  time      : 2026-07-20_20:32:05
  host      : titan064
  rank      : 3 (local_rank: 3)
  exitcode  : -15 (pid: 172374)
  error_file: <N/A>
  traceback : Signal 15 (SIGTERM) received by PID 172374
[4]:
  time      : 2026-07-20_20:32:05
  host      : titan064
  rank      : 4 (local_rank: 4)
  exitcode  : -15 (pid: 172375)
  error_file: <N/A>
  traceback : Signal 15 (SIGTERM) received by PID 172375
[5]:
  time      : 2026-07-20_20:32:05
  host      : titan064
  rank      : 5 (local_rank: 5)
  exitcode  : -15 (pid: 172376)
  error_file: <N/A>
  traceback : Signal 15 (SIGTERM) received by PID 172376
[6]:
  time      : 2026-07-20_20:32:05
  host      : titan064
  rank      : 6 (local_rank: 6)
  exitcode  : 1 (pid: 172377)
  error_file: <N/A>
  traceback : To enable traceback see: https://pytorch.org/docs/stable/elastic/errors.html
[7]:
  time      : 2026-07-20_20:32:05
  host      : titan064
  rank      : 7 (local_rank: 7)
  exitcode  : 1 (pid: 172378)
  error_file: <N/A>
  traceback : To enable traceback see: https://pytorch.org/docs/stable/elastic/errors.html
------------------------------------------------------------
Root Cause (first observed failure):
[0]:
  time      : 2026-07-20_20:32:04
  host      : titan064
  rank      : 2 (local_rank: 2)
  exitcode  : 1 (pid: 172373)
  error_file: <N/A>
  traceback : To enable traceback see: https://pytorch.org/docs/stable/elastic/errors.html
============================================================
