W0720 17:37:13.521000 146630 torch/distributed/run.py:851] 
W0720 17:37:13.521000 146630 torch/distributed/run.py:851] *****************************************
W0720 17:37:13.521000 146630 torch/distributed/run.py:851] Setting OMP_NUM_THREADS environment variable for each process to be 1 in default, to avoid your system being overloaded, please further tune the variable for optimal performance in your application as needed. 
W0720 17:37:13.521000 146630 torch/distributed/run.py:851] *****************************************
[E1IF] layer=22 rank=0 experts=256/256
[E1IF] stage 2 layer 22 material loaded
[E1IF] layer=33 rank=0 experts=256/256
[E1IF] stage 3 layer 33 material loaded
[E1IF] layer=23 rank=0 experts=256/256
[E1IF] stage 2 layer 23 material loaded
[E1IF] layer=34 rank=0 experts=256/256
[E1IF] stage 3 layer 34 material loaded
[E1IF] layer=24 rank=0 experts=256/256
[E1IF] stage 2 layer 24 material loaded
[E1IF] layer=35 rank=0 experts=256/256
[E1IF] stage 3 layer 35 material loaded
[E1IF] layer=25 rank=0 experts=256/256
[E1IF] stage 2 layer 25 material loaded
[E1IF] layer=36 rank=0 experts=256/256
[E1IF] stage 3 layer 36 material loaded
[E1IF] layer=26 rank=0 experts=256/256
[E1IF] stage 2 layer 26 material loaded
[E1IF] layer=37 rank=0 experts=256/256
[E1IF] stage 3 layer 37 material loaded
[E1IF] layer=27 rank=0 experts=256/256
[E1IF] stage 2 layer 27 material loaded
[E1IF] layer=38 rank=0 experts=256/256
[E1IF] stage 3 layer 38 material loaded
[E1IF] layer=28 rank=0 experts=256/256
[E1IF] stage 2 layer 28 material loaded
[E1IF] layer=39 rank=0 experts=256/256
[E1IF] stage 3 layer 39 material loaded
[E1IF] layer=29 rank=0 experts=256/256
[E1IF] stage 2 layer 29 material loaded
[E1IF] layer=40 rank=0 experts=256/256
[E1IF] stage 3 layer 40 material loaded
[E1IF] layer=30 rank=0 experts=256/256
[E1IF] stage 2 layer 30 material loaded
[E1IF] layer=41 rank=0 experts=256/256
[E1IF] stage 3 layer 41 material loaded
[E1IF] layer=31 rank=0 experts=256/256
[E1IF] stage 2 layer 31 material loaded
[E1IF] layer=42 rank=0 experts=256/256
[E1IF] stage 3 layer 42 material loaded
[E1IF] layer=32 rank=0 experts=256/256
[E1IF] stage 2 layer 32 material loaded
[E1IF] stage 2 loaded (11 layers, free 6.84 GiB, 13s)
[E1IF] stage 3 loaded (10 layers, free 5.31 GiB, 13s)
[E1IF] stage 3 lane mb0 built
[E1IF] stage 3 lane mb1 built
[E1IF] stage 3 lane mb2 built
[E1IF] stage 3 lane mb3 built
[E1IF] stage 2 4 lanes built, free 2.07 GiB
[E1IF] stage 3 4 lanes built, free 2.32 GiB
[E1IF] stage 3 mb0 warm done
[E1IF] stage 3 mb1 warm done
[E1IF] stage 3 mb2 warm done
[E1IF] stage 3 mb3 warm done
[E1IF] stage 2 warmup done (80s, free 2.65 GiB)
[E1IF] stage 3 warmup done (80s, free 2.68 GiB)
[E1IF] stage 3 settle captured mb0/normal at position 8192 (0.1s)
[E1IF] stage 3 settle captured mb1/normal at position 8192 (0.1s)
[E1IF] stage 3 settle captured mb2/normal at position 8192 (0.1s)
[E1IF] stage 3 settle captured mb3/normal at position 8192 (0.1s)
[E1IF] stage 3 settle captured mb0/ratio4_boundary at position 8195 (0.1s)
[E1IF] stage 3 settle captured mb1/ratio4_boundary at position 8195 (0.1s)
[E1IF] stage 3 settle captured mb2/ratio4_boundary at position 8195 (0.1s)
[E1IF] stage 3 settle captured mb3/ratio4_boundary at position 8195 (0.1s)
W0720 17:53:03.842000 146630 torch/distributed/elastic/agent/server/api.py:739] Received 15 death signal, shutting down workers
W0720 17:53:03.846000 146630 torch/distributed/elastic/multiprocessing/api.py:1012] Sending process 146720 closing signal SIGTERM
W0720 17:53:03.847000 146630 torch/distributed/elastic/multiprocessing/api.py:1012] Sending process 146721 closing signal SIGTERM
W0720 17:53:03.848000 146630 torch/distributed/elastic/multiprocessing/api.py:1012] Sending process 146722 closing signal SIGTERM
W0720 17:53:03.848000 146630 torch/distributed/elastic/multiprocessing/api.py:1012] Sending process 146723 closing signal SIGTERM
W0720 17:53:03.848000 146630 torch/distributed/elastic/multiprocessing/api.py:1012] Sending process 146724 closing signal SIGTERM
W0720 17:53:03.848000 146630 torch/distributed/elastic/multiprocessing/api.py:1012] Sending process 146725 closing signal SIGTERM
W0720 17:53:03.848000 146630 torch/distributed/elastic/multiprocessing/api.py:1012] Sending process 146726 closing signal SIGTERM
W0720 17:53:03.848000 146630 torch/distributed/elastic/multiprocessing/api.py:1012] Sending process 146727 closing signal SIGTERM
Traceback (most recent call last):
  File "/home/cysic/Workspace/venvs/sglang/bin/torchrun", line 10, in <module>
    sys.exit(main())
             ^^^^^^
  File "/home/cysic/Workspace/venvs/sglang/lib/python3.12/site-packages/torch/distributed/elastic/multiprocessing/errors/__init__.py", line 362, in wrapper
    return f(*args, **kwargs)
           ^^^^^^^^^^^^^^^^^^
  File "/home/cysic/Workspace/venvs/sglang/lib/python3.12/site-packages/torch/distributed/run.py", line 990, in main
    run(args)
  File "/home/cysic/Workspace/venvs/sglang/lib/python3.12/site-packages/torch/distributed/run.py", line 981, in run
    elastic_launch(
  File "/home/cysic/Workspace/venvs/sglang/lib/python3.12/site-packages/torch/distributed/launcher/api.py", line 170, in __call__
    return launch_agent(self._config, self._entrypoint, list(args))
           ^^^^^^^^^^^^^^^^^^^^^^^^^^^^^^^^^^^^^^^^^^^^^^^^^^^^^^^^
  File "/home/cysic/Workspace/venvs/sglang/lib/python3.12/site-packages/torch/distributed/launcher/api.py", line 308, in launch_agent
    result = agent.run()
             ^^^^^^^^^^^
  File "/home/cysic/Workspace/venvs/sglang/lib/python3.12/site-packages/torch/distributed/elastic/metrics/api.py", line 134, in wrapper
    result = f(*args, **kwargs)
             ^^^^^^^^^^^^^^^^^^
  File "/home/cysic/Workspace/venvs/sglang/lib/python3.12/site-packages/torch/distributed/elastic/agent/server/api.py", line 731, in run
    result = self._invoke_run(role)
             ^^^^^^^^^^^^^^^^^^^^^^
  File "/home/cysic/Workspace/venvs/sglang/lib/python3.12/site-packages/torch/distributed/elastic/agent/server/api.py", line 908, in _invoke_run
    time.sleep(monitor_interval)
  File "/home/cysic/Workspace/venvs/sglang/lib/python3.12/site-packages/torch/distributed/elastic/multiprocessing/api.py", line 86, in _terminate_process_handler
    raise SignalException(f"Process {os.getpid()} got signal: {sigval}", sigval=sigval)
torch.distributed.elastic.multiprocessing.api.SignalException: Process 146630 got signal: 15
