W0720 17:20:48.017000 166859 torch/distributed/run.py:851] 
W0720 17:20:48.017000 166859 torch/distributed/run.py:851] *****************************************
W0720 17:20:48.017000 166859 torch/distributed/run.py:851] Setting OMP_NUM_THREADS environment variable for each process to be 1 in default, to avoid your system being overloaded, please further tune the variable for optimal performance in your application as needed. 
W0720 17:20:48.017000 166859 torch/distributed/run.py:851] *****************************************
[E1IF] placement {0: ['titan064'], 1: ['titan064'], 2: ['titan065'], 3: ['titan065']}
[E1IF] layer=11 rank=0 experts=256/256
[E1IF] stage 1 layer 11 material loaded
[E1IF] layer=0 rank=0 experts=256/256
[E1IF] stage 0 layer 0 material loaded
[E1IF] layer=12 rank=0 experts=256/256
[E1IF] stage 1 layer 12 material loaded
[E1IF] layer=1 rank=0 experts=256/256
[E1IF] stage 0 layer 1 material loaded
[E1IF] layer=13 rank=0 experts=256/256
[E1IF] stage 1 layer 13 material loaded
[E1IF] layer=2 rank=0 experts=256/256
[E1IF] stage 0 layer 2 material loaded
[E1IF] layer=14 rank=0 experts=256/256
[E1IF] stage 1 layer 14 material loaded
[E1IF] layer=3 rank=0 experts=256/256
[E1IF] stage 0 layer 3 material loaded
[E1IF] layer=15 rank=0 experts=256/256
[E1IF] layer=4 rank=0 experts=256/256
[E1IF] stage 1 layer 15 material loaded
[E1IF] stage 0 layer 4 material loaded
[E1IF] layer=5 rank=0 experts=256/256
[E1IF] layer=16 rank=0 experts=256/256
[E1IF] stage 0 layer 5 material loaded
[E1IF] stage 1 layer 16 material loaded
[E1IF] layer=6 rank=0 experts=256/256
[E1IF] stage 0 layer 6 material loaded
[E1IF] layer=17 rank=0 experts=256/256
[E1IF] stage 1 layer 17 material loaded
[E1IF] layer=7 rank=0 experts=256/256
[E1IF] stage 0 layer 7 material loaded
[E1IF] layer=18 rank=0 experts=256/256
[E1IF] stage 1 layer 18 material loaded
[E1IF] layer=8 rank=0 experts=256/256
[E1IF] stage 0 layer 8 material loaded
[E1IF] layer=19 rank=0 experts=256/256
[E1IF] stage 1 layer 19 material loaded
[E1IF] layer=9 rank=0 experts=256/256
[E1IF] stage 0 layer 9 material loaded
[E1IF] layer=20 rank=0 experts=256/256
[E1IF] stage 1 layer 20 material loaded
[E1IF] layer=10 rank=0 experts=256/256
[E1IF] stage 0 layer 10 material loaded
[E1IF] layer=21 rank=0 experts=256/256
[E1IF] stage 1 layer 21 material loaded
[E1IF] stage 1 loaded (11 layers, free 5.28 GiB, 13s)
[E1IF] stage 0 loaded (11 layers, free 4.37 GiB, 13s)
[E1IF] stage 0 lane mb0 built
[E1IF] stage 0 lane mb1 built
[E1IF] stage 0 lane mb2 built
[E1IF] stage 0 lane mb3 built
[E1IF] stage 1 4 lanes built, free 1.88 GiB
[E1IF] stage 0 4 lanes built, free 1.35 GiB
[E1F][rank 3] warmups raised:
Traceback (most recent call last):
  File "/home/cysic/e0f-runtime/e1f_full_decode_bench.py", line 210, in synchronized_local_step
    value = fn()
            ^^^^
  File "/home/cysic/e0f-runtime/e1if_interleaved_bench.py", line 667, in warmup_all
    run_warm_cycle(lane)
  File "/home/cysic/e0f-runtime/e1if_interleaved_bench.py", line 648, in run_warm_cycle
    forward_eager_prevalidated(
  File "/home/cysic/e0f-runtime/e1f_full_decode_bench.py", line 555, in forward_eager_prevalidated
    output = stage._forward_stateful_fused_chain(
             ^^^^^^^^^^^^^^^^^^^^^^^^^^^^^^^^^^^^
  File "/home/cysic/e0f-runtime/dsv4_direct/superstage.py", line 1421, in _forward_stateful_fused_chain
    branch_output = block.run_stateful_attention(
                    ^^^^^^^^^^^^^^^^^^^^^^^^^^^^^
  File "/home/cysic/e0f-runtime/dsv4_direct/block.py", line 789, in run_stateful_attention
    return self.attention.forward_stateful_decode_tensor(
           ^^^^^^^^^^^^^^^^^^^^^^^^^^^^^^^^^^^^^^^^^^^^^^
  File "/home/cysic/e0f-runtime/dsv4_direct/ratio4_attention.py", line 1134, in forward_stateful_decode_tensor
    "bshd,bskd->bshk", query.float(), selected.float()
                                      ^^^^^^^^^^^^^^^^
torch.OutOfMemoryError: CUDA out of memory. Tried to allocate 120.00 MiB. GPU 3 has a total capacity of 23.52 GiB of which 95.88 MiB is free. Including non-PyTorch memory, this process has 23.42 GiB memory in use. Of the allocated memory 22.55 GiB is allocated by PyTorch, and 104.26 MiB is reserved by PyTorch but unallocated. If reserved but unallocated memory is large try setting PYTORCH_CUDA_ALLOC_CONF=expandable_segments:True to avoid fragmentation.  See documentation for Memory Management  (https://docs.pytorch.org/docs/stable/notes/cuda.html#optimizing-memory-usage-with-pytorch-cuda-alloc-conf)

[E1F][rank 2] warmups raised:
Traceback (most recent call last):
  File "/home/cysic/e0f-runtime/e1f_full_decode_bench.py", line 210, in synchronized_local_step
    value = fn()
            ^^^^
  File "/home/cysic/e0f-runtime/e1if_interleaved_bench.py", line 667, in warmup_all
    run_warm_cycle(lane)
  File "/home/cysic/e0f-runtime/e1if_interleaved_bench.py", line 648, in run_warm_cycle
    forward_eager_prevalidated(
  File "/home/cysic/e0f-runtime/e1f_full_decode_bench.py", line 555, in forward_eager_prevalidated
    output = stage._forward_stateful_fused_chain(
             ^^^^^^^^^^^^^^^^^^^^^^^^^^^^^^^^^^^^
  File "/home/cysic/e0f-runtime/dsv4_direct/superstage.py", line 1421, in _forward_stateful_fused_chain
    branch_output = block.run_stateful_attention(
                    ^^^^^^^^^^^^^^^^^^^^^^^^^^^^^
  File "/home/cysic/e0f-runtime/dsv4_direct/block.py", line 789, in run_stateful_attention
    return self.attention.forward_stateful_decode_tensor(
           ^^^^^^^^^^^^^^^^^^^^^^^^^^^^^^^^^^^^^^^^^^^^^^
  File "/home/cysic/e0f-runtime/dsv4_direct/ratio4_attention.py", line 1134, in forward_stateful_decode_tensor
    "bshd,bskd->bshk", query.float(), selected.float()
                                      ^^^^^^^^^^^^^^^^
torch.OutOfMemoryError: CUDA out of memory. Tried to allocate 120.00 MiB. GPU 2 has a total capacity of 23.52 GiB of which 57.88 MiB is free. Including non-PyTorch memory, this process has 23.45 GiB memory in use. Of the allocated memory 22.55 GiB is allocated by PyTorch, and 122.26 MiB is reserved by PyTorch but unallocated. If reserved but unallocated memory is large try setting PYTORCH_CUDA_ALLOC_CONF=expandable_segments:True to avoid fragmentation.  See documentation for Memory Management  (https://docs.pytorch.org/docs/stable/notes/cuda.html#optimizing-memory-usage-with-pytorch-cuda-alloc-conf)

[E1F][rank 1] warmups raised:
Traceback (most recent call last):
  File "/home/cysic/e0f-runtime/e1f_full_decode_bench.py", line 210, in synchronized_local_step
    value = fn()
            ^^^^
  File "/home/cysic/e0f-runtime/e1if_interleaved_bench.py", line 667, in warmup_all
    run_warm_cycle(lane)
  File "/home/cysic/e0f-runtime/e1if_interleaved_bench.py", line 648, in run_warm_cycle
    forward_eager_prevalidated(
  File "/home/cysic/e0f-runtime/e1f_full_decode_bench.py", line 555, in forward_eager_prevalidated
    output = stage._forward_stateful_fused_chain(
             ^^^^^^^^^^^^^^^^^^^^^^^^^^^^^^^^^^^^
  File "/home/cysic/e0f-runtime/dsv4_direct/superstage.py", line 1421, in _forward_stateful_fused_chain
    branch_output = block.run_stateful_attention(
                    ^^^^^^^^^^^^^^^^^^^^^^^^^^^^^
  File "/home/cysic/e0f-runtime/dsv4_direct/block.py", line 789, in run_stateful_attention
    return self.attention.forward_stateful_decode_tensor(
           ^^^^^^^^^^^^^^^^^^^^^^^^^^^^^^^^^^^^^^^^^^^^^^
  File "/home/cysic/e0f-runtime/dsv4_direct/ratio4_attention.py", line 1134, in forward_stateful_decode_tensor
    "bshd,bskd->bshk", query.float(), selected.float()
                                      ^^^^^^^^^^^^^^^^
torch.OutOfMemoryError: CUDA out of memory. Tried to allocate 120.00 MiB. GPU 1 has a total capacity of 23.52 GiB of which 57.88 MiB is free. Including non-PyTorch memory, this process has 23.45 GiB memory in use. Of the allocated memory 22.55 GiB is allocated by PyTorch, and 122.26 MiB is reserved by PyTorch but unallocated. If reserved but unallocated memory is large try setting PYTORCH_CUDA_ALLOC_CONF=expandable_segments:True to avoid fragmentation.  See documentation for Memory Management  (https://docs.pytorch.org/docs/stable/notes/cuda.html#optimizing-memory-usage-with-pytorch-cuda-alloc-conf)

[E1F][rank 0] warmups raised:
Traceback (most recent call last):
  File "/home/cysic/e0f-runtime/e1f_full_decode_bench.py", line 210, in synchronized_local_step
    value = fn()
            ^^^^
  File "/home/cysic/e0f-runtime/e1if_interleaved_bench.py", line 667, in warmup_all
    run_warm_cycle(lane)
  File "/home/cysic/e0f-runtime/e1if_interleaved_bench.py", line 648, in run_warm_cycle
    forward_eager_prevalidated(
  File "/home/cysic/e0f-runtime/e1f_full_decode_bench.py", line 555, in forward_eager_prevalidated
    output = stage._forward_stateful_fused_chain(
             ^^^^^^^^^^^^^^^^^^^^^^^^^^^^^^^^^^^^
  File "/home/cysic/e0f-runtime/dsv4_direct/superstage.py", line 1421, in _forward_stateful_fused_chain
    branch_output = block.run_stateful_attention(
                    ^^^^^^^^^^^^^^^^^^^^^^^^^^^^^
  File "/home/cysic/e0f-runtime/dsv4_direct/block.py", line 789, in run_stateful_attention
    return self.attention.forward_stateful_decode_tensor(
           ^^^^^^^^^^^^^^^^^^^^^^^^^^^^^^^^^^^^^^^^^^^^^^
  File "/home/cysic/e0f-runtime/dsv4_direct/ratio4_attention.py", line 1134, in forward_stateful_decode_tensor
    "bshd,bskd->bshk", query.float(), selected.float()
                                      ^^^^^^^^^^^^^^^^
torch.OutOfMemoryError: CUDA out of memory. Tried to allocate 120.00 MiB. GPU 0 has a total capacity of 23.52 GiB of which 57.88 MiB is free. Including non-PyTorch memory, this process has 23.45 GiB memory in use. Of the allocated memory 22.55 GiB is allocated by PyTorch, and 122.26 MiB is reserved by PyTorch but unallocated. If reserved but unallocated memory is large try setting PYTORCH_CUDA_ALLOC_CONF=expandable_segments:True to avoid fragmentation.  See documentation for Memory Management  (https://docs.pytorch.org/docs/stable/notes/cuda.html#optimizing-memory-usage-with-pytorch-cuda-alloc-conf)

[E1F][rank 6] warmups raised:
Traceback (most recent call last):
  File "/home/cysic/e0f-runtime/e1f_full_decode_bench.py", line 210, in synchronized_local_step
    value = fn()
            ^^^^
  File "/home/cysic/e0f-runtime/e1if_interleaved_bench.py", line 670, in warmup_all
    run_warm_cycle(lane, moe_slots=lane.moe_slots)
  File "/home/cysic/e0f-runtime/e1if_interleaved_bench.py", line 648, in run_warm_cycle
    forward_eager_prevalidated(
  File "/home/cysic/e0f-runtime/e1f_full_decode_bench.py", line 555, in forward_eager_prevalidated
    output = stage._forward_stateful_fused_chain(
             ^^^^^^^^^^^^^^^^^^^^^^^^^^^^^^^^^^^^
  File "/home/cysic/e0f-runtime/dsv4_direct/superstage.py", line 1421, in _forward_stateful_fused_chain
    branch_output = block.run_stateful_attention(
                    ^^^^^^^^^^^^^^^^^^^^^^^^^^^^^
  File "/home/cysic/e0f-runtime/dsv4_direct/block.py", line 789, in run_stateful_attention
    return self.attention.forward_stateful_decode_tensor(
           ^^^^^^^^^^^^^^^^^^^^^^^^^^^^^^^^^^^^^^^^^^^^^^
  File "/home/cysic/e0f-runtime/dsv4_direct/ratio4_attention.py", line 1145, in forward_stateful_decode_tensor
    "bshk,bskd->bshd", exponent / denominator, selected.float()
                                               ^^^^^^^^^^^^^^^^
torch.OutOfMemoryError: CUDA out of memory. Tried to allocate 120.00 MiB. GPU 6 has a total capacity of 23.52 GiB of which 51.88 MiB is free. Including non-PyTorch memory, this process has 23.46 GiB memory in use. Of the allocated memory 22.41 GiB is allocated by PyTorch, and 253.05 MiB is reserved by PyTorch but unallocated. If reserved but unallocated memory is large try setting PYTORCH_CUDA_ALLOC_CONF=expandable_segments:True to avoid fragmentation.  See documentation for Memory Management  (https://docs.pytorch.org/docs/stable/notes/cuda.html#optimizing-memory-usage-with-pytorch-cuda-alloc-conf)

[E1F][rank 4] warmups raised:
Traceback (most recent call last):
  File "/home/cysic/e0f-runtime/e1f_full_decode_bench.py", line 210, in synchronized_local_step
    value = fn()
            ^^^^
  File "/home/cysic/e0f-runtime/e1if_interleaved_bench.py", line 670, in warmup_all
    run_warm_cycle(lane, moe_slots=lane.moe_slots)
  File "/home/cysic/e0f-runtime/e1if_interleaved_bench.py", line 648, in run_warm_cycle
    forward_eager_prevalidated(
  File "/home/cysic/e0f-runtime/e1f_full_decode_bench.py", line 555, in forward_eager_prevalidated
    output = stage._forward_stateful_fused_chain(
             ^^^^^^^^^^^^^^^^^^^^^^^^^^^^^^^^^^^^
  File "/home/cysic/e0f-runtime/dsv4_direct/superstage.py", line 1421, in _forward_stateful_fused_chain
    branch_output = block.run_stateful_attention(
                    ^^^^^^^^^^^^^^^^^^^^^^^^^^^^^
  File "/home/cysic/e0f-runtime/dsv4_direct/block.py", line 789, in run_stateful_attention
    return self.attention.forward_stateful_decode_tensor(
           ^^^^^^^^^^^^^^^^^^^^^^^^^^^^^^^^^^^^^^^^^^^^^^
  File "/home/cysic/e0f-runtime/dsv4_direct/ratio4_attention.py", line 1145, in forward_stateful_decode_tensor
    "bshk,bskd->bshd", exponent / denominator, selected.float()
                                               ^^^^^^^^^^^^^^^^
torch.OutOfMemoryError: CUDA out of memory. Tried to allocate 120.00 MiB. GPU 4 has a total capacity of 23.52 GiB of which 55.88 MiB is free. Including non-PyTorch memory, this process has 23.46 GiB memory in use. Of the allocated memory 22.41 GiB is allocated by PyTorch, and 253.05 MiB is reserved by PyTorch but unallocated. If reserved but unallocated memory is large try setting PYTORCH_CUDA_ALLOC_CONF=expandable_segments:True to avoid fragmentation.  See documentation for Memory Management  (https://docs.pytorch.org/docs/stable/notes/cuda.html#optimizing-memory-usage-with-pytorch-cuda-alloc-conf)

[E1F][rank 5] warmups raised:
Traceback (most recent call last):
  File "/home/cysic/e0f-runtime/e1f_full_decode_bench.py", line 210, in synchronized_local_step
    value = fn()
            ^^^^
  File "/home/cysic/e0f-runtime/e1if_interleaved_bench.py", line 670, in warmup_all
    run_warm_cycle(lane, moe_slots=lane.moe_slots)
  File "/home/cysic/e0f-runtime/e1if_interleaved_bench.py", line 648, in run_warm_cycle
    forward_eager_prevalidated(
  File "/home/cysic/e0f-runtime/e1f_full_decode_bench.py", line 555, in forward_eager_prevalidated
    output = stage._forward_stateful_fused_chain(
             ^^^^^^^^^^^^^^^^^^^^^^^^^^^^^^^^^^^^
  File "/home/cysic/e0f-runtime/dsv4_direct/superstage.py", line 1421, in _forward_stateful_fused_chain
    branch_output = block.run_stateful_attention(
                    ^^^^^^^^^^^^^^^^^^^^^^^^^^^^^
  File "/home/cysic/e0f-runtime/dsv4_direct/block.py", line 789, in run_stateful_attention
    return self.attention.forward_stateful_decode_tensor(
           ^^^^^^^^^^^^^^^^^^^^^^^^^^^^^^^^^^^^^^^^^^^^^^
  File "/home/cysic/e0f-runtime/dsv4_direct/ratio4_attention.py", line 1145, in forward_stateful_decode_tensor
    "bshk,bskd->bshd", exponent / denominator, selected.float()
                                               ^^^^^^^^^^^^^^^^
torch.OutOfMemoryError: CUDA out of memory. Tried to allocate 120.00 MiB. GPU 5 has a total capacity of 23.52 GiB of which 51.88 MiB is free. Including non-PyTorch memory, this process has 23.46 GiB memory in use. Of the allocated memory 22.41 GiB is allocated by PyTorch, and 253.05 MiB is reserved by PyTorch but unallocated. If reserved but unallocated memory is large try setting PYTORCH_CUDA_ALLOC_CONF=expandable_segments:True to avoid fragmentation.  See documentation for Memory Management  (https://docs.pytorch.org/docs/stable/notes/cuda.html#optimizing-memory-usage-with-pytorch-cuda-alloc-conf)

[E1F][rank 7] warmups raised:
Traceback (most recent call last):
  File "/home/cysic/e0f-runtime/e1f_full_decode_bench.py", line 210, in synchronized_local_step
    value = fn()
            ^^^^
  File "/home/cysic/e0f-runtime/e1if_interleaved_bench.py", line 670, in warmup_all
    run_warm_cycle(lane, moe_slots=lane.moe_slots)
  File "/home/cysic/e0f-runtime/e1if_interleaved_bench.py", line 648, in run_warm_cycle
    forward_eager_prevalidated(
  File "/home/cysic/e0f-runtime/e1f_full_decode_bench.py", line 555, in forward_eager_prevalidated
    output = stage._forward_stateful_fused_chain(
             ^^^^^^^^^^^^^^^^^^^^^^^^^^^^^^^^^^^^
  File "/home/cysic/e0f-runtime/dsv4_direct/superstage.py", line 1421, in _forward_stateful_fused_chain
    branch_output = block.run_stateful_attention(
                    ^^^^^^^^^^^^^^^^^^^^^^^^^^^^^
  File "/home/cysic/e0f-runtime/dsv4_direct/block.py", line 789, in run_stateful_attention
    return self.attention.forward_stateful_decode_tensor(
           ^^^^^^^^^^^^^^^^^^^^^^^^^^^^^^^^^^^^^^^^^^^^^^
  File "/home/cysic/e0f-runtime/dsv4_direct/ratio4_attention.py", line 1145, in forward_stateful_decode_tensor
    "bshk,bskd->bshd", exponent / denominator, selected.float()
                                               ^^^^^^^^^^^^^^^^
torch.OutOfMemoryError: CUDA out of memory. Tried to allocate 120.00 MiB. GPU 7 has a total capacity of 23.52 GiB of which 51.88 MiB is free. Including non-PyTorch memory, this process has 23.46 GiB memory in use. Of the allocated memory 22.41 GiB is allocated by PyTorch, and 253.05 MiB is reserved by PyTorch but unallocated. If reserved but unallocated memory is large try setting PYTORCH_CUDA_ALLOC_CONF=expandable_segments:True to avoid fragmentation.  See documentation for Memory Management  (https://docs.pytorch.org/docs/stable/notes/cuda.html#optimizing-memory-usage-with-pytorch-cuda-alloc-conf)

[E1IF] overall: FAIL
W0720 17:28:00.917000 166859 torch/distributed/elastic/multiprocessing/api.py:1012] Sending process 166950 closing signal SIGTERM
W0720 17:28:00.919000 166859 torch/distributed/elastic/multiprocessing/api.py:1012] Sending process 166952 closing signal SIGTERM
W0720 17:28:00.920000 166859 torch/distributed/elastic/multiprocessing/api.py:1012] Sending process 166953 closing signal SIGTERM
W0720 17:28:00.920000 166859 torch/distributed/elastic/multiprocessing/api.py:1012] Sending process 166954 closing signal SIGTERM
W0720 17:28:00.920000 166859 torch/distributed/elastic/multiprocessing/api.py:1012] Sending process 166955 closing signal SIGTERM
W0720 17:28:00.921000 166859 torch/distributed/elastic/multiprocessing/api.py:1012] Sending process 166956 closing signal SIGTERM
W0720 17:28:00.921000 166859 torch/distributed/elastic/multiprocessing/api.py:1012] Sending process 166957 closing signal SIGTERM
E0720 17:28:02.016000 166859 torch/distributed/elastic/multiprocessing/api.py:986] failed (exitcode: 1) local_rank: 1 (pid: 166951) of binary: /home/cysic/Workspace/venvs/sglang/bin/python3
Traceback (most recent call last):
  File "/home/cysic/Workspace/venvs/sglang/bin/torchrun", line 10, in <module>
    sys.exit(main())
             ^^^^^^
  File "/home/cysic/Workspace/venvs/sglang/lib/python3.12/site-packages/torch/distributed/elastic/multiprocessing/errors/__init__.py", line 362, in wrapper
    return f(*args, **kwargs)
           ^^^^^^^^^^^^^^^^^^
  File "/home/cysic/Workspace/venvs/sglang/lib/python3.12/site-packages/torch/distributed/run.py", line 990, in main
    run(args)
  File "/home/cysic/Workspace/venvs/sglang/lib/python3.12/site-packages/torch/distributed/run.py", line 981, in run
    elastic_launch(
  File "/home/cysic/Workspace/venvs/sglang/lib/python3.12/site-packages/torch/distributed/launcher/api.py", line 170, in __call__
    return launch_agent(self._config, self._entrypoint, list(args))
           ^^^^^^^^^^^^^^^^^^^^^^^^^^^^^^^^^^^^^^^^^^^^^^^^^^^^^^^^
  File "/home/cysic/Workspace/venvs/sglang/lib/python3.12/site-packages/torch/distributed/launcher/api.py", line 317, in launch_agent
    raise ChildFailedError(
torch.distributed.elastic.multiprocessing.errors.ChildFailedError: 
============================================================
e1if_interleaved_bench.py FAILED
------------------------------------------------------------
Failures:
[1]:
  time      : 2026-07-20_17:28:02
  host      : titan064
  rank      : 0 (local_rank: 0)
  exitcode  : 1 (pid: 166950)
  error_file: <N/A>
  traceback : To enable traceback see: https://pytorch.org/docs/stable/elastic/errors.html
[2]:
  time      : 2026-07-20_17:28:02
  host      : titan064
  rank      : 2 (local_rank: 2)
  exitcode  : 1 (pid: 166952)
  error_file: <N/A>
  traceback : To enable traceback see: https://pytorch.org/docs/stable/elastic/errors.html
[3]:
  time      : 2026-07-20_17:28:02
  host      : titan064
  rank      : 3 (local_rank: 3)
  exitcode  : 1 (pid: 166953)
  error_file: <N/A>
  traceback : To enable traceback see: https://pytorch.org/docs/stable/elastic/errors.html
[4]:
  time      : 2026-07-20_17:28:02
  host      : titan064
  rank      : 4 (local_rank: 4)
  exitcode  : -15 (pid: 166954)
  error_file: <N/A>
  traceback : Signal 15 (SIGTERM) received by PID 166954
[5]:
  time      : 2026-07-20_17:28:02
  host      : titan064
  rank      : 5 (local_rank: 5)
  exitcode  : -15 (pid: 166955)
  error_file: <N/A>
  traceback : Signal 15 (SIGTERM) received by PID 166955
[6]:
  time      : 2026-07-20_17:28:02
  host      : titan064
  rank      : 6 (local_rank: 6)
  exitcode  : -15 (pid: 166956)
  error_file: <N/A>
  traceback : Signal 15 (SIGTERM) received by PID 166956
[7]:
  time      : 2026-07-20_17:28:02
  host      : titan064
  rank      : 7 (local_rank: 7)
  exitcode  : -15 (pid: 166957)
  error_file: <N/A>
  traceback : Signal 15 (SIGTERM) received by PID 166957
------------------------------------------------------------
Root Cause (first observed failure):
[0]:
  time      : 2026-07-20_17:28:00
  host      : titan064
  rank      : 1 (local_rank: 1)
  exitcode  : 1 (pid: 166951)
  error_file: <N/A>
  traceback : To enable traceback see: https://pytorch.org/docs/stable/elastic/errors.html
============================================================
