W0721 03:54:46.667000 196041 torch/distributed/run.py:851] 
W0721 03:54:46.667000 196041 torch/distributed/run.py:851] *****************************************
W0721 03:54:46.667000 196041 torch/distributed/run.py:851] Setting OMP_NUM_THREADS environment variable for each process to be 1 in default, to avoid your system being overloaded, please further tune the variable for optimal performance in your application as needed. 
W0721 03:54:46.667000 196041 torch/distributed/run.py:851] *****************************************
layer=11 rank=0 experts=128/256
layer=11 rank=0 experts=256/256
stage 1 layer 11 material loaded
layer=12 rank=0 experts=128/256
layer=12 rank=0 experts=256/256
stage 1 layer 12 material loaded
layer=13 rank=0 experts=128/256
layer=13 rank=0 experts=256/256
stage 1 layer 13 material loaded
layer=14 rank=0 experts=128/256
layer=14 rank=0 experts=256/256
stage 1 layer 14 material loaded
layer=15 rank=0 experts=128/256
layer=15 rank=0 experts=256/256
stage 1 layer 15 material loaded
layer=16 rank=0 experts=128/256
layer=16 rank=0 experts=256/256
stage 1 layer 16 material loaded
layer=17 rank=0 experts=128/256
layer=17 rank=0 experts=256/256
stage 1 layer 17 material loaded
layer=18 rank=0 experts=128/256
layer=18 rank=0 experts=256/256
stage 1 layer 18 material loaded
layer=19 rank=0 experts=128/256
layer=19 rank=0 experts=256/256
stage 1 layer 19 material loaded
layer=20 rank=0 experts=128/256
layer=20 rank=0 experts=256/256
stage 1 layer 20 material loaded
layer=21 rank=0 experts=128/256
layer=21 rank=0 experts=256/256
stage 1 layer 21 material loaded
iter 0 (warmup): 2576.7 ms
iter 1 (warmup): 728.1 ms
iter 2 (timed): 727.6 ms
iter 3 (timed): 727.5 ms
iter 4 (timed): 728.1 ms
iter 5 (timed): 726.6 ms
iter 6 (timed): 725.2 ms
{
  "chunk": 2048,
  "moe_mode": "w4a8",
  "indexer": "fused",
  "wall_p50_s": 0.7275239790324122,
  "input_tok_s_per_stage_dp4": 11260.109956643828,
  "ok": [
    true,
    true,
    true,
    true
  ]
}
