PYTORCH_CUDA_ALLOC_CONF=[expandable_segments:True] NCCL_P2P_LEVEL=[SYS]
===== round 1 total=16384 seg=1024 =====
W0721 07:25:59.378000 228300 torch/distributed/run.py:851] 
W0721 07:25:59.378000 228300 torch/distributed/run.py:851] *****************************************
W0721 07:25:59.378000 228300 torch/distributed/run.py:851] Setting OMP_NUM_THREADS environment variable for each process to be 1 in default, to avoid your system being overloaded, please further tune the variable for optimal performance in your application as needed. 
W0721 07:25:59.378000 228300 torch/distributed/run.py:851] *****************************************
layer=11 rank=0 experts=128/256
layer=11 rank=0 experts=256/256
stage 1 layer 11 material loaded
layer=12 rank=0 experts=128/256
layer=12 rank=0 experts=256/256
stage 1 layer 12 material loaded
layer=13 rank=0 experts=128/256
layer=13 rank=0 experts=256/256
stage 1 layer 13 material loaded
layer=14 rank=0 experts=128/256
layer=14 rank=0 experts=256/256
stage 1 layer 14 material loaded
layer=15 rank=0 experts=128/256
layer=15 rank=0 experts=256/256
stage 1 layer 15 material loaded
layer=16 rank=0 experts=128/256
layer=16 rank=0 experts=256/256
stage 1 layer 16 material loaded
layer=17 rank=0 experts=128/256
layer=17 rank=0 experts=256/256
stage 1 layer 17 material loaded
layer=18 rank=0 experts=128/256
layer=18 rank=0 experts=256/256
stage 1 layer 18 material loaded
layer=19 rank=0 experts=128/256
layer=19 rank=0 experts=256/256
stage 1 layer 19 material loaded
layer=20 rank=0 experts=128/256
layer=20 rank=0 experts=256/256
stage 1 layer 20 material loaded
layer=21 rank=0 experts=128/256
layer=21 rank=0 experts=256/256
stage 1 layer 21 material loaded
iter 0 (warmup): 6636.9 ms
iter 1 (warmup): 2733.1 ms
iter 2 (timed): 2723.7 ms
iter 3 (timed): 2723.5 ms
iter 4 (timed): 2729.4 ms
iter 5 (timed): 2728.1 ms
iter 6 (timed): 2727.6 ms
{
  "chunk": 16384,
  "prefill_chunk": 1024,
  "prefill_forwards": 16,
  "segment_lengths": [
    1024,
    1024,
    1024,
    1024,
    1024,
    1024,
    1024,
    1024,
    1024,
    1024,
    1024,
    1024,
    1024,
    1024,
    1024,
    1024
  ],
  "moe_mode": "w4a8",
  "indexer": "fused",
  "wall_p50_s": 2.7276014271192253,
  "input_tok_s_per_stage_dp4": 24026.970857401364,
  "ok": [
    true,
    true,
    true,
    true
  ]
}
===== round 1 total=16384 seg=2048 =====
W0721 07:26:47.954000 228500 torch/distributed/run.py:851] 
W0721 07:26:47.954000 228500 torch/distributed/run.py:851] *****************************************
W0721 07:26:47.954000 228500 torch/distributed/run.py:851] Setting OMP_NUM_THREADS environment variable for each process to be 1 in default, to avoid your system being overloaded, please further tune the variable for optimal performance in your application as needed. 
W0721 07:26:47.954000 228500 torch/distributed/run.py:851] *****************************************
layer=11 rank=0 experts=128/256
layer=11 rank=0 experts=256/256
stage 1 layer 11 material loaded
layer=12 rank=0 experts=128/256
layer=12 rank=0 experts=256/256
stage 1 layer 12 material loaded
layer=13 rank=0 experts=128/256
layer=13 rank=0 experts=256/256
stage 1 layer 13 material loaded
layer=14 rank=0 experts=128/256
layer=14 rank=0 experts=256/256
stage 1 layer 14 material loaded
layer=15 rank=0 experts=128/256
layer=15 rank=0 experts=256/256
stage 1 layer 15 material loaded
layer=16 rank=0 experts=128/256
layer=16 rank=0 experts=256/256
stage 1 layer 16 material loaded
layer=17 rank=0 experts=128/256
layer=17 rank=0 experts=256/256
stage 1 layer 17 material loaded
layer=18 rank=0 experts=128/256
layer=18 rank=0 experts=256/256
stage 1 layer 18 material loaded
layer=19 rank=0 experts=128/256
layer=19 rank=0 experts=256/256
stage 1 layer 19 material loaded
layer=20 rank=0 experts=128/256
layer=20 rank=0 experts=256/256
stage 1 layer 20 material loaded
layer=21 rank=0 experts=128/256
layer=21 rank=0 experts=256/256
stage 1 layer 21 material loaded
iter 0 (warmup): 6496.3 ms
iter 1 (warmup): 2695.0 ms
iter 2 (timed): 2693.1 ms
iter 3 (timed): 2692.3 ms
iter 4 (timed): 2694.7 ms
iter 5 (timed): 2696.1 ms
iter 6 (timed): 2698.9 ms
{
  "chunk": 16384,
  "prefill_chunk": 2048,
  "prefill_forwards": 8,
  "segment_lengths": [
    2048,
    2048,
    2048,
    2048,
    2048,
    2048,
    2048,
    2048
  ],
  "moe_mode": "w4a8",
  "indexer": "fused",
  "wall_p50_s": 2.694749942049384,
  "input_tok_s_per_stage_dp4": 24319.881773579044,
  "ok": [
    true,
    true,
    true,
    true
  ]
}
===== round 2 total=16384 seg=1024 =====
W0721 07:27:34.860000 228699 torch/distributed/run.py:851] 
W0721 07:27:34.860000 228699 torch/distributed/run.py:851] *****************************************
W0721 07:27:34.860000 228699 torch/distributed/run.py:851] Setting OMP_NUM_THREADS environment variable for each process to be 1 in default, to avoid your system being overloaded, please further tune the variable for optimal performance in your application as needed. 
W0721 07:27:34.860000 228699 torch/distributed/run.py:851] *****************************************
layer=11 rank=0 experts=128/256
layer=11 rank=0 experts=256/256
stage 1 layer 11 material loaded
layer=12 rank=0 experts=128/256
layer=12 rank=0 experts=256/256
stage 1 layer 12 material loaded
layer=13 rank=0 experts=128/256
layer=13 rank=0 experts=256/256
stage 1 layer 13 material loaded
layer=14 rank=0 experts=128/256
layer=14 rank=0 experts=256/256
stage 1 layer 14 material loaded
layer=15 rank=0 experts=128/256
layer=15 rank=0 experts=256/256
stage 1 layer 15 material loaded
layer=16 rank=0 experts=128/256
layer=16 rank=0 experts=256/256
stage 1 layer 16 material loaded
layer=17 rank=0 experts=128/256
layer=17 rank=0 experts=256/256
stage 1 layer 17 material loaded
layer=18 rank=0 experts=128/256
layer=18 rank=0 experts=256/256
stage 1 layer 18 material loaded
layer=19 rank=0 experts=128/256
layer=19 rank=0 experts=256/256
stage 1 layer 19 material loaded
layer=20 rank=0 experts=128/256
layer=20 rank=0 experts=256/256
stage 1 layer 20 material loaded
layer=21 rank=0 experts=128/256
layer=21 rank=0 experts=256/256
stage 1 layer 21 material loaded
iter 0 (warmup): 6468.5 ms
iter 1 (warmup): 2739.9 ms
iter 2 (timed): 2727.0 ms
iter 3 (timed): 2728.8 ms
iter 4 (timed): 2727.5 ms
iter 5 (timed): 2730.1 ms
iter 6 (timed): 2731.3 ms
{
  "chunk": 16384,
  "prefill_chunk": 1024,
  "prefill_forwards": 16,
  "segment_lengths": [
    1024,
    1024,
    1024,
    1024,
    1024,
    1024,
    1024,
    1024,
    1024,
    1024,
    1024,
    1024,
    1024,
    1024,
    1024,
    1024
  ],
  "moe_mode": "w4a8",
  "indexer": "fused",
  "wall_p50_s": 2.72878103912808,
  "input_tok_s_per_stage_dp4": 24016.58435040304,
  "ok": [
    true,
    true,
    true,
    true
  ]
}
===== round 2 total=16384 seg=2048 =====
W0721 07:28:22.526000 228892 torch/distributed/run.py:851] 
W0721 07:28:22.526000 228892 torch/distributed/run.py:851] *****************************************
W0721 07:28:22.526000 228892 torch/distributed/run.py:851] Setting OMP_NUM_THREADS environment variable for each process to be 1 in default, to avoid your system being overloaded, please further tune the variable for optimal performance in your application as needed. 
W0721 07:28:22.526000 228892 torch/distributed/run.py:851] *****************************************
layer=11 rank=0 experts=128/256
layer=11 rank=0 experts=256/256
stage 1 layer 11 material loaded
layer=12 rank=0 experts=128/256
layer=12 rank=0 experts=256/256
stage 1 layer 12 material loaded
layer=13 rank=0 experts=128/256
layer=13 rank=0 experts=256/256
stage 1 layer 13 material loaded
layer=14 rank=0 experts=128/256
layer=14 rank=0 experts=256/256
stage 1 layer 14 material loaded
layer=15 rank=0 experts=128/256
layer=15 rank=0 experts=256/256
stage 1 layer 15 material loaded
layer=16 rank=0 experts=128/256
layer=16 rank=0 experts=256/256
stage 1 layer 16 material loaded
layer=17 rank=0 experts=128/256
layer=17 rank=0 experts=256/256
stage 1 layer 17 material loaded
layer=18 rank=0 experts=128/256
layer=18 rank=0 experts=256/256
stage 1 layer 18 material loaded
layer=19 rank=0 experts=128/256
layer=19 rank=0 experts=256/256
stage 1 layer 19 material loaded
layer=20 rank=0 experts=128/256
layer=20 rank=0 experts=256/256
stage 1 layer 20 material loaded
layer=21 rank=0 experts=128/256
layer=21 rank=0 experts=256/256
stage 1 layer 21 material loaded
iter 0 (warmup): 6492.2 ms
iter 1 (warmup): 2696.7 ms
iter 2 (timed): 2693.7 ms
iter 3 (timed): 2697.3 ms
iter 4 (timed): 2695.6 ms
iter 5 (timed): 2696.7 ms
iter 6 (timed): 2699.7 ms
{
  "chunk": 16384,
  "prefill_chunk": 2048,
  "prefill_forwards": 8,
  "segment_lengths": [
    2048,
    2048,
    2048,
    2048,
    2048,
    2048,
    2048,
    2048
  ],
  "moe_mode": "w4a8",
  "indexer": "fused",
  "wall_p50_s": 2.696653879014775,
  "input_tok_s_per_stage_dp4": 24302.711041264083,
  "ok": [
    true,
    true,
    true,
    true
  ]
}
===== round 3 total=16384 seg=1024 =====
W0721 07:29:09.469000 229086 torch/distributed/run.py:851] 
W0721 07:29:09.469000 229086 torch/distributed/run.py:851] *****************************************
W0721 07:29:09.469000 229086 torch/distributed/run.py:851] Setting OMP_NUM_THREADS environment variable for each process to be 1 in default, to avoid your system being overloaded, please further tune the variable for optimal performance in your application as needed. 
W0721 07:29:09.469000 229086 torch/distributed/run.py:851] *****************************************
layer=11 rank=0 experts=128/256
layer=11 rank=0 experts=256/256
stage 1 layer 11 material loaded
layer=12 rank=0 experts=128/256
layer=12 rank=0 experts=256/256
stage 1 layer 12 material loaded
layer=13 rank=0 experts=128/256
layer=13 rank=0 experts=256/256
stage 1 layer 13 material loaded
layer=14 rank=0 experts=128/256
layer=14 rank=0 experts=256/256
stage 1 layer 14 material loaded
layer=15 rank=0 experts=128/256
layer=15 rank=0 experts=256/256
stage 1 layer 15 material loaded
layer=16 rank=0 experts=128/256
layer=16 rank=0 experts=256/256
stage 1 layer 16 material loaded
layer=17 rank=0 experts=128/256
layer=17 rank=0 experts=256/256
stage 1 layer 17 material loaded
layer=18 rank=0 experts=128/256
layer=18 rank=0 experts=256/256
stage 1 layer 18 material loaded
layer=19 rank=0 experts=128/256
layer=19 rank=0 experts=256/256
stage 1 layer 19 material loaded
layer=20 rank=0 experts=128/256
layer=20 rank=0 experts=256/256
stage 1 layer 20 material loaded
layer=21 rank=0 experts=128/256
layer=21 rank=0 experts=256/256
stage 1 layer 21 material loaded
iter 0 (warmup): 6484.4 ms
iter 1 (warmup): 2726.5 ms
iter 2 (timed): 2731.1 ms
iter 3 (timed): 2731.0 ms
iter 4 (timed): 2732.9 ms
iter 5 (timed): 2735.3 ms
iter 6 (timed): 2735.8 ms
{
  "chunk": 16384,
  "prefill_chunk": 1024,
  "prefill_forwards": 16,
  "segment_lengths": [
    1024,
    1024,
    1024,
    1024,
    1024,
    1024,
    1024,
    1024,
    1024,
    1024,
    1024,
    1024,
    1024,
    1024,
    1024,
    1024
  ],
  "moe_mode": "w4a8",
  "indexer": "fused",
  "wall_p50_s": 2.732921266928315,
  "input_tok_s_per_stage_dp4": 23980.200525008033,
  "ok": [
    true,
    true,
    true,
    true
  ]
}
===== round 3 total=16384 seg=2048 =====
W0721 07:29:57.624000 228299 torch/distributed/run.py:851] 
W0721 07:29:57.624000 228299 torch/distributed/run.py:851] *****************************************
W0721 07:29:57.624000 228299 torch/distributed/run.py:851] Setting OMP_NUM_THREADS environment variable for each process to be 1 in default, to avoid your system being overloaded, please further tune the variable for optimal performance in your application as needed. 
W0721 07:29:57.624000 228299 torch/distributed/run.py:851] *****************************************
layer=11 rank=0 experts=128/256
layer=11 rank=0 experts=256/256
stage 1 layer 11 material loaded
layer=12 rank=0 experts=128/256
layer=12 rank=0 experts=256/256
stage 1 layer 12 material loaded
layer=13 rank=0 experts=128/256
layer=13 rank=0 experts=256/256
stage 1 layer 13 material loaded
layer=14 rank=0 experts=128/256
layer=14 rank=0 experts=256/256
stage 1 layer 14 material loaded
layer=15 rank=0 experts=128/256
layer=15 rank=0 experts=256/256
stage 1 layer 15 material loaded
layer=16 rank=0 experts=128/256
layer=16 rank=0 experts=256/256
stage 1 layer 16 material loaded
layer=17 rank=0 experts=128/256
layer=17 rank=0 experts=256/256
stage 1 layer 17 material loaded
layer=18 rank=0 experts=128/256
layer=18 rank=0 experts=256/256
stage 1 layer 18 material loaded
layer=19 rank=0 experts=128/256
layer=19 rank=0 experts=256/256
stage 1 layer 19 material loaded
layer=20 rank=0 experts=128/256
layer=20 rank=0 experts=256/256
stage 1 layer 20 material loaded
layer=21 rank=0 experts=128/256
layer=21 rank=0 experts=256/256
stage 1 layer 21 material loaded
iter 0 (warmup): 6428.3 ms
iter 1 (warmup): 2689.7 ms
iter 2 (timed): 2693.0 ms
iter 3 (timed): 2694.9 ms
iter 4 (timed): 2696.9 ms
iter 5 (timed): 2698.6 ms
iter 6 (timed): 2700.7 ms
{
  "chunk": 16384,
  "prefill_chunk": 2048,
  "prefill_forwards": 8,
  "segment_lengths": [
    2048,
    2048,
    2048,
    2048,
    2048,
    2048,
    2048,
    2048
  ],
  "moe_mode": "w4a8",
  "indexer": "fused",
  "wall_p50_s": 2.6968879809137434,
  "input_tok_s_per_stage_dp4": 24300.60145760874,
  "ok": [
    true,
    true,
    true,
    true
  ]
}
