== sync runtime + reference kernel + long golden oracle to both nodes ==
== warm tilelang JIT cache (single process per node) ==
WARM /home/cysic/e0f-runtime/reference/inference/kernel.py
WARM /home/cysic/e0f-runtime/reference/inference/kernel.py
== GPU memory before ==
--- titan064
0, 1 MiB
1, 1 MiB
2, 1 MiB
3, 1 MiB
4, 1 MiB
5, 1 MiB
6, 1 MiB
7, 1 MiB
--- titan065
0, 1 MiB
1, 1 MiB
2, 1 MiB
3, 1 MiB
4, 1 MiB
5, 1 MiB
6, 1 MiB
7, 1 MiB
== C3F long golden gate arm 'chunk1000' (prefill-chunk=1000 ) ==
W0721 06:39:14.782000 217628 torch/distributed/run.py:851] 
W0721 06:39:14.782000 217628 torch/distributed/run.py:851] *****************************************
W0721 06:39:14.782000 217628 torch/distributed/run.py:851] Setting OMP_NUM_THREADS environment variable for each process to be 1 in default, to avoid your system being overloaded, please further tune the variable for optimal performance in your application as needed. 
W0721 06:39:14.782000 217628 torch/distributed/run.py:851] *****************************************
[E0e2e] placement {0: ['titan064'], 1: ['titan064'], 2: ['titan065'], 3: ['titan065']}
[transformers] Unrecognized keys in `rope_parameters` for 'rope_type'='default': {'attention_factor'}
[E0e2e] layer=0 rank=0 experts=64/256
[E0e2e] layer=0 rank=0 experts=128/256
[E0e2e] layer=0 rank=0 experts=192/256
[E0e2e] layer=0 rank=0 experts=256/256
[E0e2e] stage 0 layer 0 material loaded
[E0e2e] layer=1 rank=0 experts=64/256
[E0e2e] layer=1 rank=0 experts=128/256
[E0e2e] layer=1 rank=0 experts=192/256
[E0e2e] layer=1 rank=0 experts=256/256
[E0e2e] stage 0 layer 1 material loaded
[E0e2e] layer=2 rank=0 experts=64/256
[E0e2e] layer=2 rank=0 experts=128/256
[E0e2e] layer=11 rank=0 experts=64/256
[E0e2e] layer=2 rank=0 experts=192/256
[E0e2e] layer=11 rank=0 experts=128/256
[E0e2e] layer=2 rank=0 experts=256/256
[E0e2e] layer=11 rank=0 experts=192/256
[E0e2e] stage 0 layer 2 material loaded
[E0e2e] layer=11 rank=0 experts=256/256
[E0e2e] stage 1 layer 11 material loaded
[E0e2e] layer=3 rank=0 experts=64/256
[E0e2e] layer=3 rank=0 experts=128/256
[E0e2e] layer=12 rank=0 experts=64/256
[E0e2e] layer=3 rank=0 experts=192/256
[E0e2e] layer=12 rank=0 experts=128/256
[E0e2e] layer=3 rank=0 experts=256/256
[E0e2e] stage 0 layer 3 material loaded
[E0e2e] layer=12 rank=0 experts=192/256
[E0e2e] layer=12 rank=0 experts=256/256
[E0e2e] layer=4 rank=0 experts=64/256
[E0e2e] stage 1 layer 12 material loaded
[E0e2e] layer=4 rank=0 experts=128/256
[E0e2e] layer=4 rank=0 experts=192/256
[E0e2e] layer=13 rank=0 experts=64/256
[E0e2e] layer=4 rank=0 experts=256/256
[E0e2e] layer=13 rank=0 experts=128/256
[E0e2e] stage 0 layer 4 material loaded
[E0e2e] layer=13 rank=0 experts=192/256
[E0e2e] layer=13 rank=0 experts=256/256
[E0e2e] layer=5 rank=0 experts=64/256
[E0e2e] stage 1 layer 13 material loaded
[E0e2e] layer=5 rank=0 experts=128/256
[E0e2e] layer=5 rank=0 experts=192/256
[E0e2e] layer=14 rank=0 experts=64/256
[E0e2e] layer=5 rank=0 experts=256/256
[E0e2e] stage 0 layer 5 material loaded
[E0e2e] layer=14 rank=0 experts=128/256
[E0e2e] layer=14 rank=0 experts=192/256
[E0e2e] layer=6 rank=0 experts=64/256
[E0e2e] layer=14 rank=0 experts=256/256
[E0e2e] stage 1 layer 14 material loaded
[E0e2e] layer=6 rank=0 experts=128/256
[E0e2e] layer=6 rank=0 experts=192/256
[E0e2e] layer=15 rank=0 experts=64/256
[E0e2e] layer=6 rank=0 experts=256/256
[E0e2e] stage 0 layer 6 material loaded
[E0e2e] layer=15 rank=0 experts=128/256
[E0e2e] layer=15 rank=0 experts=192/256
[E0e2e] layer=7 rank=0 experts=64/256
[E0e2e] layer=15 rank=0 experts=256/256
[E0e2e] layer=7 rank=0 experts=128/256
[E0e2e] stage 1 layer 15 material loaded
[E0e2e] layer=7 rank=0 experts=192/256
[E0e2e] layer=7 rank=0 experts=256/256
[E0e2e] layer=16 rank=0 experts=64/256
[E0e2e] stage 0 layer 7 material loaded
[E0e2e] layer=16 rank=0 experts=128/256
[E0e2e] layer=8 rank=0 experts=64/256
[E0e2e] layer=16 rank=0 experts=192/256
[E0e2e] layer=8 rank=0 experts=128/256
[E0e2e] layer=16 rank=0 experts=256/256
[E0e2e] stage 1 layer 16 material loaded
[E0e2e] layer=8 rank=0 experts=192/256
[E0e2e] layer=8 rank=0 experts=256/256
[E0e2e] stage 0 layer 8 material loaded
[E0e2e] layer=17 rank=0 experts=64/256
[E0e2e] layer=17 rank=0 experts=128/256
[E0e2e] layer=9 rank=0 experts=64/256
[E0e2e] layer=17 rank=0 experts=192/256
[E0e2e] layer=9 rank=0 experts=128/256
[E0e2e] layer=17 rank=0 experts=256/256
[E0e2e] layer=9 rank=0 experts=192/256
[E0e2e] stage 1 layer 17 material loaded
[E0e2e] layer=9 rank=0 experts=256/256
[E0e2e] stage 0 layer 9 material loaded
[E0e2e] layer=18 rank=0 experts=64/256
[E0e2e] layer=18 rank=0 experts=128/256
[E0e2e] layer=10 rank=0 experts=64/256
[E0e2e] layer=10 rank=0 experts=128/256
[E0e2e] layer=18 rank=0 experts=192/256
[E0e2e] layer=10 rank=0 experts=192/256
[E0e2e] layer=18 rank=0 experts=256/256
[E0e2e] stage 1 layer 18 material loaded
[E0e2e] layer=10 rank=0 experts=256/256
[E0e2e] stage 0 layer 10 material loaded
[E0e2e] layer=19 rank=0 experts=64/256
[E0e2e] stage 0 loaded (11 layers, free 7.89 GiB, 11s)
[E0e2e] layer=19 rank=0 experts=128/256
[E0e2e] layer=19 rank=0 experts=192/256
[E0e2e] layer=19 rank=0 experts=256/256
[E0e2e] stage 1 layer 19 material loaded
[E0e2e] layer=20 rank=0 experts=64/256
[E0e2e] layer=20 rank=0 experts=128/256
[E0e2e] layer=20 rank=0 experts=192/256
[E0e2e] layer=20 rank=0 experts=256/256
[E0e2e] stage 1 layer 20 material loaded
[E0e2e] layer=21 rank=0 experts=64/256
[E0e2e] layer=21 rank=0 experts=128/256
[E0e2e] layer=21 rank=0 experts=192/256
[E0e2e] layer=21 rank=0 experts=256/256
[E0e2e] stage 1 layer 21 material loaded
[E0e2e] stage 1 loaded (11 layers, free 9.14 GiB, 12s)
[E0e2e][eager] prompt 0: 61/64 golden tokens matched; first mismatch step 26 pred 5852 vs golden 3451 top2_gap 0.1926 golden_deficit 0.1926 (decode 81 ms/step)
[E0e2e][eager] prompt 1: 63/64 golden tokens matched; first mismatch step 3 pred 37437 vs golden 4496 top2_gap 0.4178 golden_deficit 0.4178 (decode 84 ms/step)
[E0e2e][eager] prompt 2: 63/64 golden tokens matched; first mismatch step 36 pred 8842 vs golden 59819 top2_gap 0.3045 golden_deficit 0.3045 (decode 85 ms/step)
[E0e2e][eager] prompt 3: 64/64 golden tokens matched (decode 85 ms/step)
[E0e2e][eager] prompt 4: 62/64 golden tokens matched; first mismatch step 30 pred 1492 vs golden 14 top2_gap 0.9492 golden_deficit 0.9492 (decode 86 ms/step)
[E0e2e][eager] prompt 5: 61/64 golden tokens matched; first mismatch step 5 pred 83633 vs golden 46967 top2_gap 0.7395 golden_deficit 0.7395 (decode 85 ms/step)
[E0e2e][eager] prompt 6: 60/64 golden tokens matched; first mismatch step 15 pred 301 vs golden 5209 top2_gap 0.2406 golden_deficit 0.2406 (decode 85 ms/step)
[E0e2e][eager] prompt 7: 63/64 golden tokens matched; first mismatch step 3 pred 11868 vs golden 14325 top2_gap 0.8979 golden_deficit 0.8979 (decode 86 ms/step)
[E0e2e] overall: PASS
== gate exit codes: node0=0 node1=0 ==
== fetch results ==
== GPU memory after ==
--- titan064
0, 1 MiB
1, 1 MiB
2, 1 MiB
3, 1 MiB
4, 1 MiB
5, 1 MiB
6, 1 MiB
7, 1 MiB
--- titan065
0, 1 MiB
1, 1 MiB
2, 1 MiB
3, 1 MiB
4, 1 MiB
5, 1 MiB
6, 1 MiB
7, 1 MiB
ALL_DONE rc0=0 rc1=0
