W0720 13:17:10.777000 156411 torch/distributed/run.py:851] 
W0720 13:17:10.777000 156411 torch/distributed/run.py:851] *****************************************
W0720 13:17:10.777000 156411 torch/distributed/run.py:851] Setting OMP_NUM_THREADS environment variable for each process to be 1 in default, to avoid your system being overloaded, please further tune the variable for optimal performance in your application as needed. 
W0720 13:17:10.777000 156411 torch/distributed/run.py:851] *****************************************
layer=0 rank=0 experts=64/256
layer=0 rank=0 experts=128/256
layer=0 rank=0 experts=192/256
layer=0 rank=0 experts=256/256
[E0dpf] layer 0 loaded
layer=1 rank=0 experts=64/256
layer=1 rank=0 experts=128/256
layer=1 rank=0 experts=192/256
layer=1 rank=0 experts=256/256
[E0dpf] layer 1 loaded
layer=2 rank=0 experts=64/256
layer=2 rank=0 experts=128/256
layer=2 rank=0 experts=192/256
layer=2 rank=0 experts=256/256
[E0dpf] layer 2 loaded
layer=3 rank=0 experts=64/256
layer=3 rank=0 experts=128/256
layer=3 rank=0 experts=192/256
layer=3 rank=0 experts=256/256
[E0dpf] layer 3 loaded
layer=4 rank=0 experts=64/256
layer=4 rank=0 experts=128/256
layer=4 rank=0 experts=192/256
layer=4 rank=0 experts=256/256
[E0dpf] layer 4 loaded
layer=5 rank=0 experts=64/256
layer=5 rank=0 experts=128/256
layer=5 rank=0 experts=192/256
layer=5 rank=0 experts=256/256
[E0dpf] layer 5 loaded
[E0dpf] lanes built, free 15.45 GiB
[E0dpf] (g2) isolated per-layer: PASS
[E0dpf] step 0 pos 8192 family normal captured=True dp_vs_rep bitwise=False rms_rel=1.947e-02 graph bitwise=True
[E0dpf] step 3 pos 8195 family ratio4_boundary captured=True dp_vs_rep bitwise=False rms_rel=2.534e-02 graph bitwise=True
[E0dpf] step 16 pos 8208 family normal captured=False dp_vs_rep bitwise=False rms_rel=2.018e-01 graph bitwise=True
[E0dpf] step 32 pos 8224 family normal captured=False dp_vs_rep bitwise=False rms_rel=2.707e-01 graph bitwise=True
[E0dpf] step 48 pos 8240 family normal captured=False dp_vs_rep bitwise=False rms_rel=1.350e-01 graph bitwise=True
[E0dpf] step 64 pos 8256 family normal captured=False dp_vs_rep bitwise=False rms_rel=4.608e-02 graph bitwise=True
[E0dpf] step 80 pos 8272 family normal captured=False dp_vs_rep bitwise=False rms_rel=3.095e-02 graph bitwise=True
[E0dpf] step 96 pos 8288 family normal captured=False dp_vs_rep bitwise=False rms_rel=1.317e-01 graph bitwise=True
[E0dpf] step 112 pos 8304 family normal captured=False dp_vs_rep bitwise=False rms_rel=4.528e-02 graph bitwise=True
[E0dpf] step 127 pos 8319 family ratio4_ratio128_boundary captured=True dp_vs_rep bitwise=False rms_rel=2.447e-01 graph bitwise=True
[E0dpf] step 128 pos 8320 family normal captured=False dp_vs_rep bitwise=False rms_rel=1.681e-01 graph bitwise=True
[E0dpf] overall: PASS
