== sync runtime + golden oracle to both nodes ==
== ratio-4 full-position selfcheck (titan064, single GPU) ==
[ratio4-selfcheck] decode_mirror=True prefill_consistency=True overall=PASS
== E2E golden gate (16 ranks, eager + fused) ==
W0720 11:54:11.572000 151746 torch/distributed/run.py:851] 
W0720 11:54:11.572000 151746 torch/distributed/run.py:851] *****************************************
W0720 11:54:11.572000 151746 torch/distributed/run.py:851] Setting OMP_NUM_THREADS environment variable for each process to be 1 in default, to avoid your system being overloaded, please further tune the variable for optimal performance in your application as needed. 
W0720 11:54:11.572000 151746 torch/distributed/run.py:851] *****************************************
[E0e2e] placement {0: ['titan064'], 1: ['titan064'], 2: ['titan065'], 3: ['titan065']}
[transformers] Unrecognized keys in `rope_parameters` for 'rope_type'='default': {'attention_factor'}
[E0e2e] layer=0 rank=0 experts=64/256
[E0e2e] layer=0 rank=0 experts=128/256
[E0e2e] layer=0 rank=0 experts=192/256
[E0e2e] layer=0 rank=0 experts=256/256
[E0e2e] stage 0 layer 0 material loaded
[E0e2e] layer=1 rank=0 experts=64/256
[E0e2e] layer=1 rank=0 experts=128/256
[E0e2e] layer=1 rank=0 experts=192/256
[E0e2e] layer=1 rank=0 experts=256/256
[E0e2e] stage 0 layer 1 material loaded
[E0e2e] layer=2 rank=0 experts=64/256
[E0e2e] layer=2 rank=0 experts=128/256
[E0e2e] layer=2 rank=0 experts=192/256
[E0e2e] layer=11 rank=0 experts=64/256
[E0e2e] layer=2 rank=0 experts=256/256
[E0e2e] layer=11 rank=0 experts=128/256
[E0e2e] stage 0 layer 2 material loaded
[E0e2e] layer=11 rank=0 experts=192/256
[E0e2e] layer=3 rank=0 experts=64/256
[E0e2e] layer=11 rank=0 experts=256/256
[E0e2e] stage 1 layer 11 material loaded
[E0e2e] layer=3 rank=0 experts=128/256
[E0e2e] layer=3 rank=0 experts=192/256
[E0e2e] layer=12 rank=0 experts=64/256
[E0e2e] layer=3 rank=0 experts=256/256
[E0e2e] stage 0 layer 3 material loaded
[E0e2e] layer=12 rank=0 experts=128/256
[E0e2e] layer=12 rank=0 experts=192/256
[E0e2e] layer=4 rank=0 experts=64/256
[E0e2e] layer=12 rank=0 experts=256/256
[E0e2e] stage 1 layer 12 material loaded
[E0e2e] layer=4 rank=0 experts=128/256
[E0e2e] layer=4 rank=0 experts=192/256
[E0e2e] layer=13 rank=0 experts=64/256
[E0e2e] layer=4 rank=0 experts=256/256
[E0e2e] stage 0 layer 4 material loaded
[E0e2e] layer=13 rank=0 experts=128/256
[E0e2e] layer=13 rank=0 experts=192/256
[E0e2e] layer=5 rank=0 experts=64/256
[E0e2e] layer=13 rank=0 experts=256/256
[E0e2e] stage 1 layer 13 material loaded
[E0e2e] layer=5 rank=0 experts=128/256
[E0e2e] layer=5 rank=0 experts=192/256
[E0e2e] layer=14 rank=0 experts=64/256
[E0e2e] layer=5 rank=0 experts=256/256
[E0e2e] stage 0 layer 5 material loaded
[E0e2e] layer=14 rank=0 experts=128/256
[E0e2e] layer=14 rank=0 experts=192/256
[E0e2e] layer=6 rank=0 experts=64/256
[E0e2e] layer=14 rank=0 experts=256/256
[E0e2e] layer=6 rank=0 experts=128/256
[E0e2e] stage 1 layer 14 material loaded
[E0e2e] layer=6 rank=0 experts=192/256
[E0e2e] layer=6 rank=0 experts=256/256
[E0e2e] layer=15 rank=0 experts=64/256
[E0e2e] stage 0 layer 6 material loaded
[E0e2e] layer=15 rank=0 experts=128/256
[E0e2e] layer=15 rank=0 experts=192/256
[E0e2e] layer=7 rank=0 experts=64/256
[E0e2e] layer=15 rank=0 experts=256/256
[E0e2e] layer=7 rank=0 experts=128/256
[E0e2e] stage 1 layer 15 material loaded
[E0e2e] layer=7 rank=0 experts=192/256
[E0e2e] layer=7 rank=0 experts=256/256
[E0e2e] layer=16 rank=0 experts=64/256
[E0e2e] stage 0 layer 7 material loaded
[E0e2e] layer=16 rank=0 experts=128/256
[E0e2e] layer=16 rank=0 experts=192/256
[E0e2e] layer=8 rank=0 experts=64/256
[E0e2e] layer=16 rank=0 experts=256/256
[E0e2e] layer=8 rank=0 experts=128/256
[E0e2e] stage 1 layer 16 material loaded
[E0e2e] layer=8 rank=0 experts=192/256
[E0e2e] layer=8 rank=0 experts=256/256
[E0e2e] layer=17 rank=0 experts=64/256
[E0e2e] stage 0 layer 8 material loaded
[E0e2e] layer=17 rank=0 experts=128/256
[E0e2e] layer=9 rank=0 experts=64/256
[E0e2e] layer=17 rank=0 experts=192/256
[E0e2e] layer=9 rank=0 experts=128/256
[E0e2e] layer=17 rank=0 experts=256/256
[E0e2e] stage 1 layer 17 material loaded
[E0e2e] layer=9 rank=0 experts=192/256
[E0e2e] layer=9 rank=0 experts=256/256
[E0e2e] stage 0 layer 9 material loaded
[E0e2e] layer=18 rank=0 experts=64/256
[E0e2e] layer=18 rank=0 experts=128/256
[E0e2e] layer=10 rank=0 experts=64/256
[E0e2e] layer=18 rank=0 experts=192/256
[E0e2e] layer=10 rank=0 experts=128/256
[E0e2e] layer=18 rank=0 experts=256/256
[E0e2e] stage 1 layer 18 material loaded
[E0e2e] layer=10 rank=0 experts=192/256
[E0e2e] layer=10 rank=0 experts=256/256
[E0e2e] stage 0 layer 10 material loaded
[E0e2e] layer=19 rank=0 experts=64/256
[E0e2e] layer=19 rank=0 experts=128/256
[E0e2e] stage 0 loaded (11 layers, free 8.32 GiB, 11s)
[E0e2e] layer=19 rank=0 experts=192/256
[E0e2e] layer=19 rank=0 experts=256/256
[E0e2e] stage 1 layer 19 material loaded
[E0e2e] layer=20 rank=0 experts=64/256
[E0e2e] layer=20 rank=0 experts=128/256
[E0e2e] layer=20 rank=0 experts=192/256
[E0e2e] layer=20 rank=0 experts=256/256
[E0e2e] stage 1 layer 20 material loaded
[E0e2e] layer=21 rank=0 experts=64/256
[E0e2e] layer=21 rank=0 experts=128/256
[E0e2e] layer=21 rank=0 experts=192/256
[E0e2e] layer=21 rank=0 experts=256/256
[E0e2e] stage 1 layer 21 material loaded
[E0e2e] stage 1 loaded (11 layers, free 9.25 GiB, 12s)
[E0e2e][eager] prompt 0: 2/2 golden tokens matched (decode 86 ms/step)
[E0e2e][eager] prompt 1: 27/29 golden tokens matched; first mismatch step 16 pred 9168 vs golden 1516 top2_gap 0.0387 golden_deficit 0.0387 (decode 85 ms/step)
[E0e2e][eager] prompt 2: 127/128 golden tokens matched; first mismatch step 22 pred 66895 vs golden 3913 top2_gap 0.7120 golden_deficit 0.7120 (decode 85 ms/step)
[E0e2e][eager] prompt 3: 124/128 golden tokens matched; first mismatch step 11 pred 1380 vs golden 4407 top2_gap 0.4759 golden_deficit 0.9359 (decode 85 ms/step)
[E0e2e][eager] prompt 4: 11/13 golden tokens matched; first mismatch step 0 pred 125386 vs golden 671 top2_gap 0.5752 golden_deficit 0.5752 (decode 85 ms/step)
[E0e2e][eager] prompt 5: 22/22 golden tokens matched (decode 85 ms/step)
[E0e2e][eager] prompt 6: 32/32 golden tokens matched (decode 85 ms/step)
[E0e2e][eager] prompt 7: 123/128 golden tokens matched; first mismatch step 2 pred 1870 vs golden 4102 top2_gap 0.4405 golden_deficit 0.4405 (decode 85 ms/step)
[E0e2e][fused] prompt 0: 2/2 golden tokens matched (decode 8557 ms/step)
[E0e2e][fused] prompt 1: 28/29 golden tokens matched; first mismatch step 23 pred 2882 vs golden 9299 top2_gap 0.0025 golden_deficit 0.0025 (decode 56 ms/step)
[E0e2e][fused] prompt 2: 127/128 golden tokens matched; first mismatch step 22 pred 66895 vs golden 3913 top2_gap 0.4889 golden_deficit 0.4889 (decode 57 ms/step)
[E0e2e][fused] prompt 3: 124/128 golden tokens matched; first mismatch step 11 pred 1380 vs golden 4407 top2_gap 0.3400 golden_deficit 0.8964 (decode 57 ms/step)
[E0e2e][fused] prompt 4: 11/13 golden tokens matched; first mismatch step 0 pred 125386 vs golden 671 top2_gap 0.5752 golden_deficit 0.5752 (decode 54 ms/step)
[E0e2e][fused] prompt 5: 22/22 golden tokens matched (decode 55 ms/step)
[E0e2e][fused] prompt 6: 32/32 golden tokens matched (decode 56 ms/step)
[E0e2e][fused] prompt 7: 122/128 golden tokens matched; first mismatch step 2 pred 1870 vs golden 4102 top2_gap 0.4641 golden_deficit 0.5018 (decode 57 ms/step)
[E0e2e] overall: PASS
== gate exit codes: node0=0 node1=0 ==
== fetch results ==
== GPU memory check ==
--- titan064
0, 1 MiB
1, 1 MiB
2, 1 MiB
3, 1 MiB
4, 1 MiB
5, 1 MiB
6, 1 MiB
7, 1 MiB
--- titan065
0, 1 MiB
1, 1 MiB
2, 1 MiB
3, 1 MiB
4, 1 MiB
5, 1 MiB
6, 1 MiB
7, 1 MiB
ALL_DONE
