W0721 02:38:26.864000 158846 torch/distributed/run.py:851] 
W0721 02:38:26.864000 158846 torch/distributed/run.py:851] *****************************************
W0721 02:38:26.864000 158846 torch/distributed/run.py:851] Setting OMP_NUM_THREADS environment variable for each process to be 1 in default, to avoid your system being overloaded, please further tune the variable for optimal performance in your application as needed. 
W0721 02:38:26.864000 158846 torch/distributed/run.py:851] *****************************************
[E0e2e] layer=22 rank=0 experts=64/256
[E0e2e] layer=33 rank=0 experts=64/256
[E0e2e] layer=22 rank=0 experts=128/256
[E0e2e] layer=33 rank=0 experts=128/256
[E0e2e] layer=22 rank=0 experts=192/256
[E0e2e] layer=33 rank=0 experts=192/256
[E0e2e] layer=22 rank=0 experts=256/256
[E0e2e] layer=33 rank=0 experts=256/256
[E0e2e] stage 2 layer 22 material loaded
[E0e2e] stage 3 layer 33 material loaded
[E0e2e] layer=23 rank=0 experts=64/256
[E0e2e] layer=34 rank=0 experts=64/256
[E0e2e] layer=23 rank=0 experts=128/256
[E0e2e] layer=34 rank=0 experts=128/256
[E0e2e] layer=23 rank=0 experts=192/256
[E0e2e] layer=34 rank=0 experts=192/256
[E0e2e] layer=23 rank=0 experts=256/256
[E0e2e] stage 2 layer 23 material loaded
[E0e2e] layer=34 rank=0 experts=256/256
[E0e2e] stage 3 layer 34 material loaded
[E0e2e] layer=24 rank=0 experts=64/256
[E0e2e] layer=35 rank=0 experts=64/256
[E0e2e] layer=24 rank=0 experts=128/256
[E0e2e] layer=35 rank=0 experts=128/256
[E0e2e] layer=24 rank=0 experts=192/256
[E0e2e] layer=35 rank=0 experts=192/256
[E0e2e] layer=24 rank=0 experts=256/256
[E0e2e] stage 2 layer 24 material loaded
[E0e2e] layer=35 rank=0 experts=256/256
[E0e2e] stage 3 layer 35 material loaded
[E0e2e] layer=25 rank=0 experts=64/256
[E0e2e] layer=36 rank=0 experts=64/256
[E0e2e] layer=25 rank=0 experts=128/256
[E0e2e] layer=36 rank=0 experts=128/256
[E0e2e] layer=25 rank=0 experts=192/256
[E0e2e] layer=36 rank=0 experts=192/256
[E0e2e] layer=25 rank=0 experts=256/256
[E0e2e] stage 2 layer 25 material loaded
[E0e2e] layer=36 rank=0 experts=256/256
[E0e2e] stage 3 layer 36 material loaded
[E0e2e] layer=26 rank=0 experts=64/256
[E0e2e] layer=37 rank=0 experts=64/256
[E0e2e] layer=26 rank=0 experts=128/256
[E0e2e] layer=37 rank=0 experts=128/256
[E0e2e] layer=26 rank=0 experts=192/256
[E0e2e] layer=37 rank=0 experts=192/256
[E0e2e] layer=26 rank=0 experts=256/256
[E0e2e] stage 2 layer 26 material loaded
[E0e2e] layer=37 rank=0 experts=256/256
[E0e2e] stage 3 layer 37 material loaded
[E0e2e] layer=27 rank=0 experts=64/256
[E0e2e] layer=27 rank=0 experts=128/256
[E0e2e] layer=38 rank=0 experts=64/256
[E0e2e] layer=27 rank=0 experts=192/256
[E0e2e] layer=38 rank=0 experts=128/256
[E0e2e] layer=27 rank=0 experts=256/256
[E0e2e] layer=38 rank=0 experts=192/256
[E0e2e] stage 2 layer 27 material loaded
[E0e2e] layer=38 rank=0 experts=256/256
[E0e2e] stage 3 layer 38 material loaded
[E0e2e] layer=28 rank=0 experts=64/256
[E0e2e] layer=28 rank=0 experts=128/256
[E0e2e] layer=39 rank=0 experts=64/256
[E0e2e] layer=28 rank=0 experts=192/256
[E0e2e] layer=39 rank=0 experts=128/256
[E0e2e] layer=28 rank=0 experts=256/256
[E0e2e] layer=39 rank=0 experts=192/256
[E0e2e] stage 2 layer 28 material loaded
[E0e2e] layer=39 rank=0 experts=256/256
[E0e2e] stage 3 layer 39 material loaded
[E0e2e] layer=29 rank=0 experts=64/256
[E0e2e] layer=29 rank=0 experts=128/256
[E0e2e] layer=40 rank=0 experts=64/256
[E0e2e] layer=29 rank=0 experts=192/256
[E0e2e] layer=40 rank=0 experts=128/256
[E0e2e] layer=29 rank=0 experts=256/256
[E0e2e] layer=40 rank=0 experts=192/256
[E0e2e] stage 2 layer 29 material loaded
[E0e2e] layer=40 rank=0 experts=256/256
[E0e2e] stage 3 layer 40 material loaded
[E0e2e] layer=30 rank=0 experts=64/256
[E0e2e] layer=30 rank=0 experts=128/256
[E0e2e] layer=41 rank=0 experts=64/256
[E0e2e] layer=30 rank=0 experts=192/256
[E0e2e] layer=41 rank=0 experts=128/256
[E0e2e] layer=30 rank=0 experts=256/256
[E0e2e] stage 2 layer 30 material loaded
[E0e2e] layer=41 rank=0 experts=192/256
[E0e2e] layer=41 rank=0 experts=256/256
[E0e2e] stage 3 layer 41 material loaded
[E0e2e] layer=31 rank=0 experts=64/256
[E0e2e] layer=31 rank=0 experts=128/256
[E0e2e] layer=31 rank=0 experts=192/256
[E0e2e] layer=31 rank=0 experts=256/256
[E0e2e] layer=42 rank=0 experts=64/256
[E0e2e] stage 2 layer 31 material loaded
[E0e2e] layer=42 rank=0 experts=128/256
[E0e2e] layer=42 rank=0 experts=192/256
[E0e2e] layer=32 rank=0 experts=64/256
[E0e2e] layer=42 rank=0 experts=256/256
[E0e2e] layer=32 rank=0 experts=128/256
[E0e2e] stage 3 layer 42 material loaded
[E0e2e] layer=32 rank=0 experts=192/256
[E0e2e] layer=32 rank=0 experts=256/256
[E0e2e] stage 2 layer 32 material loaded
[E0e2e] stage 2 loaded (11 layers, free 9.27 GiB, 12s)
[E0e2e] stage 3 loaded (10 layers, free 7.45 GiB, 12s)
