W0721 14:54:10.764000 250297 torch/distributed/run.py:851] 
W0721 14:54:10.764000 250297 torch/distributed/run.py:851] *****************************************
W0721 14:54:10.764000 250297 torch/distributed/run.py:851] Setting OMP_NUM_THREADS environment variable for each process to be 1 in default, to avoid your system being overloaded, please further tune the variable for optimal performance in your application as needed. 
W0721 14:54:10.764000 250297 torch/distributed/run.py:851] *****************************************
[E0e2e] placement {0: ['titan064'], 1: ['titan064'], 2: ['titan065'], 3: ['titan065']}
[transformers] Unrecognized keys in `rope_parameters` for 'rope_type'='default': {'attention_factor'}
[E0e2e] layer=0 rank=0 experts=64/256
[E0e2e] layer=0 rank=0 experts=128/256
[E0e2e] layer=0 rank=0 experts=192/256
[E0e2e] layer=0 rank=0 experts=256/256
[E0e2e] stage 0 layer 0 material loaded
[E0e2e] layer=1 rank=0 experts=64/256
[E0e2e] layer=1 rank=0 experts=128/256
[E0e2e] layer=1 rank=0 experts=192/256
[E0e2e] layer=1 rank=0 experts=256/256
[E0e2e] stage 0 layer 1 material loaded
[E0e2e] layer=2 rank=0 experts=64/256
[E0e2e] layer=2 rank=0 experts=128/256
[E0e2e] layer=2 rank=0 experts=192/256
[E0e2e] layer=11 rank=0 experts=64/256
[E0e2e] layer=2 rank=0 experts=256/256
[E0e2e] stage 0 layer 2 material loaded
[E0e2e] layer=11 rank=0 experts=128/256
[E0e2e] layer=11 rank=0 experts=192/256
[E0e2e] layer=3 rank=0 experts=64/256
[E0e2e] layer=11 rank=0 experts=256/256
[E0e2e] stage 1 layer 11 material loaded
[E0e2e] layer=3 rank=0 experts=128/256
[E0e2e] layer=3 rank=0 experts=192/256
[E0e2e] layer=3 rank=0 experts=256/256
[E0e2e] layer=12 rank=0 experts=64/256
[E0e2e] stage 0 layer 3 material loaded
[E0e2e] layer=12 rank=0 experts=128/256
[E0e2e] layer=12 rank=0 experts=192/256
[E0e2e] layer=4 rank=0 experts=64/256
[E0e2e] layer=12 rank=0 experts=256/256
[E0e2e] layer=4 rank=0 experts=128/256
[E0e2e] stage 1 layer 12 material loaded
[E0e2e] layer=4 rank=0 experts=192/256
[E0e2e] layer=4 rank=0 experts=256/256
[E0e2e] layer=13 rank=0 experts=64/256
[E0e2e] stage 0 layer 4 material loaded
[E0e2e] layer=13 rank=0 experts=128/256
[E0e2e] layer=5 rank=0 experts=64/256
[E0e2e] layer=13 rank=0 experts=192/256
[E0e2e] layer=5 rank=0 experts=128/256
[E0e2e] layer=13 rank=0 experts=256/256
[E0e2e] stage 1 layer 13 material loaded
[E0e2e] layer=5 rank=0 experts=192/256
[E0e2e] layer=5 rank=0 experts=256/256
[E0e2e] stage 0 layer 5 material loaded
[E0e2e] layer=14 rank=0 experts=64/256
[E0e2e] layer=14 rank=0 experts=128/256
[E0e2e] layer=6 rank=0 experts=64/256
[E0e2e] layer=14 rank=0 experts=192/256
[E0e2e] layer=6 rank=0 experts=128/256
[E0e2e] layer=14 rank=0 experts=256/256
[E0e2e] layer=6 rank=0 experts=192/256
[E0e2e] stage 1 layer 14 material loaded
[E0e2e] layer=6 rank=0 experts=256/256
[E0e2e] stage 0 layer 6 material loaded
[E0e2e] layer=15 rank=0 experts=64/256
[E0e2e] layer=15 rank=0 experts=128/256
[E0e2e] layer=7 rank=0 experts=64/256
[E0e2e] layer=15 rank=0 experts=192/256
[E0e2e] layer=7 rank=0 experts=128/256
[E0e2e] layer=7 rank=0 experts=192/256
[E0e2e] layer=15 rank=0 experts=256/256
[E0e2e] stage 1 layer 15 material loaded
[E0e2e] layer=7 rank=0 experts=256/256
[E0e2e] stage 0 layer 7 material loaded
[E0e2e] layer=16 rank=0 experts=64/256
[E0e2e] layer=8 rank=0 experts=64/256
[E0e2e] layer=16 rank=0 experts=128/256
[E0e2e] layer=8 rank=0 experts=128/256
[E0e2e] layer=16 rank=0 experts=192/256
[E0e2e] layer=8 rank=0 experts=192/256
[E0e2e] layer=16 rank=0 experts=256/256
[E0e2e] stage 1 layer 16 material loaded
[E0e2e] layer=8 rank=0 experts=256/256
[E0e2e] stage 0 layer 8 material loaded
[E0e2e] layer=17 rank=0 experts=64/256
[E0e2e] layer=9 rank=0 experts=64/256
[E0e2e] layer=17 rank=0 experts=128/256
[E0e2e] layer=9 rank=0 experts=128/256
[E0e2e] layer=17 rank=0 experts=192/256
[E0e2e] layer=9 rank=0 experts=192/256
[E0e2e] layer=17 rank=0 experts=256/256
[E0e2e] layer=9 rank=0 experts=256/256
[E0e2e] stage 1 layer 17 material loaded
[E0e2e] stage 0 layer 9 material loaded
[E0e2e] layer=18 rank=0 experts=64/256
[E0e2e] layer=10 rank=0 experts=64/256
[E0e2e] layer=18 rank=0 experts=128/256
[E0e2e] layer=10 rank=0 experts=128/256
[E0e2e] layer=18 rank=0 experts=192/256
[E0e2e] layer=10 rank=0 experts=192/256
[E0e2e] layer=10 rank=0 experts=256/256
[E0e2e] layer=18 rank=0 experts=256/256
[E0e2e] stage 0 layer 10 material loaded
[E0e2e] stage 1 layer 18 material loaded
[E0e2e][rank 0] FAILED (run will now deadlock on the next collective -- kill it):
Traceback (most recent call last):
  File "/home/cysic/e0f-runtime/e0ef2e_golden_gate.py", line 1006, in main
    embed_material = load_embed_head_material(
                     ^^^^^^^^^^^^^^^^^^^^^^^^^
  File "/home/cysic/e0f-runtime/dsv4_direct/head_stage.py", line 141, in load_embed_head_material
    reader.get_tensor("embed.weight").to(device=embed_target).contiguous(),
    ^^^^^^^^^^^^^^^^^^^^^^^^^^^^^^^^^^^^^^^^^^^^^^^^^^^^^^^^^
torch.OutOfMemoryError: CUDA out of memory. Tried to allocate 1010.00 MiB. GPU 0 has a total capacity of 23.52 GiB of which 477.88 MiB is free. Including non-PyTorch memory, this process has 23.04 GiB memory in use. Of the allocated memory 22.22 GiB is allocated by PyTorch, and 118.97 MiB is reserved by PyTorch but unallocated. If reserved but unallocated memory is large try setting PYTORCH_CUDA_ALLOC_CONF=expandable_segments:True to avoid fragmentation.  See documentation for Memory Management  (https://docs.pytorch.org/docs/stable/notes/cuda.html#optimizing-memory-usage-with-pytorch-cuda-alloc-conf)

[E0e2e] layer=19 rank=0 experts=64/256
[E0e2e] layer=19 rank=0 experts=128/256
[E0e2e] layer=19 rank=0 experts=192/256
[E0e2e] layer=19 rank=0 experts=256/256
[E0e2e] stage 1 layer 19 material loaded
[E0e2e] layer=20 rank=0 experts=64/256
[E0e2e] layer=20 rank=0 experts=128/256
[E0e2e] layer=20 rank=0 experts=192/256
[E0e2e] layer=20 rank=0 experts=256/256
[E0e2e] stage 1 layer 20 material loaded
[E0e2e][rank 2] FAILED (run will now deadlock on the next collective -- kill it):
Traceback (most recent call last):
  File "/home/cysic/e0f-runtime/e0ef2e_golden_gate.py", line 1006, in main
    embed_material = load_embed_head_material(
                     ^^^^^^^^^^^^^^^^^^^^^^^^^
  File "/home/cysic/e0f-runtime/dsv4_direct/head_stage.py", line 141, in load_embed_head_material
    reader.get_tensor("embed.weight").to(device=embed_target).contiguous(),
    ^^^^^^^^^^^^^^^^^^^^^^^^^^^^^^^^^^^^^^^^^^^^^^^^^^^^^^^^^
torch.OutOfMemoryError: CUDA out of memory. Tried to allocate 1010.00 MiB. GPU 2 has a total capacity of 23.52 GiB of which 457.88 MiB is free. Including non-PyTorch memory, this process has 23.06 GiB memory in use. Of the allocated memory 22.22 GiB is allocated by PyTorch, and 118.97 MiB is reserved by PyTorch but unallocated. If reserved but unallocated memory is large try setting PYTORCH_CUDA_ALLOC_CONF=expandable_segments:True to avoid fragmentation.  See documentation for Memory Management  (https://docs.pytorch.org/docs/stable/notes/cuda.html#optimizing-memory-usage-with-pytorch-cuda-alloc-conf)

[E0e2e][rank 1] FAILED (run will now deadlock on the next collective -- kill it):
Traceback (most recent call last):
  File "/home/cysic/e0f-runtime/e0ef2e_golden_gate.py", line 1006, in main
    embed_material = load_embed_head_material(
                     ^^^^^^^^^^^^^^^^^^^^^^^^^
  File "/home/cysic/e0f-runtime/dsv4_direct/head_stage.py", line 141, in load_embed_head_material
    reader.get_tensor("embed.weight").to(device=embed_target).contiguous(),
    ^^^^^^^^^^^^^^^^^^^^^^^^^^^^^^^^^^^^^^^^^^^^^^^^^^^^^^^^^
torch.OutOfMemoryError: CUDA out of memory. Tried to allocate 1010.00 MiB. GPU 1 has a total capacity of 23.52 GiB of which 457.88 MiB is free. Including non-PyTorch memory, this process has 23.06 GiB memory in use. Of the allocated memory 22.22 GiB is allocated by PyTorch, and 118.97 MiB is reserved by PyTorch but unallocated. If reserved but unallocated memory is large try setting PYTORCH_CUDA_ALLOC_CONF=expandable_segments:True to avoid fragmentation.  See documentation for Memory Management  (https://docs.pytorch.org/docs/stable/notes/cuda.html#optimizing-memory-usage-with-pytorch-cuda-alloc-conf)

[E0e2e] layer=21 rank=0 experts=64/256
[E0e2e][rank 3] FAILED (run will now deadlock on the next collective -- kill it):
Traceback (most recent call last):
  File "/home/cysic/e0f-runtime/e0ef2e_golden_gate.py", line 1006, in main
    embed_material = load_embed_head_material(
                     ^^^^^^^^^^^^^^^^^^^^^^^^^
  File "/home/cysic/e0f-runtime/dsv4_direct/head_stage.py", line 141, in load_embed_head_material
    reader.get_tensor("embed.weight").to(device=embed_target).contiguous(),
    ^^^^^^^^^^^^^^^^^^^^^^^^^^^^^^^^^^^^^^^^^^^^^^^^^^^^^^^^^
torch.OutOfMemoryError: CUDA out of memory. Tried to allocate 1010.00 MiB. GPU 3 has a total capacity of 23.52 GiB of which 457.88 MiB is free. Including non-PyTorch memory, this process has 23.06 GiB memory in use. Of the allocated memory 22.22 GiB is allocated by PyTorch, and 118.97 MiB is reserved by PyTorch but unallocated. If reserved but unallocated memory is large try setting PYTORCH_CUDA_ALLOC_CONF=expandable_segments:True to avoid fragmentation.  See documentation for Memory Management  (https://docs.pytorch.org/docs/stable/notes/cuda.html#optimizing-memory-usage-with-pytorch-cuda-alloc-conf)

[E0e2e] layer=21 rank=0 experts=128/256
[E0e2e] layer=21 rank=0 experts=192/256
[E0e2e] layer=21 rank=0 experts=256/256
[E0e2e] stage 1 layer 21 material loaded
[E0e2e] stage 1 loaded (11 layers, free 4.80 GiB, 12s)
[rank0]:[E721 15:24:29.823168379 ProcessGroupNCCL.cpp:689] [Rank 0] Watchdog caught collective operation timeout: WorkNCCL(SeqNum=5, OpType=ALLGATHER, NumelIn=1, NumelOut=16, Timeout(ms)=1800000) ran for 1800093 milliseconds before timing out.
[rank0]:[E721 15:24:29.823355642 ProcessGroupNCCL.cpp:2303] [PG ID 0 PG GUID 0(default_pg) Rank 0]  failure detected by watchdog at work sequence id: 5 PG status: last enqueued work: 5, last completed work: 4
[rank0]:[E721 15:24:29.825061492 ProcessGroupNCCL.cpp:733] Stack trace of the failed collective: 
#0 all_gather from /home/cysic/Workspace/venvs/sglang/lib/python3.12/site-packages/torch/distributed/distributed_c10d.py:4079
#1 wrapper from /home/cysic/Workspace/venvs/sglang/lib/python3.12/site-packages/torch/distributed/c10d_logger.py:83
#2 all_gather_object from /home/cysic/Workspace/venvs/sglang/lib/python3.12/site-packages/torch/distributed/distributed_c10d.py:3312
#3 wrapper from /home/cysic/Workspace/venvs/sglang/lib/python3.12/site-packages/torch/distributed/c10d_logger.py:83
#4 main from /home/cysic/e0f-runtime/e0ef2e_golden_gate.py:1256
#5 <module> from /home/cysic/e0f-runtime/e0ef2e_golden_gate.py:1293

[rank0]:[E721 15:24:29.825160178 ProcessGroupNCCL.cpp:2636] [PG ID 0 PG GUID 0(default_pg) Rank 0] First PG on this rank to signal dumping.
[rank0]:[E721 15:24:29.880965545 ProcessGroupNCCL.cpp:1914] [PG ID 0 PG GUID 0(default_pg) Rank 0] Received a dump signal due to a collective timeout from this local rank and we will try our best to dump the debug info. Last enqueued NCCL work: 5, last completed NCCL work: 4.This is most likely caused by incorrect usages of collectives, e.g., wrong sizes used across ranks, the order of collectives is not same for all ranks or the scheduled collective, for some reason, didn't run. Additionally, this can be caused by GIL deadlock or other reasons such as network errors or bugs in the communications library (e.g. NCCL), etc. 
[rank0]:[E721 15:24:29.881540320 ProcessGroupNCCL.cpp:1628] [PG ID 0 PG GUID 0(default_pg) Rank 0] ProcessGroupNCCL preparing to dump debug info. Include stack trace: 1, only active collectives: 0
[rank3]:[E721 15:24:29.013396840 ProcessGroupNCCL.cpp:1849] [PG ID 0 PG GUID 0(default_pg) Rank 3] Observed flight recorder dump signal from another rank via TCPStore.
[rank3]:[E721 15:24:29.013633276 ProcessGroupNCCL.cpp:1914] [PG ID 0 PG GUID 0(default_pg) Rank 3] Received a dump signal due to a collective timeout from  rank 0 and we will try our best to dump the debug info. Last enqueued NCCL work: 5, last completed NCCL work: 4.This is most likely caused by incorrect usages of collectives, e.g., wrong sizes used across ranks, the order of collectives is not same for all ranks or the scheduled collective, for some reason, didn't run. Additionally, this can be caused by GIL deadlock or other reasons such as network errors or bugs in the communications library (e.g. NCCL), etc. 
[rank3]:[E721 15:24:29.014346663 ProcessGroupNCCL.cpp:1628] [PG ID 0 PG GUID 0(default_pg) Rank 3] ProcessGroupNCCL preparing to dump debug info. Include stack trace: 1, only active collectives: 0
[rank6]:[E721 15:24:29.033937562 ProcessGroupNCCL.cpp:1849] [PG ID 0 PG GUID 0(default_pg) Rank 6] Observed flight recorder dump signal from another rank via TCPStore.
[rank1]:[E721 15:24:29.034042470 ProcessGroupNCCL.cpp:1849] [PG ID 0 PG GUID 0(default_pg) Rank 1] Observed flight recorder dump signal from another rank via TCPStore.
[rank6]:[E721 15:24:29.034465448 ProcessGroupNCCL.cpp:1914] [PG ID 0 PG GUID 0(default_pg) Rank 6] Received a dump signal due to a collective timeout from  rank 0 and we will try our best to dump the debug info. Last enqueued NCCL work: 4, last completed NCCL work: 4.This is most likely caused by incorrect usages of collectives, e.g., wrong sizes used across ranks, the order of collectives is not same for all ranks or the scheduled collective, for some reason, didn't run. Additionally, this can be caused by GIL deadlock or other reasons such as network errors or bugs in the communications library (e.g. NCCL), etc. 
[rank1]:[E721 15:24:29.034477471 ProcessGroupNCCL.cpp:1914] [PG ID 0 PG GUID 0(default_pg) Rank 1] Received a dump signal due to a collective timeout from  rank 0 and we will try our best to dump the debug info. Last enqueued NCCL work: 5, last completed NCCL work: 4.This is most likely caused by incorrect usages of collectives, e.g., wrong sizes used across ranks, the order of collectives is not same for all ranks or the scheduled collective, for some reason, didn't run. Additionally, this can be caused by GIL deadlock or other reasons such as network errors or bugs in the communications library (e.g. NCCL), etc. 
[rank1]:[E721 15:24:29.034893747 ProcessGroupNCCL.cpp:1628] [PG ID 0 PG GUID 0(default_pg) Rank 1] ProcessGroupNCCL preparing to dump debug info. Include stack trace: 1, only active collectives: 0
[rank6]:[E721 15:24:29.036157182 ProcessGroupNCCL.cpp:1628] [PG ID 0 PG GUID 0(default_pg) Rank 6] ProcessGroupNCCL preparing to dump debug info. Include stack trace: 1, only active collectives: 0
[rank5]:[E721 15:24:29.148660581 ProcessGroupNCCL.cpp:1849] [PG ID 0 PG GUID 0(default_pg) Rank 5] Observed flight recorder dump signal from another rank via TCPStore.
[rank5]:[E721 15:24:29.148971197 ProcessGroupNCCL.cpp:1914] [PG ID 0 PG GUID 0(default_pg) Rank 5] Received a dump signal due to a collective timeout from  rank 0 and we will try our best to dump the debug info. Last enqueued NCCL work: 4, last completed NCCL work: 4.This is most likely caused by incorrect usages of collectives, e.g., wrong sizes used across ranks, the order of collectives is not same for all ranks or the scheduled collective, for some reason, didn't run. Additionally, this can be caused by GIL deadlock or other reasons such as network errors or bugs in the communications library (e.g. NCCL), etc. 
[rank5]:[E721 15:24:29.150099016 ProcessGroupNCCL.cpp:1628] [PG ID 0 PG GUID 0(default_pg) Rank 5] ProcessGroupNCCL preparing to dump debug info. Include stack trace: 1, only active collectives: 0
[rank7]:[E721 15:24:29.234069857 ProcessGroupNCCL.cpp:1849] [PG ID 0 PG GUID 0(default_pg) Rank 7] Observed flight recorder dump signal from another rank via TCPStore.
[rank7]:[E721 15:24:29.234460535 ProcessGroupNCCL.cpp:1914] [PG ID 0 PG GUID 0(default_pg) Rank 7] Received a dump signal due to a collective timeout from  rank 0 and we will try our best to dump the debug info. Last enqueued NCCL work: 4, last completed NCCL work: 4.This is most likely caused by incorrect usages of collectives, e.g., wrong sizes used across ranks, the order of collectives is not same for all ranks or the scheduled collective, for some reason, didn't run. Additionally, this can be caused by GIL deadlock or other reasons such as network errors or bugs in the communications library (e.g. NCCL), etc. 
[rank7]:[E721 15:24:29.235218025 ProcessGroupNCCL.cpp:1628] [PG ID 0 PG GUID 0(default_pg) Rank 7] ProcessGroupNCCL preparing to dump debug info. Include stack trace: 1, only active collectives: 0
[rank2]:[E721 15:24:30.424030173 ProcessGroupNCCL.cpp:1849] [PG ID 0 PG GUID 0(default_pg) Rank 2] Observed flight recorder dump signal from another rank via TCPStore.
[rank4]:[E721 15:24:30.424091890 ProcessGroupNCCL.cpp:1849] [PG ID 0 PG GUID 0(default_pg) Rank 4] Observed flight recorder dump signal from another rank via TCPStore.
[rank2]:[E721 15:24:30.424382618 ProcessGroupNCCL.cpp:1914] [PG ID 0 PG GUID 0(default_pg) Rank 2] Received a dump signal due to a collective timeout from  rank 0 and we will try our best to dump the debug info. Last enqueued NCCL work: 5, last completed NCCL work: 4.This is most likely caused by incorrect usages of collectives, e.g., wrong sizes used across ranks, the order of collectives is not same for all ranks or the scheduled collective, for some reason, didn't run. Additionally, this can be caused by GIL deadlock or other reasons such as network errors or bugs in the communications library (e.g. NCCL), etc. 
[rank4]:[E721 15:24:30.424556216 ProcessGroupNCCL.cpp:1914] [PG ID 0 PG GUID 0(default_pg) Rank 4] Received a dump signal due to a collective timeout from  rank 0 and we will try our best to dump the debug info. Last enqueued NCCL work: 5, last completed NCCL work: 4.This is most likely caused by incorrect usages of collectives, e.g., wrong sizes used across ranks, the order of collectives is not same for all ranks or the scheduled collective, for some reason, didn't run. Additionally, this can be caused by GIL deadlock or other reasons such as network errors or bugs in the communications library (e.g. NCCL), etc. 
[rank2]:[E721 15:24:30.425067391 ProcessGroupNCCL.cpp:1628] [PG ID 0 PG GUID 0(default_pg) Rank 2] ProcessGroupNCCL preparing to dump debug info. Include stack trace: 1, only active collectives: 0
[rank4]:[E721 15:24:30.425361436 ProcessGroupNCCL.cpp:1628] [PG ID 0 PG GUID 0(default_pg) Rank 4] ProcessGroupNCCL preparing to dump debug info. Include stack trace: 1, only active collectives: 0
[rank2]:[E721 15:24:30.177684373 ProcessGroupNCCL.cpp:689] [Rank 2] Watchdog caught collective operation timeout: WorkNCCL(SeqNum=5, OpType=ALLGATHER, NumelIn=1, NumelOut=16, Timeout(ms)=1800000) ran for 1800017 milliseconds before timing out.
[rank2]:[E721 15:24:30.177876696 ProcessGroupNCCL.cpp:2303] [PG ID 0 PG GUID 0(default_pg) Rank 2]  failure detected by watchdog at work sequence id: 5 PG status: last enqueued work: 5, last completed work: 4
[rank2]:[E721 15:24:30.178280098 ProcessGroupNCCL.cpp:733] Stack trace of the failed collective: 
#0 all_gather from /home/cysic/Workspace/venvs/sglang/lib/python3.12/site-packages/torch/distributed/distributed_c10d.py:4079
#1 wrapper from /home/cysic/Workspace/venvs/sglang/lib/python3.12/site-packages/torch/distributed/c10d_logger.py:83
#2 all_gather_object from /home/cysic/Workspace/venvs/sglang/lib/python3.12/site-packages/torch/distributed/distributed_c10d.py:3312
#3 wrapper from /home/cysic/Workspace/venvs/sglang/lib/python3.12/site-packages/torch/distributed/c10d_logger.py:83
#4 main from /home/cysic/e0f-runtime/e0ef2e_golden_gate.py:1256
#5 <module> from /home/cysic/e0f-runtime/e0ef2e_golden_gate.py:1293

[rank1]:[E721 15:24:30.293534160 ProcessGroupNCCL.cpp:689] [Rank 1] Watchdog caught collective operation timeout: WorkNCCL(SeqNum=5, OpType=ALLGATHER, NumelIn=1, NumelOut=16, Timeout(ms)=1800000) ran for 1800094 milliseconds before timing out.
[rank1]:[E721 15:24:30.293659627 ProcessGroupNCCL.cpp:2303] [PG ID 0 PG GUID 0(default_pg) Rank 1]  failure detected by watchdog at work sequence id: 5 PG status: last enqueued work: 5, last completed work: 4
[rank1]:[E721 15:24:30.294063679 ProcessGroupNCCL.cpp:733] Stack trace of the failed collective: 
#0 all_gather from /home/cysic/Workspace/venvs/sglang/lib/python3.12/site-packages/torch/distributed/distributed_c10d.py:4079
#1 wrapper from /home/cysic/Workspace/venvs/sglang/lib/python3.12/site-packages/torch/distributed/c10d_logger.py:83
#2 all_gather_object from /home/cysic/Workspace/venvs/sglang/lib/python3.12/site-packages/torch/distributed/distributed_c10d.py:3312
#3 wrapper from /home/cysic/Workspace/venvs/sglang/lib/python3.12/site-packages/torch/distributed/c10d_logger.py:83
#4 main from /home/cysic/e0f-runtime/e0ef2e_golden_gate.py:1256
#5 <module> from /home/cysic/e0f-runtime/e0ef2e_golden_gate.py:1293

[rank3]:[E721 15:24:31.365276310 ProcessGroupNCCL.cpp:689] [Rank 3] Watchdog caught collective operation timeout: WorkNCCL(SeqNum=5, OpType=ALLGATHER, NumelIn=1, NumelOut=16, Timeout(ms)=1800000) ran for 1800083 milliseconds before timing out.
[rank3]:[E721 15:24:31.365434869 ProcessGroupNCCL.cpp:2303] [PG ID 0 PG GUID 0(default_pg) Rank 3]  failure detected by watchdog at work sequence id: 5 PG status: last enqueued work: 5, last completed work: 4
[rank3]:[E721 15:24:31.366017318 ProcessGroupNCCL.cpp:733] Stack trace of the failed collective: 
#0 all_gather from /home/cysic/Workspace/venvs/sglang/lib/python3.12/site-packages/torch/distributed/distributed_c10d.py:4079
#1 wrapper from /home/cysic/Workspace/venvs/sglang/lib/python3.12/site-packages/torch/distributed/c10d_logger.py:83
#2 all_gather_object from /home/cysic/Workspace/venvs/sglang/lib/python3.12/site-packages/torch/distributed/distributed_c10d.py:3312
#3 wrapper from /home/cysic/Workspace/venvs/sglang/lib/python3.12/site-packages/torch/distributed/c10d_logger.py:83
#4 main from /home/cysic/e0f-runtime/e0ef2e_golden_gate.py:1256
#5 <module> from /home/cysic/e0f-runtime/e0ef2e_golden_gate.py:1293

[rank4]:[E721 15:24:31.743979541 ProcessGroupNCCL.cpp:689] [Rank 4] Watchdog caught collective operation timeout: WorkNCCL(SeqNum=5, OpType=ALLREDUCE, NumelIn=1, NumelOut=1, Timeout(ms)=1800000) ran for 1800024 milliseconds before timing out.
[rank4]:[E721 15:24:31.744196650 ProcessGroupNCCL.cpp:2303] [PG ID 0 PG GUID 0(default_pg) Rank 4]  failure detected by watchdog at work sequence id: 5 PG status: last enqueued work: 5, last completed work: 4
[rank4]:[E721 15:24:31.744607566 ProcessGroupNCCL.cpp:733] Stack trace of the failed collective: 
#0 barrier from /home/cysic/Workspace/venvs/sglang/lib/python3.12/site-packages/torch/distributed/distributed_c10d.py:5030
#1 wrapper from /home/cysic/Workspace/venvs/sglang/lib/python3.12/site-packages/torch/distributed/c10d_logger.py:83
#2 main from /home/cysic/e0f-runtime/e0ef2e_golden_gate.py:1036
#3 <module> from /home/cysic/e0f-runtime/e0ef2e_golden_gate.py:1293

[E0e2e] overall: FAIL
[rank0]:[E721 15:25:30.364451785 ProcessGroupNCCL.cpp:750] [Rank 0] Some NCCL operations have failed or timed out. Due to the asynchronous nature of CUDA kernels, subsequent GPU operations might run on corrupted/incomplete data.
[rank0]:[E721 15:25:30.364490528 ProcessGroupNCCL.cpp:764] [Rank 0] To avoid data inconsistency, we are taking the entire process down.
[rank0]:[E721 15:25:30.365341615 ProcessGroupNCCL.cpp:2119] [PG ID 0 PG GUID 0(default_pg) Rank 0] Process group watchdog thread terminated with exception: [Rank 0] Watchdog caught collective operation timeout: WorkNCCL(SeqNum=5, OpType=ALLGATHER, NumelIn=1, NumelOut=16, Timeout(ms)=1800000) ran for 1800093 milliseconds before timing out.
Exception raised from checkTimeout at /pytorch/torch/csrc/distributed/c10d/ProcessGroupNCCL.cpp:692 (most recent call first):
frame #0: c10::Error::Error(c10::SourceLocation, std::__cxx11::basic_string<char, std::char_traits<char>, std::allocator<char> >) + 0x9d (0x7b4af597305d in /home/cysic/Workspace/venvs/sglang/lib/python3.12/site-packages/torch/lib/libc10.so)
frame #1: c10d::ProcessGroupNCCL::WorkNCCL::checkTimeout(std::optional<std::chrono::duration<long, std::ratio<1l, 1000l> > >) + 0x2a7 (0x7b4a41102ba7 in /home/cysic/Workspace/venvs/sglang/lib/python3.12/site-packages/torch/lib/libtorch_cuda.so)
frame #2: c10d::ProcessGroupNCCL::Watchdog::runLoop() + 0x17b1 (0x7b4a41107fc1 in /home/cysic/Workspace/venvs/sglang/lib/python3.12/site-packages/torch/lib/libtorch_cuda.so)
frame #3: c10d::ProcessGroupNCCL::Watchdog::run() + 0x157 (0x7b4a411093b7 in /home/cysic/Workspace/venvs/sglang/lib/python3.12/site-packages/torch/lib/libtorch_cuda.so)
frame #4: <unknown function> + 0xecdb4 (0x7b4ac5cecdb4 in /lib/x86_64-linux-gnu/libstdc++.so.6)
frame #5: <unknown function> + 0x9caa4 (0x7b4af729caa4 in /lib/x86_64-linux-gnu/libc.so.6)
frame #6: <unknown function> + 0x129c6c (0x7b4af7329c6c in /lib/x86_64-linux-gnu/libc.so.6)

terminate called after throwing an instance of 'c10::DistBackendError'
  what():  [PG ID 0 PG GUID 0(default_pg) Rank 0] Process group watchdog thread terminated with exception: [Rank 0] Watchdog caught collective operation timeout: WorkNCCL(SeqNum=5, OpType=ALLGATHER, NumelIn=1, NumelOut=16, Timeout(ms)=1800000) ran for 1800093 milliseconds before timing out.
Exception raised from checkTimeout at /pytorch/torch/csrc/distributed/c10d/ProcessGroupNCCL.cpp:692 (most recent call first):
frame #0: c10::Error::Error(c10::SourceLocation, std::__cxx11::basic_string<char, std::char_traits<char>, std::allocator<char> >) + 0x9d (0x7b4af597305d in /home/cysic/Workspace/venvs/sglang/lib/python3.12/site-packages/torch/lib/libc10.so)
frame #1: c10d::ProcessGroupNCCL::WorkNCCL::checkTimeout(std::optional<std::chrono::duration<long, std::ratio<1l, 1000l> > >) + 0x2a7 (0x7b4a41102ba7 in /home/cysic/Workspace/venvs/sglang/lib/python3.12/site-packages/torch/lib/libtorch_cuda.so)
frame #2: c10d::ProcessGroupNCCL::Watchdog::runLoop() + 0x17b1 (0x7b4a41107fc1 in /home/cysic/Workspace/venvs/sglang/lib/python3.12/site-packages/torch/lib/libtorch_cuda.so)
frame #3: c10d::ProcessGroupNCCL::Watchdog::run() + 0x157 (0x7b4a411093b7 in /home/cysic/Workspace/venvs/sglang/lib/python3.12/site-packages/torch/lib/libtorch_cuda.so)
frame #4: <unknown function> + 0xecdb4 (0x7b4ac5cecdb4 in /lib/x86_64-linux-gnu/libstdc++.so.6)
frame #5: <unknown function> + 0x9caa4 (0x7b4af729caa4 in /lib/x86_64-linux-gnu/libc.so.6)
frame #6: <unknown function> + 0x129c6c (0x7b4af7329c6c in /lib/x86_64-linux-gnu/libc.so.6)

Exception raised from run at /pytorch/torch/csrc/distributed/c10d/ProcessGroupNCCL.cpp:2125 (most recent call first):
frame #0: c10::Error::Error(c10::SourceLocation, std::__cxx11::basic_string<char, std::char_traits<char>, std::allocator<char> >) + 0x9d (0x7b4af597305d in /home/cysic/Workspace/venvs/sglang/lib/python3.12/site-packages/torch/lib/libc10.so)
frame #1: <unknown function> + 0x68ef03 (0x7b4a4088ef03 in /home/cysic/Workspace/venvs/sglang/lib/python3.12/site-packages/torch/lib/libtorch_cuda.so)
frame #2: <unknown function> + 0xecdb4 (0x7b4ac5cecdb4 in /lib/x86_64-linux-gnu/libstdc++.so.6)
frame #3: <unknown function> + 0x9caa4 (0x7b4af729caa4 in /lib/x86_64-linux-gnu/libc.so.6)
frame #4: <unknown function> + 0x129c6c (0x7b4af7329c6c in /lib/x86_64-linux-gnu/libc.so.6)

[rank2]:[E721 15:25:31.714889918 ProcessGroupNCCL.cpp:750] [Rank 2] Some NCCL operations have failed or timed out. Due to the asynchronous nature of CUDA kernels, subsequent GPU operations might run on corrupted/incomplete data.
[rank2]:[E721 15:25:31.714936375 ProcessGroupNCCL.cpp:764] [Rank 2] To avoid data inconsistency, we are taking the entire process down.
[rank2]:[E721 15:25:31.716363360 ProcessGroupNCCL.cpp:2119] [PG ID 0 PG GUID 0(default_pg) Rank 2] Process group watchdog thread terminated with exception: [Rank 2] Watchdog caught collective operation timeout: WorkNCCL(SeqNum=5, OpType=ALLGATHER, NumelIn=1, NumelOut=16, Timeout(ms)=1800000) ran for 1800017 milliseconds before timing out.
Exception raised from checkTimeout at /pytorch/torch/csrc/distributed/c10d/ProcessGroupNCCL.cpp:692 (most recent call first):
frame #0: c10::Error::Error(c10::SourceLocation, std::__cxx11::basic_string<char, std::char_traits<char>, std::allocator<char> >) + 0x9d (0x7bafe877305d in /home/cysic/Workspace/venvs/sglang/lib/python3.12/site-packages/torch/lib/libc10.so)
frame #1: c10d::ProcessGroupNCCL::WorkNCCL::checkTimeout(std::optional<std::chrono::duration<long, std::ratio<1l, 1000l> > >) + 0x2a7 (0x7baf33f02ba7 in /home/cysic/Workspace/venvs/sglang/lib/python3.12/site-packages/torch/lib/libtorch_cuda.so)
frame #2: c10d::ProcessGroupNCCL::Watchdog::runLoop() + 0x17b1 (0x7baf33f07fc1 in /home/cysic/Workspace/venvs/sglang/lib/python3.12/site-packages/torch/lib/libtorch_cuda.so)
frame #3: c10d::ProcessGroupNCCL::Watchdog::run() + 0x157 (0x7baf33f093b7 in /home/cysic/Workspace/venvs/sglang/lib/python3.12/site-packages/torch/lib/libtorch_cuda.so)
frame #4: <unknown function> + 0xecdb4 (0x7bafb8aecdb4 in /lib/x86_64-linux-gnu/libstdc++.so.6)
frame #5: <unknown function> + 0x9caa4 (0x7bafe9e9caa4 in /lib/x86_64-linux-gnu/libc.so.6)
frame #6: <unknown function> + 0x129c6c (0x7bafe9f29c6c in /lib/x86_64-linux-gnu/libc.so.6)

terminate called after throwing an instance of 'c10::DistBackendError'
  what():  [PG ID 0 PG GUID 0(default_pg) Rank 2] Process group watchdog thread terminated with exception: [Rank 2] Watchdog caught collective operation timeout: WorkNCCL(SeqNum=5, OpType=ALLGATHER, NumelIn=1, NumelOut=16, Timeout(ms)=1800000) ran for 1800017 milliseconds before timing out.
Exception raised from checkTimeout at /pytorch/torch/csrc/distributed/c10d/ProcessGroupNCCL.cpp:692 (most recent call first):
frame #0: c10::Error::Error(c10::SourceLocation, std::__cxx11::basic_string<char, std::char_traits<char>, std::allocator<char> >) + 0x9d (0x7bafe877305d in /home/cysic/Workspace/venvs/sglang/lib/python3.12/site-packages/torch/lib/libc10.so)
frame #1: c10d::ProcessGroupNCCL::WorkNCCL::checkTimeout(std::optional<std::chrono::duration<long, std::ratio<1l, 1000l> > >) + 0x2a7 (0x7baf33f02ba7 in /home/cysic/Workspace/venvs/sglang/lib/python3.12/site-packages/torch/lib/libtorch_cuda.so)
frame #2: c10d::ProcessGroupNCCL::Watchdog::runLoop() + 0x17b1 (0x7baf33f07fc1 in /home/cysic/Workspace/venvs/sglang/lib/python3.12/site-packages/torch/lib/libtorch_cuda.so)
frame #3: c10d::ProcessGroupNCCL::Watchdog::run() + 0x157 (0x7baf33f093b7 in /home/cysic/Workspace/venvs/sglang/lib/python3.12/site-packages/torch/lib/libtorch_cuda.so)
frame #4: <unknown function> + 0xecdb4 (0x7bafb8aecdb4 in /lib/x86_64-linux-gnu/libstdc++.so.6)
frame #5: <unknown function> + 0x9caa4 (0x7bafe9e9caa4 in /lib/x86_64-linux-gnu/libc.so.6)
frame #6: <unknown function> + 0x129c6c (0x7bafe9f29c6c in /lib/x86_64-linux-gnu/libc.so.6)

Exception raised from run at /pytorch/torch/csrc/distributed/c10d/ProcessGroupNCCL.cpp:2125 (most recent call first):
frame #0: c10::Error::Error(c10::SourceLocation, std::__cxx11::basic_string<char, std::char_traits<char>, std::allocator<char> >) + 0x9d (0x7bafe877305d in /home/cysic/Workspace/venvs/sglang/lib/python3.12/site-packages/torch/lib/libc10.so)
frame #1: <unknown function> + 0x68ef03 (0x7baf3368ef03 in /home/cysic/Workspace/venvs/sglang/lib/python3.12/site-packages/torch/lib/libtorch_cuda.so)
frame #2: <unknown function> + 0xecdb4 (0x7bafb8aecdb4 in /lib/x86_64-linux-gnu/libstdc++.so.6)
frame #3: <unknown function> + 0x9caa4 (0x7bafe9e9caa4 in /lib/x86_64-linux-gnu/libc.so.6)
frame #4: <unknown function> + 0x129c6c (0x7bafe9f29c6c in /lib/x86_64-linux-gnu/libc.so.6)

[rank3]:[E721 15:25:31.750285935 ProcessGroupNCCL.cpp:750] [Rank 3] Some NCCL operations have failed or timed out. Due to the asynchronous nature of CUDA kernels, subsequent GPU operations might run on corrupted/incomplete data.
[rank3]:[E721 15:25:31.750327283 ProcessGroupNCCL.cpp:764] [Rank 3] To avoid data inconsistency, we are taking the entire process down.
[rank3]:[E721 15:25:31.751203868 ProcessGroupNCCL.cpp:2119] [PG ID 0 PG GUID 0(default_pg) Rank 3] Process group watchdog thread terminated with exception: [Rank 3] Watchdog caught collective operation timeout: WorkNCCL(SeqNum=5, OpType=ALLGATHER, NumelIn=1, NumelOut=16, Timeout(ms)=1800000) ran for 1800083 milliseconds before timing out.
Exception raised from checkTimeout at /pytorch/torch/csrc/distributed/c10d/ProcessGroupNCCL.cpp:692 (most recent call first):
frame #0: c10::Error::Error(c10::SourceLocation, std::__cxx11::basic_string<char, std::char_traits<char>, std::allocator<char> >) + 0x9d (0x7410d037305d in /home/cysic/Workspace/venvs/sglang/lib/python3.12/site-packages/torch/lib/libc10.so)
frame #1: c10d::ProcessGroupNCCL::WorkNCCL::checkTimeout(std::optional<std::chrono::duration<long, std::ratio<1l, 1000l> > >) + 0x2a7 (0x74101bb02ba7 in /home/cysic/Workspace/venvs/sglang/lib/python3.12/site-packages/torch/lib/libtorch_cuda.so)
frame #2: c10d::ProcessGroupNCCL::Watchdog::runLoop() + 0x17b1 (0x74101bb07fc1 in /home/cysic/Workspace/venvs/sglang/lib/python3.12/site-packages/torch/lib/libtorch_cuda.so)
frame #3: c10d::ProcessGroupNCCL::Watchdog::run() + 0x157 (0x74101bb093b7 in /home/cysic/Workspace/venvs/sglang/lib/python3.12/site-packages/torch/lib/libtorch_cuda.so)
frame #4: <unknown function> + 0xecdb4 (0x7410a06ecdb4 in /lib/x86_64-linux-gnu/libstdc++.so.6)
frame #5: <unknown function> + 0x9caa4 (0x7410d1c9caa4 in /lib/x86_64-linux-gnu/libc.so.6)
frame #6: <unknown function> + 0x129c6c (0x7410d1d29c6c in /lib/x86_64-linux-gnu/libc.so.6)

terminate called after throwing an instance of 'c10::DistBackendError'
  what():  [PG ID 0 PG GUID 0(default_pg) Rank 3] Process group watchdog thread terminated with exception: [Rank 3] Watchdog caught collective operation timeout: WorkNCCL(SeqNum=5, OpType=ALLGATHER, NumelIn=1, NumelOut=16, Timeout(ms)=1800000) ran for 1800083 milliseconds before timing out.
Exception raised from checkTimeout at /pytorch/torch/csrc/distributed/c10d/ProcessGroupNCCL.cpp:692 (most recent call first):
frame #0: c10::Error::Error(c10::SourceLocation, std::__cxx11::basic_string<char, std::char_traits<char>, std::allocator<char> >) + 0x9d (0x7410d037305d in /home/cysic/Workspace/venvs/sglang/lib/python3.12/site-packages/torch/lib/libc10.so)
frame #1: c10d::ProcessGroupNCCL::WorkNCCL::checkTimeout(std::optional<std::chrono::duration<long, std::ratio<1l, 1000l> > >) + 0x2a7 (0x74101bb02ba7 in /home/cysic/Workspace/venvs/sglang/lib/python3.12/site-packages/torch/lib/libtorch_cuda.so)
frame #2: c10d::ProcessGroupNCCL::Watchdog::runLoop() + 0x17b1 (0x74101bb07fc1 in /home/cysic/Workspace/venvs/sglang/lib/python3.12/site-packages/torch/lib/libtorch_cuda.so)
frame #3: c10d::ProcessGroupNCCL::Watchdog::run() + 0x157 (0x74101bb093b7 in /home/cysic/Workspace/venvs/sglang/lib/python3.12/site-packages/torch/lib/libtorch_cuda.so)
frame #4: <unknown function> + 0xecdb4 (0x7410a06ecdb4 in /lib/x86_64-linux-gnu/libstdc++.so.6)
frame #5: <unknown function> + 0x9caa4 (0x7410d1c9caa4 in /lib/x86_64-linux-gnu/libc.so.6)
frame #6: <unknown function> + 0x129c6c (0x7410d1d29c6c in /lib/x86_64-linux-gnu/libc.so.6)

Exception raised from run at /pytorch/torch/csrc/distributed/c10d/ProcessGroupNCCL.cpp:2125 (most recent call first):
frame #0: c10::Error::Error(c10::SourceLocation, std::__cxx11::basic_string<char, std::char_traits<char>, std::allocator<char> >) + 0x9d (0x7410d037305d in /home/cysic/Workspace/venvs/sglang/lib/python3.12/site-packages/torch/lib/libc10.so)
frame #1: <unknown function> + 0x68ef03 (0x74101b28ef03 in /home/cysic/Workspace/venvs/sglang/lib/python3.12/site-packages/torch/lib/libtorch_cuda.so)
frame #2: <unknown function> + 0xecdb4 (0x7410a06ecdb4 in /lib/x86_64-linux-gnu/libstdc++.so.6)
frame #3: <unknown function> + 0x9caa4 (0x7410d1c9caa4 in /lib/x86_64-linux-gnu/libc.so.6)
frame #4: <unknown function> + 0x129c6c (0x7410d1d29c6c in /lib/x86_64-linux-gnu/libc.so.6)

W0721 15:25:31.428000 250297 torch/distributed/elastic/multiprocessing/api.py:1012] Sending process 250388 closing signal SIGTERM
W0721 15:25:31.431000 250297 torch/distributed/elastic/multiprocessing/api.py:1012] Sending process 250389 closing signal SIGTERM
W0721 15:25:31.431000 250297 torch/distributed/elastic/multiprocessing/api.py:1012] Sending process 250390 closing signal SIGTERM
W0721 15:25:31.431000 250297 torch/distributed/elastic/multiprocessing/api.py:1012] Sending process 250391 closing signal SIGTERM
W0721 15:25:31.432000 250297 torch/distributed/elastic/multiprocessing/api.py:1012] Sending process 250392 closing signal SIGTERM
W0721 15:25:31.432000 250297 torch/distributed/elastic/multiprocessing/api.py:1012] Sending process 250393 closing signal SIGTERM
W0721 15:25:31.433000 250297 torch/distributed/elastic/multiprocessing/api.py:1012] Sending process 250394 closing signal SIGTERM
E0721 15:25:33.781000 250297 torch/distributed/elastic/multiprocessing/api.py:986] failed (exitcode: -6) local_rank: 0 (pid: 250387) of binary: /home/cysic/Workspace/venvs/sglang/bin/python3
Traceback (most recent call last):
  File "/home/cysic/Workspace/venvs/sglang/bin/torchrun", line 10, in <module>
    sys.exit(main())
             ^^^^^^
  File "/home/cysic/Workspace/venvs/sglang/lib/python3.12/site-packages/torch/distributed/elastic/multiprocessing/errors/__init__.py", line 362, in wrapper
    return f(*args, **kwargs)
           ^^^^^^^^^^^^^^^^^^
  File "/home/cysic/Workspace/venvs/sglang/lib/python3.12/site-packages/torch/distributed/run.py", line 990, in main
    run(args)
  File "/home/cysic/Workspace/venvs/sglang/lib/python3.12/site-packages/torch/distributed/run.py", line 981, in run
    elastic_launch(
  File "/home/cysic/Workspace/venvs/sglang/lib/python3.12/site-packages/torch/distributed/launcher/api.py", line 170, in __call__
    return launch_agent(self._config, self._entrypoint, list(args))
           ^^^^^^^^^^^^^^^^^^^^^^^^^^^^^^^^^^^^^^^^^^^^^^^^^^^^^^^^
  File "/home/cysic/Workspace/venvs/sglang/lib/python3.12/site-packages/torch/distributed/launcher/api.py", line 317, in launch_agent
    raise ChildFailedError(
torch.distributed.elastic.multiprocessing.errors.ChildFailedError: 
========================================================
e0ef2e_golden_gate.py FAILED
--------------------------------------------------------
Failures:
[1]:
  time      : 2026-07-21_15:25:33
  host      : titan064
  rank      : 1 (local_rank: 1)
  exitcode  : -15 (pid: 250388)
  error_file: <N/A>
  traceback : Signal 15 (SIGTERM) received by PID 250388
[2]:
  time      : 2026-07-21_15:25:33
  host      : titan064
  rank      : 2 (local_rank: 2)
  exitcode  : -6 (pid: 250389)
  error_file: <N/A>
  traceback : Signal 6 (SIGABRT) received by PID 250389
[3]:
  time      : 2026-07-21_15:25:33
  host      : titan064
  rank      : 3 (local_rank: 3)
  exitcode  : -6 (pid: 250390)
  error_file: <N/A>
  traceback : Signal 6 (SIGABRT) received by PID 250390
[4]:
  time      : 2026-07-21_15:25:33
  host      : titan064
  rank      : 4 (local_rank: 4)
  exitcode  : -15 (pid: 250391)
  error_file: <N/A>
  traceback : Signal 15 (SIGTERM) received by PID 250391
[5]:
  time      : 2026-07-21_15:25:33
  host      : titan064
  rank      : 5 (local_rank: 5)
  exitcode  : -15 (pid: 250392)
  error_file: <N/A>
  traceback : Signal 15 (SIGTERM) received by PID 250392
[6]:
  time      : 2026-07-21_15:25:33
  host      : titan064
  rank      : 6 (local_rank: 6)
  exitcode  : -15 (pid: 250393)
  error_file: <N/A>
  traceback : Signal 15 (SIGTERM) received by PID 250393
[7]:
  time      : 2026-07-21_15:25:33
  host      : titan064
  rank      : 7 (local_rank: 7)
  exitcode  : -15 (pid: 250394)
  error_file: <N/A>
  traceback : Signal 15 (SIGTERM) received by PID 250394
--------------------------------------------------------
Root Cause (first observed failure):
[0]:
  time      : 2026-07-21_15:25:31
  host      : titan064
  rank      : 0 (local_rank: 0)
  exitcode  : -6 (pid: 250387)
  error_file: <N/A>
  traceback : Signal 6 (SIGABRT) received by PID 250387
========================================================
