W0721 14:44:24.850000 248154 torch/distributed/run.py:851] 
W0721 14:44:24.850000 248154 torch/distributed/run.py:851] *****************************************
W0721 14:44:24.850000 248154 torch/distributed/run.py:851] Setting OMP_NUM_THREADS environment variable for each process to be 1 in default, to avoid your system being overloaded, please further tune the variable for optimal performance in your application as needed. 
W0721 14:44:24.850000 248154 torch/distributed/run.py:851] *****************************************
[E0e2e] placement {0: ['titan064'], 1: ['titan064'], 2: ['titan065'], 3: ['titan065']}
[transformers] Unrecognized keys in `rope_parameters` for 'rope_type'='default': {'attention_factor'}
[E0e2e] layer=0 rank=0 experts=64/256
[E0e2e] layer=0 rank=0 experts=128/256
[E0e2e] layer=0 rank=0 experts=192/256
[E0e2e] layer=0 rank=0 experts=256/256
[E0e2e] stage 0 layer 0 material loaded
[E0e2e] layer=1 rank=0 experts=64/256
[E0e2e] layer=1 rank=0 experts=128/256
[E0e2e] layer=1 rank=0 experts=192/256
[E0e2e] layer=1 rank=0 experts=256/256
[E0e2e] stage 0 layer 1 material loaded
[E0e2e] layer=2 rank=0 experts=64/256
[E0e2e] layer=2 rank=0 experts=128/256
[E0e2e] layer=2 rank=0 experts=192/256
[E0e2e] layer=2 rank=0 experts=256/256
[E0e2e] stage 0 layer 2 material loaded
[E0e2e] layer=3 rank=0 experts=64/256
[E0e2e] layer=3 rank=0 experts=128/256
[E0e2e] layer=11 rank=0 experts=64/256
[E0e2e] layer=3 rank=0 experts=192/256
[E0e2e] layer=3 rank=0 experts=256/256
[E0e2e] layer=11 rank=0 experts=128/256
[E0e2e] stage 0 layer 3 material loaded
[E0e2e] layer=11 rank=0 experts=192/256
[E0e2e] layer=11 rank=0 experts=256/256
[E0e2e] layer=4 rank=0 experts=64/256
[E0e2e] stage 1 layer 11 material loaded
[E0e2e] layer=4 rank=0 experts=128/256
[E0e2e] layer=4 rank=0 experts=192/256
[E0e2e] layer=12 rank=0 experts=64/256
[E0e2e] layer=4 rank=0 experts=256/256
[E0e2e] stage 0 layer 4 material loaded
[E0e2e] layer=12 rank=0 experts=128/256
[E0e2e] layer=12 rank=0 experts=192/256
[E0e2e] layer=5 rank=0 experts=64/256
[E0e2e] layer=12 rank=0 experts=256/256
[E0e2e] stage 1 layer 12 material loaded
[E0e2e] layer=5 rank=0 experts=128/256
[E0e2e] layer=5 rank=0 experts=192/256
[E0e2e] layer=5 rank=0 experts=256/256
[E0e2e] layer=13 rank=0 experts=64/256
[E0e2e] stage 0 layer 5 material loaded
[E0e2e] layer=13 rank=0 experts=128/256
[E0e2e] layer=13 rank=0 experts=192/256
[E0e2e] layer=6 rank=0 experts=64/256
[E0e2e] layer=13 rank=0 experts=256/256
[E0e2e] layer=6 rank=0 experts=128/256
[E0e2e] stage 1 layer 13 material loaded
[E0e2e] layer=6 rank=0 experts=192/256
[E0e2e] layer=6 rank=0 experts=256/256
[E0e2e] layer=14 rank=0 experts=64/256
[E0e2e] stage 0 layer 6 material loaded
[E0e2e] layer=14 rank=0 experts=128/256
[E0e2e] layer=7 rank=0 experts=64/256
[E0e2e] layer=14 rank=0 experts=192/256
[E0e2e] layer=7 rank=0 experts=128/256
[E0e2e] layer=14 rank=0 experts=256/256
[E0e2e] stage 1 layer 14 material loaded
[E0e2e] layer=7 rank=0 experts=192/256
[E0e2e] layer=7 rank=0 experts=256/256
[E0e2e] stage 0 layer 7 material loaded
[E0e2e] layer=15 rank=0 experts=64/256
[E0e2e] layer=15 rank=0 experts=128/256
[E0e2e] layer=8 rank=0 experts=64/256
[E0e2e] layer=15 rank=0 experts=192/256
[E0e2e] layer=8 rank=0 experts=128/256
[E0e2e] layer=15 rank=0 experts=256/256
[E0e2e] layer=8 rank=0 experts=192/256
[E0e2e] stage 1 layer 15 material loaded
[E0e2e] layer=8 rank=0 experts=256/256
[E0e2e] stage 0 layer 8 material loaded
[E0e2e] layer=16 rank=0 experts=64/256
[E0e2e] layer=16 rank=0 experts=128/256
[E0e2e] layer=9 rank=0 experts=64/256
[E0e2e] layer=9 rank=0 experts=128/256
[E0e2e] layer=16 rank=0 experts=192/256
[E0e2e] layer=9 rank=0 experts=192/256
[E0e2e] layer=16 rank=0 experts=256/256
[E0e2e] stage 1 layer 16 material loaded
[E0e2e] layer=9 rank=0 experts=256/256
[E0e2e] stage 0 layer 9 material loaded
[E0e2e] layer=17 rank=0 experts=64/256
[E0e2e] layer=10 rank=0 experts=64/256
[E0e2e] layer=17 rank=0 experts=128/256
[E0e2e] layer=10 rank=0 experts=128/256
[E0e2e] layer=17 rank=0 experts=192/256
[E0e2e] layer=10 rank=0 experts=192/256
[E0e2e] layer=17 rank=0 experts=256/256
[E0e2e] layer=10 rank=0 experts=256/256
[E0e2e] stage 1 layer 17 material loaded
[E0e2e] stage 0 layer 10 material loaded
[E0e2e] layer=18 rank=0 experts=64/256
[E0e2e] stage 0 loaded (11 layers, free 5.65 GiB, 10s)
[E0e2e] layer=18 rank=0 experts=128/256
[E0e2e] layer=18 rank=0 experts=192/256
[E0e2e] layer=18 rank=0 experts=256/256
[E0e2e] stage 1 layer 18 material loaded
[E0e2e] layer=19 rank=0 experts=64/256
[E0e2e] layer=19 rank=0 experts=128/256
[E0e2e] layer=19 rank=0 experts=192/256
[E0e2e] layer=19 rank=0 experts=256/256
[E0e2e] stage 1 layer 19 material loaded
[E0e2e] layer=20 rank=0 experts=64/256
[E0e2e] layer=20 rank=0 experts=128/256
[E0e2e] layer=20 rank=0 experts=192/256
[E0e2e] layer=20 rank=0 experts=256/256
[E0e2e] stage 1 layer 20 material loaded
[E0e2e] layer=21 rank=0 experts=64/256
[E0e2e] layer=21 rank=0 experts=128/256
[E0e2e] layer=21 rank=0 experts=192/256
[E0e2e] layer=21 rank=0 experts=256/256
[E0e2e] stage 1 layer 21 material loaded
[E0e2e] stage 1 loaded (11 layers, free 8.68 GiB, 12s)
[E0e2e][eager] prompt 0: 48/55 golden tokens matched; first mismatch step 8 pred 23802 vs golden 50881 top2_gap 0.3502 golden_deficit 0.3502 (decode 77 ms/step)
[E0e2e][eager] prompt 1: 62/64 golden tokens matched; first mismatch step 0 pred 3655 vs golden 32111 top2_gap 1.1781 golden_deficit 2.7737 (decode 84 ms/step)
[E0e2e][eager] prompt 2: 63/64 golden tokens matched; first mismatch step 2 pred 3975 vs golden 5442 top2_gap 0.0450 golden_deficit 0.0450 (decode 84 ms/step)
[E0e2e][eager] prompt 3: 40/40 golden tokens matched (decode 83 ms/step)
[E0e2e][eager] prompt 4: 60/64 golden tokens matched; first mismatch step 0 pred 103248 vs golden 3655 top2_gap 0.4810 golden_deficit 0.4810 (decode 84 ms/step)
[E0e2e][eager] prompt 5: 61/64 golden tokens matched; first mismatch step 10 pred 666 vs golden 2619 top2_gap 0.2029 golden_deficit 0.2029 (decode 84 ms/step)
[E0e2e][eager] prompt 6: 62/64 golden tokens matched; first mismatch step 1 pred 7596 vs golden 11229 top2_gap 0.0425 golden_deficit 0.0425 (decode 82 ms/step)
[E0e2e][eager] prompt 7: 61/64 golden tokens matched; first mismatch step 7 pred 13453 vs golden 2502 top2_gap 0.0638 golden_deficit 0.0638 (decode 81 ms/step)
[E0e2e][eager] prompt 8: 63/64 golden tokens matched; first mismatch step 20 pred 15408 vs golden 6451 top2_gap 0.4821 golden_deficit 0.4821 (decode 81 ms/step)
[E0e2e][eager] prompt 9: 64/64 golden tokens matched (decode 81 ms/step)
[E0e2e][eager] prompt 10: 63/64 golden tokens matched; first mismatch step 14 pred 795 vs golden 19 top2_gap 0.6170 golden_deficit 0.6170 (decode 81 ms/step)
[E0e2e][eager] prompt 11: 60/64 golden tokens matched; first mismatch step 44 pred 5238 vs golden 343 top2_gap 0.0226 golden_deficit 0.0226 (decode 81 ms/step)
[E0e2e][eager] prompt 12: 60/64 golden tokens matched; first mismatch step 0 pred 103248 vs golden 31595 top2_gap 0.6418 golden_deficit 0.6418 (decode 76 ms/step)
[E0e2e][eager] prompt 13: 61/64 golden tokens matched; first mismatch step 6 pred 46613 vs golden 71350 top2_gap 0.2973 golden_deficit 0.2973 (decode 76 ms/step)
[E0e2e][eager] prompt 14: 64/64 golden tokens matched (decode 76 ms/step)
[E0e2e] overall: PASS
