W0721 05:54:58.487000 212477 torch/distributed/run.py:851] 
W0721 05:54:58.487000 212477 torch/distributed/run.py:851] *****************************************
W0721 05:54:58.487000 212477 torch/distributed/run.py:851] Setting OMP_NUM_THREADS environment variable for each process to be 1 in default, to avoid your system being overloaded, please further tune the variable for optimal performance in your application as needed. 
W0721 05:54:58.487000 212477 torch/distributed/run.py:851] *****************************************
[E0e2e] placement {0: ['titan064'], 1: ['titan064'], 2: ['titan065'], 3: ['titan065']}
[transformers] Unrecognized keys in `rope_parameters` for 'rope_type'='default': {'attention_factor'}
[E0e2e] layer=0 rank=0 experts=64/256
[E0e2e] layer=0 rank=0 experts=128/256
[E0e2e] layer=0 rank=0 experts=192/256
[E0e2e] layer=0 rank=0 experts=256/256
[E0e2e] stage 0 layer 0 material loaded
[E0e2e] layer=1 rank=0 experts=64/256
[E0e2e] layer=1 rank=0 experts=128/256
[E0e2e] layer=1 rank=0 experts=192/256
[E0e2e] layer=1 rank=0 experts=256/256
[E0e2e] stage 0 layer 1 material loaded
[E0e2e] layer=2 rank=0 experts=64/256
[E0e2e] layer=2 rank=0 experts=128/256
[E0e2e] layer=2 rank=0 experts=192/256
[E0e2e] layer=2 rank=0 experts=256/256
[E0e2e] stage 0 layer 2 material loaded
[E0e2e] layer=3 rank=0 experts=64/256
[E0e2e] layer=3 rank=0 experts=128/256
[E0e2e] layer=3 rank=0 experts=192/256
[E0e2e] layer=11 rank=0 experts=64/256
[E0e2e] layer=3 rank=0 experts=256/256
[E0e2e] layer=11 rank=0 experts=128/256
[E0e2e] stage 0 layer 3 material loaded
[E0e2e] layer=11 rank=0 experts=192/256
[E0e2e] layer=4 rank=0 experts=64/256
[E0e2e] layer=11 rank=0 experts=256/256
[E0e2e] stage 1 layer 11 material loaded
[E0e2e] layer=4 rank=0 experts=128/256
[E0e2e] layer=4 rank=0 experts=192/256
[E0e2e] layer=4 rank=0 experts=256/256
[E0e2e] layer=12 rank=0 experts=64/256
[E0e2e] stage 0 layer 4 material loaded
[E0e2e] layer=12 rank=0 experts=128/256
[E0e2e] layer=12 rank=0 experts=192/256
[E0e2e] layer=5 rank=0 experts=64/256
[E0e2e] layer=12 rank=0 experts=256/256
[E0e2e] layer=5 rank=0 experts=128/256
[E0e2e] stage 1 layer 12 material loaded
[E0e2e] layer=5 rank=0 experts=192/256
[E0e2e] layer=5 rank=0 experts=256/256
[E0e2e] stage 0 layer 5 material loaded
[E0e2e] layer=13 rank=0 experts=64/256
[E0e2e] layer=13 rank=0 experts=128/256
[E0e2e] layer=6 rank=0 experts=64/256
[E0e2e] layer=13 rank=0 experts=192/256
[E0e2e] layer=6 rank=0 experts=128/256
[E0e2e] layer=13 rank=0 experts=256/256
[E0e2e] stage 1 layer 13 material loaded
[E0e2e] layer=6 rank=0 experts=192/256
[E0e2e] layer=6 rank=0 experts=256/256
[E0e2e] stage 0 layer 6 material loaded
[E0e2e] layer=14 rank=0 experts=64/256
[E0e2e] layer=14 rank=0 experts=128/256
[E0e2e] layer=7 rank=0 experts=64/256
[E0e2e] layer=14 rank=0 experts=192/256
[E0e2e] layer=7 rank=0 experts=128/256
[E0e2e] layer=14 rank=0 experts=256/256
[E0e2e] layer=7 rank=0 experts=192/256
[E0e2e] stage 1 layer 14 material loaded
[E0e2e] layer=7 rank=0 experts=256/256
[E0e2e] stage 0 layer 7 material loaded
[E0e2e] layer=15 rank=0 experts=64/256
[E0e2e] layer=8 rank=0 experts=64/256
[E0e2e] layer=15 rank=0 experts=128/256
[E0e2e] layer=8 rank=0 experts=128/256
[E0e2e] layer=15 rank=0 experts=192/256
[E0e2e] layer=8 rank=0 experts=192/256
[E0e2e] layer=15 rank=0 experts=256/256
[E0e2e] layer=8 rank=0 experts=256/256
[E0e2e] stage 1 layer 15 material loaded
[E0e2e] stage 0 layer 8 material loaded
[E0e2e] layer=16 rank=0 experts=64/256
[E0e2e] layer=9 rank=0 experts=64/256
[E0e2e] layer=16 rank=0 experts=128/256
[E0e2e] layer=9 rank=0 experts=128/256
[E0e2e] layer=16 rank=0 experts=192/256
[E0e2e] layer=9 rank=0 experts=192/256
[E0e2e] layer=16 rank=0 experts=256/256
[E0e2e] layer=9 rank=0 experts=256/256
[E0e2e] stage 1 layer 16 material loaded
[E0e2e] stage 0 layer 9 material loaded
[E0e2e] layer=10 rank=0 experts=64/256
[E0e2e] layer=17 rank=0 experts=64/256
[E0e2e] layer=10 rank=0 experts=128/256
[E0e2e] layer=17 rank=0 experts=128/256
[E0e2e] layer=10 rank=0 experts=192/256
[E0e2e] layer=17 rank=0 experts=192/256
[E0e2e] layer=10 rank=0 experts=256/256
[E0e2e] layer=17 rank=0 experts=256/256
[E0e2e] stage 0 layer 10 material loaded
[E0e2e] stage 1 layer 17 material loaded
[E0e2e] stage 0 loaded (11 layers, free 4.23 GiB, 10s)
[E0e2e] layer=18 rank=0 experts=64/256
[E0e2e] layer=18 rank=0 experts=128/256
[E0e2e] layer=18 rank=0 experts=192/256
[E0e2e] layer=18 rank=0 experts=256/256
[E0e2e] stage 1 layer 18 material loaded
[E0e2e] layer=19 rank=0 experts=64/256
[E0e2e] layer=19 rank=0 experts=128/256
[E0e2e] layer=19 rank=0 experts=192/256
[E0e2e] layer=19 rank=0 experts=256/256
[E0e2e] stage 1 layer 19 material loaded
[E0e2e] layer=20 rank=0 experts=64/256
[E0e2e] layer=20 rank=0 experts=128/256
[E0e2e] layer=20 rank=0 experts=192/256
[E0e2e] layer=20 rank=0 experts=256/256
[E0e2e] stage 1 layer 20 material loaded
[E0e2e] layer=21 rank=0 experts=64/256
[E0e2e] layer=21 rank=0 experts=128/256
[E0e2e] layer=21 rank=0 experts=192/256
[E0e2e] layer=21 rank=0 experts=256/256
[E0e2e] stage 1 layer 21 material loaded
[E0e2e] stage 1 loaded (11 layers, free 7.30 GiB, 12s)
[E0e2e][fused] prompt 0: 61/64 golden tokens matched; first mismatch step 26 pred 5852 vs golden 3451 top2_gap 0.3549 golden_deficit 0.3549 (decode 78 ms/step)
[E0e2e][fused] prompt 1: 60/64 golden tokens matched; first mismatch step 3 pred 37437 vs golden 4496 top2_gap 0.1841 golden_deficit 0.1841 (decode 84 ms/step)
[E0e2e][fused] prompt 2: 62/64 golden tokens matched; first mismatch step 19 pred 1542 vs golden 6232 top2_gap 0.0639 golden_deficit 0.0639 (decode 84 ms/step)
[E0e2e][fused] prompt 3: 63/64 golden tokens matched; first mismatch step 45 pred 430 vs golden 10227 top2_gap 0.3633 golden_deficit 0.3633 (decode 81 ms/step)
[E0e2e][fused] prompt 4: 60/64 golden tokens matched; first mismatch step 17 pred 17105 vs golden 38096 top2_gap 1.4920 golden_deficit 1.4920 (decode 82 ms/step)
[E0e2e][fused] prompt 5: 60/64 golden tokens matched; first mismatch step 5 pred 83633 vs golden 46967 top2_gap 0.0802 golden_deficit 0.0802 (decode 81 ms/step)
[E0e2e][fused] prompt 6: 60/64 golden tokens matched; first mismatch step 18 pred 2971 vs golden 13808 top2_gap 0.6138 golden_deficit 0.6138 (decode 77 ms/step)
[E0e2e][fused] prompt 7: 63/64 golden tokens matched; first mismatch step 3 pred 11868 vs golden 14325 top2_gap 0.1288 golden_deficit 0.1288 (decode 77 ms/step)
[E0e2e] overall: PASS
