W0721 13:35:57.627000 186282 torch/distributed/run.py:851] 
W0721 13:35:57.627000 186282 torch/distributed/run.py:851] *****************************************
W0721 13:35:57.627000 186282 torch/distributed/run.py:851] Setting OMP_NUM_THREADS environment variable for each process to be 1 in default, to avoid your system being overloaded, please further tune the variable for optimal performance in your application as needed. 
W0721 13:35:57.627000 186282 torch/distributed/run.py:851] *****************************************
[E0e2e] layer=22 rank=0 experts=64/256
[E0e2e] layer=33 rank=0 experts=64/256
[E0e2e] layer=22 rank=0 experts=128/256
[E0e2e] layer=33 rank=0 experts=128/256
[E0e2e] layer=22 rank=0 experts=192/256
[E0e2e] layer=33 rank=0 experts=192/256
[E0e2e] layer=22 rank=0 experts=256/256
[E0e2e] stage 2 layer 22 material loaded
[E0e2e] layer=33 rank=0 experts=256/256
[E0e2e] stage 3 layer 33 material loaded
[E0e2e] layer=23 rank=0 experts=64/256
[E0e2e] layer=34 rank=0 experts=64/256
[E0e2e] layer=23 rank=0 experts=128/256
[E0e2e] layer=34 rank=0 experts=128/256
[E0e2e] layer=23 rank=0 experts=192/256
[E0e2e] layer=34 rank=0 experts=192/256
[E0e2e] layer=23 rank=0 experts=256/256
[E0e2e] stage 2 layer 23 material loaded
[E0e2e] layer=34 rank=0 experts=256/256
[E0e2e] stage 3 layer 34 material loaded
[E0e2e] layer=24 rank=0 experts=64/256
[E0e2e] layer=35 rank=0 experts=64/256
[E0e2e] layer=24 rank=0 experts=128/256
[E0e2e] layer=35 rank=0 experts=128/256
[E0e2e] layer=24 rank=0 experts=192/256
[E0e2e] layer=35 rank=0 experts=192/256
[E0e2e] layer=24 rank=0 experts=256/256
