W0721 14:17:58.869000 190807 torch/distributed/run.py:851] 
W0721 14:17:58.869000 190807 torch/distributed/run.py:851] *****************************************
W0721 14:17:58.869000 190807 torch/distributed/run.py:851] Setting OMP_NUM_THREADS environment variable for each process to be 1 in default, to avoid your system being overloaded, please further tune the variable for optimal performance in your application as needed. 
W0721 14:17:58.869000 190807 torch/distributed/run.py:851] *****************************************
[E0e2e] layer=22 rank=0 experts=64/256
[E0e2e] layer=33 rank=0 experts=64/256
[E0e2e] layer=22 rank=0 experts=128/256
[E0e2e] layer=33 rank=0 experts=128/256
[E0e2e] layer=22 rank=0 experts=192/256
[E0e2e] layer=33 rank=0 experts=192/256
[E0e2e] layer=22 rank=0 experts=256/256
[E0e2e] stage 2 layer 22 material loaded
[E0e2e] layer=33 rank=0 experts=256/256
[E0e2e] stage 3 layer 33 material loaded
[E0e2e] layer=23 rank=0 experts=64/256
[E0e2e] layer=23 rank=0 experts=128/256
[E0e2e] layer=34 rank=0 experts=64/256
[E0e2e] layer=23 rank=0 experts=192/256
[E0e2e] layer=34 rank=0 experts=128/256
[E0e2e] layer=23 rank=0 experts=256/256
[E0e2e] layer=34 rank=0 experts=192/256
[E0e2e] stage 2 layer 23 material loaded
[E0e2e] layer=34 rank=0 experts=256/256
[E0e2e] stage 3 layer 34 material loaded
[E0e2e] layer=24 rank=0 experts=64/256
[E0e2e] layer=24 rank=0 experts=128/256
[E0e2e] layer=35 rank=0 experts=64/256
[E0e2e] layer=24 rank=0 experts=192/256
[E0e2e] layer=35 rank=0 experts=128/256
[E0e2e] layer=24 rank=0 experts=256/256
[E0e2e] stage 2 layer 24 material loaded
[E0e2e] layer=35 rank=0 experts=192/256
[E0e2e] layer=35 rank=0 experts=256/256
[E0e2e] stage 3 layer 35 material loaded
[E0e2e] layer=25 rank=0 experts=64/256
[E0e2e] layer=25 rank=0 experts=128/256
[E0e2e] layer=36 rank=0 experts=64/256
[E0e2e] layer=25 rank=0 experts=192/256
[E0e2e] layer=25 rank=0 experts=256/256
[E0e2e] layer=36 rank=0 experts=128/256
[E0e2e] stage 2 layer 25 material loaded
[E0e2e] layer=36 rank=0 experts=192/256
[E0e2e] layer=36 rank=0 experts=256/256
[E0e2e] layer=26 rank=0 experts=64/256
[E0e2e] stage 3 layer 36 material loaded
[E0e2e] layer=26 rank=0 experts=128/256
[E0e2e] layer=26 rank=0 experts=192/256
[E0e2e] layer=37 rank=0 experts=64/256
[E0e2e] layer=26 rank=0 experts=256/256
[E0e2e] layer=37 rank=0 experts=128/256
[E0e2e] stage 2 layer 26 material loaded
[E0e2e] layer=37 rank=0 experts=192/256
[E0e2e] layer=27 rank=0 experts=64/256
[E0e2e] layer=37 rank=0 experts=256/256
[E0e2e] stage 3 layer 37 material loaded
[E0e2e] layer=27 rank=0 experts=128/256
[E0e2e] layer=27 rank=0 experts=192/256
[E0e2e] layer=38 rank=0 experts=64/256
[E0e2e] layer=27 rank=0 experts=256/256
[E0e2e] stage 2 layer 27 material loaded
[E0e2e] layer=38 rank=0 experts=128/256
[E0e2e] layer=38 rank=0 experts=192/256
[E0e2e] layer=28 rank=0 experts=64/256
[E0e2e] layer=38 rank=0 experts=256/256
[E0e2e] stage 3 layer 38 material loaded
[E0e2e] layer=28 rank=0 experts=128/256
[E0e2e] layer=28 rank=0 experts=192/256
[E0e2e] layer=28 rank=0 experts=256/256
[E0e2e] layer=39 rank=0 experts=64/256
[E0e2e] stage 2 layer 28 material loaded
[E0e2e] layer=39 rank=0 experts=128/256
[E0e2e] layer=39 rank=0 experts=192/256
[E0e2e] layer=29 rank=0 experts=64/256
[E0e2e] layer=39 rank=0 experts=256/256
[E0e2e] layer=29 rank=0 experts=128/256
[E0e2e] stage 3 layer 39 material loaded
[E0e2e] layer=29 rank=0 experts=192/256
[E0e2e] layer=29 rank=0 experts=256/256
[E0e2e] layer=40 rank=0 experts=64/256
[E0e2e] stage 2 layer 29 material loaded
[E0e2e] layer=40 rank=0 experts=128/256
[E0e2e] layer=30 rank=0 experts=64/256
[E0e2e] layer=40 rank=0 experts=192/256
[E0e2e] layer=30 rank=0 experts=128/256
[E0e2e] layer=40 rank=0 experts=256/256
[E0e2e] stage 3 layer 40 material loaded
[E0e2e] layer=30 rank=0 experts=192/256
[E0e2e] layer=30 rank=0 experts=256/256
[E0e2e] stage 2 layer 30 material loaded
[E0e2e] layer=41 rank=0 experts=64/256
[E0e2e] layer=41 rank=0 experts=128/256
[E0e2e] layer=31 rank=0 experts=64/256
[E0e2e] layer=41 rank=0 experts=192/256
[E0e2e] layer=31 rank=0 experts=128/256
[E0e2e] layer=41 rank=0 experts=256/256
[E0e2e] layer=31 rank=0 experts=192/256
[E0e2e] stage 3 layer 41 material loaded
[E0e2e] layer=31 rank=0 experts=256/256
[E0e2e] stage 2 layer 31 material loaded
[E0e2e] layer=42 rank=0 experts=64/256
[E0e2e] layer=32 rank=0 experts=64/256
[E0e2e] layer=42 rank=0 experts=128/256
[E0e2e] layer=32 rank=0 experts=128/256
[E0e2e] layer=42 rank=0 experts=192/256
[E0e2e] layer=32 rank=0 experts=192/256
[E0e2e] layer=42 rank=0 experts=256/256
[E0e2e] stage 3 layer 42 material loaded
[E0e2e] layer=32 rank=0 experts=256/256
[E0e2e] stage 2 layer 32 material loaded
[E0e2e] stage 2 loaded (11 layers, free 4.82 GiB, 12s)
[E0e2e] stage 3 loaded (10 layers, free 3.11 GiB, 12s)
W0721 14:19:05.315000 190807 torch/distributed/elastic/agent/server/api.py:739] Received 15 death signal, shutting down workers
W0721 14:19:05.318000 190807 torch/distributed/elastic/multiprocessing/api.py:1012] Sending process 190896 closing signal SIGTERM
W0721 14:19:05.320000 190807 torch/distributed/elastic/multiprocessing/api.py:1012] Sending process 190897 closing signal SIGTERM
W0721 14:19:05.320000 190807 torch/distributed/elastic/multiprocessing/api.py:1012] Sending process 190898 closing signal SIGTERM
W0721 14:19:05.320000 190807 torch/distributed/elastic/multiprocessing/api.py:1012] Sending process 190899 closing signal SIGTERM
W0721 14:19:05.320000 190807 torch/distributed/elastic/multiprocessing/api.py:1012] Sending process 190900 closing signal SIGTERM
W0721 14:19:05.320000 190807 torch/distributed/elastic/multiprocessing/api.py:1012] Sending process 190901 closing signal SIGTERM
W0721 14:19:05.320000 190807 torch/distributed/elastic/multiprocessing/api.py:1012] Sending process 190902 closing signal SIGTERM
W0721 14:19:05.320000 190807 torch/distributed/elastic/multiprocessing/api.py:1012] Sending process 190903 closing signal SIGTERM
Traceback (most recent call last):
  File "/home/cysic/Workspace/venvs/sglang/bin/torchrun", line 10, in <module>
    sys.exit(main())
             ^^^^^^
  File "/home/cysic/Workspace/venvs/sglang/lib/python3.12/site-packages/torch/distributed/elastic/multiprocessing/errors/__init__.py", line 362, in wrapper
    return f(*args, **kwargs)
           ^^^^^^^^^^^^^^^^^^
  File "/home/cysic/Workspace/venvs/sglang/lib/python3.12/site-packages/torch/distributed/run.py", line 990, in main
    run(args)
  File "/home/cysic/Workspace/venvs/sglang/lib/python3.12/site-packages/torch/distributed/run.py", line 981, in run
    elastic_launch(
  File "/home/cysic/Workspace/venvs/sglang/lib/python3.12/site-packages/torch/distributed/launcher/api.py", line 170, in __call__
    return launch_agent(self._config, self._entrypoint, list(args))
           ^^^^^^^^^^^^^^^^^^^^^^^^^^^^^^^^^^^^^^^^^^^^^^^^^^^^^^^^
  File "/home/cysic/Workspace/venvs/sglang/lib/python3.12/site-packages/torch/distributed/launcher/api.py", line 308, in launch_agent
    result = agent.run()
             ^^^^^^^^^^^
  File "/home/cysic/Workspace/venvs/sglang/lib/python3.12/site-packages/torch/distributed/elastic/metrics/api.py", line 134, in wrapper
    result = f(*args, **kwargs)
             ^^^^^^^^^^^^^^^^^^
  File "/home/cysic/Workspace/venvs/sglang/lib/python3.12/site-packages/torch/distributed/elastic/agent/server/api.py", line 731, in run
    result = self._invoke_run(role)
             ^^^^^^^^^^^^^^^^^^^^^^
  File "/home/cysic/Workspace/venvs/sglang/lib/python3.12/site-packages/torch/distributed/elastic/agent/server/api.py", line 908, in _invoke_run
    time.sleep(monitor_interval)
  File "/home/cysic/Workspace/venvs/sglang/lib/python3.12/site-packages/torch/distributed/elastic/multiprocessing/api.py", line 86, in _terminate_process_handler
    raise SignalException(f"Process {os.getpid()} got signal: {sigval}", sigval=sigval)
torch.distributed.elastic.multiprocessing.api.SignalException: Process 190807 got signal: 15
