W0720 18:43:47.643000 168949 torch/distributed/run.py:851] 
W0720 18:43:47.643000 168949 torch/distributed/run.py:851] *****************************************
W0720 18:43:47.643000 168949 torch/distributed/run.py:851] Setting OMP_NUM_THREADS environment variable for each process to be 1 in default, to avoid your system being overloaded, please further tune the variable for optimal performance in your application as needed. 
W0720 18:43:47.643000 168949 torch/distributed/run.py:851] *****************************************
[E0mtp2e] placement {0: ['titan064'], 1: ['titan064'], 2: ['titan065'], 3: ['titan065']}
[transformers] Unrecognized keys in `rope_parameters` for 'rope_type'='default': {'attention_factor'}
[E0mtp2e] layer=0 rank=0 experts=64/256
[E0mtp2e] layer=0 rank=0 experts=128/256
[E0mtp2e] layer=0 rank=0 experts=192/256
[E0mtp2e] layer=0 rank=0 experts=256/256
[E0mtp2e] stage 0 layer 0 material loaded
[E0mtp2e] layer=1 rank=0 experts=64/256
[E0mtp2e] layer=1 rank=0 experts=128/256
[E0mtp2e] layer=1 rank=0 experts=192/256
[E0mtp2e] layer=1 rank=0 experts=256/256
[E0mtp2e] stage 0 layer 1 material loaded
[E0mtp2e] layer=11 rank=0 experts=64/256
[E0mtp2e] layer=2 rank=0 experts=64/256
[E0mtp2e] layer=11 rank=0 experts=128/256
[E0mtp2e] layer=2 rank=0 experts=128/256
[E0mtp2e] layer=2 rank=0 experts=192/256
[E0mtp2e] layer=11 rank=0 experts=192/256
[E0mtp2e] layer=2 rank=0 experts=256/256
[E0mtp2e] layer=11 rank=0 experts=256/256
[E0mtp2e] stage 0 layer 2 material loaded
[E0mtp2e] stage 1 layer 11 material loaded
[E0mtp2e] layer=3 rank=0 experts=64/256
[E0mtp2e] layer=12 rank=0 experts=64/256
[E0mtp2e] layer=3 rank=0 experts=128/256
[E0mtp2e] layer=12 rank=0 experts=128/256
[E0mtp2e] layer=3 rank=0 experts=192/256
[E0mtp2e] layer=12 rank=0 experts=192/256
[E0mtp2e] layer=3 rank=0 experts=256/256
[E0mtp2e] layer=12 rank=0 experts=256/256
[E0mtp2e] stage 0 layer 3 material loaded
[E0mtp2e] stage 1 layer 12 material loaded
[E0mtp2e] layer=4 rank=0 experts=64/256
[E0mtp2e] layer=13 rank=0 experts=64/256
[E0mtp2e] layer=4 rank=0 experts=128/256
[E0mtp2e] layer=13 rank=0 experts=128/256
[E0mtp2e] layer=4 rank=0 experts=192/256
[E0mtp2e] layer=13 rank=0 experts=192/256
[E0mtp2e] layer=4 rank=0 experts=256/256
[E0mtp2e] stage 0 layer 4 material loaded
[E0mtp2e] layer=13 rank=0 experts=256/256
[E0mtp2e] stage 1 layer 13 material loaded
[E0mtp2e] layer=5 rank=0 experts=64/256
[E0mtp2e] layer=14 rank=0 experts=64/256
[E0mtp2e] layer=5 rank=0 experts=128/256
[E0mtp2e] layer=14 rank=0 experts=128/256
[E0mtp2e] layer=5 rank=0 experts=192/256
[E0mtp2e] layer=14 rank=0 experts=192/256
[E0mtp2e] layer=5 rank=0 experts=256/256
[E0mtp2e] stage 0 layer 5 material loaded
[E0mtp2e] layer=14 rank=0 experts=256/256
[E0mtp2e] stage 1 layer 14 material loaded
[E0mtp2e] layer=6 rank=0 experts=64/256
[E0mtp2e] layer=15 rank=0 experts=64/256
[E0mtp2e] layer=6 rank=0 experts=128/256
[E0mtp2e] layer=15 rank=0 experts=128/256
[E0mtp2e] layer=6 rank=0 experts=192/256
[E0mtp2e] layer=15 rank=0 experts=192/256
[E0mtp2e] layer=6 rank=0 experts=256/256
[E0mtp2e] stage 0 layer 6 material loaded
[E0mtp2e] layer=15 rank=0 experts=256/256
[E0mtp2e] stage 1 layer 15 material loaded
[E0mtp2e] layer=7 rank=0 experts=64/256
[E0mtp2e] layer=7 rank=0 experts=128/256
[E0mtp2e] layer=16 rank=0 experts=64/256
[E0mtp2e] layer=7 rank=0 experts=192/256
[E0mtp2e] layer=16 rank=0 experts=128/256
[E0mtp2e] layer=7 rank=0 experts=256/256
[E0mtp2e] layer=16 rank=0 experts=192/256
[E0mtp2e] stage 0 layer 7 material loaded
[E0mtp2e] layer=16 rank=0 experts=256/256
[E0mtp2e] stage 1 layer 16 material loaded
[E0mtp2e] layer=8 rank=0 experts=64/256
[E0mtp2e] layer=8 rank=0 experts=128/256
[E0mtp2e] layer=17 rank=0 experts=64/256
[E0mtp2e] layer=8 rank=0 experts=192/256
[E0mtp2e] layer=17 rank=0 experts=128/256
[E0mtp2e] layer=8 rank=0 experts=256/256
[E0mtp2e] layer=17 rank=0 experts=192/256
[E0mtp2e] stage 0 layer 8 material loaded
[E0mtp2e] layer=17 rank=0 experts=256/256
[E0mtp2e] stage 1 layer 17 material loaded
[E0mtp2e] layer=9 rank=0 experts=64/256
[E0mtp2e] layer=9 rank=0 experts=128/256
[E0mtp2e] layer=18 rank=0 experts=64/256
[E0mtp2e] layer=9 rank=0 experts=192/256
[E0mtp2e] layer=18 rank=0 experts=128/256
[E0mtp2e] layer=9 rank=0 experts=256/256
[E0mtp2e] stage 0 layer 9 material loaded
[E0mtp2e] layer=18 rank=0 experts=192/256
[E0mtp2e] layer=18 rank=0 experts=256/256
[E0mtp2e] stage 1 layer 18 material loaded
[E0mtp2e] layer=10 rank=0 experts=64/256
[E0mtp2e] layer=10 rank=0 experts=128/256
[E0mtp2e] layer=19 rank=0 experts=64/256
[E0mtp2e] layer=10 rank=0 experts=192/256
[E0mtp2e] layer=19 rank=0 experts=128/256
[E0mtp2e] layer=10 rank=0 experts=256/256
[E0mtp2e] stage 0 layer 10 material loaded
[E0mtp2e] layer=19 rank=0 experts=192/256
[E0mtp2e] layer=19 rank=0 experts=256/256
[E0mtp2e] stage 1 layer 19 material loaded
[E0mtp2e] stage 0 loaded (free 8.54 GiB, 11s)
[E0mtp2e] layer=20 rank=0 experts=64/256
[E0mtp2e] layer=20 rank=0 experts=128/256
[E0mtp2e] layer=20 rank=0 experts=192/256
[E0mtp2e] layer=20 rank=0 experts=256/256
[E0mtp2e] stage 1 layer 20 material loaded
[E0mtp2e] layer=21 rank=0 experts=64/256
[E0mtp2e] layer=21 rank=0 experts=128/256
[E0mtp2e] layer=21 rank=0 experts=192/256
[E0mtp2e] layer=21 rank=0 experts=256/256
[E0mtp2e] stage 1 layer 21 material loaded
[E0mtp2e] stage 1 loaded (free 9.46 GiB, 12s)
[E0mtp2e][off_teacher] prompt 0: {'matched': 2, 'compare_steps': 2}
[E0mtp2e][mtp_teacher] prompt 0: {'matched': 2, 'compare_steps': 2, 'draft_acceptance_rate': 1.0}
[E0mtp2e][off_free] prompt 0: {'step_ms_mean': 210.47826600261033}
[E0mtp2e][mtp_free] prompt 0: {'acceptance_rate': 1.0, 'rounds': 1, 'round_ms_mean': 293.6231119092554, 'effective_ms_per_token': 146.8115559546277}
[E0mtp2e][mtp_fused] prompt 0: {'acceptance_rate': 1.0, 'rounds': 1, 'round_ms_mean': 302.54326900467277, 'effective_ms_per_token': 151.27163450233638}
[E0mtp2e] overall: PASS
