W0720 09:31:19.410000 145067 torch/distributed/run.py:851] 
W0720 09:31:19.410000 145067 torch/distributed/run.py:851] *****************************************
W0720 09:31:19.410000 145067 torch/distributed/run.py:851] Setting OMP_NUM_THREADS environment variable for each process to be 1 in default, to avoid your system being overloaded, please further tune the variable for optimal performance in your application as needed. 
W0720 09:31:19.410000 145067 torch/distributed/run.py:851] *****************************************
layer=0 rank=0 experts=64/256
layer=0 rank=0 experts=128/256
layer=0 rank=0 experts=192/256
layer=0 rank=0 experts=256/256
[E0sf] layer 0 loaded
layer=1 rank=0 experts=64/256
layer=1 rank=0 experts=128/256
layer=1 rank=0 experts=192/256
layer=1 rank=0 experts=256/256
[E0sf] layer 1 loaded
layer=2 rank=0 experts=64/256
layer=2 rank=0 experts=128/256
layer=2 rank=0 experts=192/256
layer=2 rank=0 experts=256/256
[E0sf] layer 2 loaded
layer=3 rank=0 experts=64/256
layer=3 rank=0 experts=128/256
layer=3 rank=0 experts=192/256
layer=3 rank=0 experts=256/256
[E0sf] layer 3 loaded
layer=4 rank=0 experts=64/256
layer=4 rank=0 experts=128/256
layer=4 rank=0 experts=192/256
layer=4 rank=0 experts=256/256
[E0sf] layer 4 loaded
layer=5 rank=0 experts=64/256
layer=5 rank=0 experts=128/256
layer=5 rank=0 experts=192/256
layer=5 rank=0 experts=256/256
[E0sf] layer 5 loaded
[E0sf] lanes built, free 15.49 GiB
[E0sf] part (a) eager super-stage: PASS
[E0sf] step 0 pos 8192 family normal captured=True bitwise=True max_abs=0.000e+00
[E0sf] step 3 pos 8195 family ratio4_boundary captured=True bitwise=True max_abs=0.000e+00
[E0sf] step 16 pos 8208 family normal captured=False bitwise=True max_abs=0.000e+00
[E0sf] step 32 pos 8224 family normal captured=False bitwise=True max_abs=0.000e+00
[E0sf] step 48 pos 8240 family normal captured=False bitwise=True max_abs=0.000e+00
[E0sf] step 64 pos 8256 family normal captured=False bitwise=True max_abs=0.000e+00
[E0sf] step 80 pos 8272 family normal captured=False bitwise=True max_abs=0.000e+00
[E0sf] step 96 pos 8288 family normal captured=False bitwise=True max_abs=0.000e+00
[E0sf] step 112 pos 8304 family normal captured=False bitwise=True max_abs=0.000e+00
[E0sf] step 127 pos 8319 family ratio4_ratio128_boundary captured=True bitwise=True max_abs=0.000e+00
[E0sf] step 128 pos 8320 family normal captured=False bitwise=True max_abs=0.000e+00
[E0sf] part (b) stateful graph replay: PASS
[E0sf] overall: PASS
