W0720 18:52:27.399000 147919 torch/distributed/run.py:851] 
W0720 18:52:27.399000 147919 torch/distributed/run.py:851] *****************************************
W0720 18:52:27.399000 147919 torch/distributed/run.py:851] Setting OMP_NUM_THREADS environment variable for each process to be 1 in default, to avoid your system being overloaded, please further tune the variable for optimal performance in your application as needed. 
W0720 18:52:27.399000 147919 torch/distributed/run.py:851] *****************************************
[E1MTPF] layer=33 rank=0 experts=64/256
[E1MTPF] layer=33 rank=0 experts=128/256
[E1MTPF] layer=33 rank=0 experts=192/256
[E1MTPF] layer=33 rank=0 experts=256/256
[E1MTPF] stage 3 layer 33 material loaded
[E1MTPF] layer=34 rank=0 experts=64/256
[E1MTPF] layer=34 rank=0 experts=128/256
[E1MTPF] layer=34 rank=0 experts=192/256
[E1MTPF] layer=34 rank=0 experts=256/256
[E1MTPF] stage 3 layer 34 material loaded
[E1MTPF] layer=35 rank=0 experts=64/256
[E1MTPF] layer=35 rank=0 experts=128/256
[E1MTPF] layer=35 rank=0 experts=192/256
[E1MTPF] layer=35 rank=0 experts=256/256
[E1MTPF] stage 3 layer 35 material loaded
[E1MTPF] layer=36 rank=0 experts=64/256
[E1MTPF] layer=36 rank=0 experts=128/256
[E1MTPF] layer=36 rank=0 experts=192/256
[E1MTPF] layer=36 rank=0 experts=256/256
[E1MTPF] stage 3 layer 36 material loaded
[E1MTPF] layer=37 rank=0 experts=64/256
[E1MTPF] layer=37 rank=0 experts=128/256
[E1MTPF] layer=37 rank=0 experts=192/256
[E1MTPF] layer=37 rank=0 experts=256/256
[E1MTPF] stage 3 layer 37 material loaded
[E1MTPF] layer=38 rank=0 experts=64/256
[E1MTPF] layer=38 rank=0 experts=128/256
[E1MTPF] layer=38 rank=0 experts=192/256
[E1MTPF] layer=38 rank=0 experts=256/256
[E1MTPF] stage 3 layer 38 material loaded
[E1MTPF] layer=39 rank=0 experts=64/256
[E1MTPF] layer=39 rank=0 experts=128/256
[E1MTPF] layer=39 rank=0 experts=192/256
[E1MTPF] layer=39 rank=0 experts=256/256
[E1MTPF] stage 3 layer 39 material loaded
[E1MTPF] layer=40 rank=0 experts=64/256
[E1MTPF] layer=40 rank=0 experts=128/256
[E1MTPF] layer=40 rank=0 experts=192/256
[E1MTPF] layer=40 rank=0 experts=256/256
[E1MTPF] stage 3 layer 40 material loaded
[E1MTPF] layer=41 rank=0 experts=64/256
[E1MTPF] layer=41 rank=0 experts=128/256
[E1MTPF] layer=41 rank=0 experts=192/256
[E1MTPF] layer=41 rank=0 experts=256/256
[E1MTPF] stage 3 layer 41 material loaded
[E1MTPF] layer=42 rank=0 experts=64/256
[E1MTPF] layer=42 rank=0 experts=128/256
[E1MTPF] layer=42 rank=0 experts=192/256
[E1MTPF] layer=42 rank=0 experts=256/256
[E1MTPF] stage 3 layer 42 material loaded
