W0721 09:44:18.340000 171698 torch/distributed/run.py:851] 
W0721 09:44:18.340000 171698 torch/distributed/run.py:851] *****************************************
W0721 09:44:18.340000 171698 torch/distributed/run.py:851] Setting OMP_NUM_THREADS environment variable for each process to be 1 in default, to avoid your system being overloaded, please further tune the variable for optimal performance in your application as needed. 
W0721 09:44:18.340000 171698 torch/distributed/run.py:851] *****************************************
[E2F] layer=0 rank=0 experts=64/256
[E2F] layer=0 rank=0 experts=128/256
[E2F] layer=0 rank=0 experts=192/256
[E2F] layer=0 rank=0 experts=256/256
[E2F] stage 0 layer 0 material loaded
[E2F] layer=1 rank=0 experts=64/256
[E2F] layer=1 rank=0 experts=128/256
[E2F] layer=1 rank=0 experts=192/256
[E2F] layer=1 rank=0 experts=256/256
[E2F] stage 0 layer 1 material loaded
[E2F] layer=2 rank=0 experts=64/256
[E2F] layer=2 rank=0 experts=128/256
[E2F] layer=2 rank=0 experts=192/256
[E2F] layer=2 rank=0 experts=256/256
[E2F] stage 0 layer 2 material loaded
[E2F] layer=3 rank=0 experts=64/256
[E2F] layer=3 rank=0 experts=128/256
[E2F] layer=3 rank=0 experts=192/256
[E2F] layer=3 rank=0 experts=256/256
[E2F] stage 0 layer 3 material loaded
[E2F] layer=4 rank=0 experts=64/256
[E2F] layer=4 rank=0 experts=128/256
[E2F] layer=4 rank=0 experts=192/256
[E2F] layer=4 rank=0 experts=256/256
[E2F] stage 0 layer 4 material loaded
[E2F] layer=5 rank=0 experts=64/256
[E2F] layer=5 rank=0 experts=128/256
[E2F] layer=5 rank=0 experts=192/256
[E2F] layer=5 rank=0 experts=256/256
[E2F] stage 0 layer 5 material loaded
[E2F] layer=6 rank=0 experts=64/256
[E2F] layer=6 rank=0 experts=128/256
[E2F] layer=6 rank=0 experts=192/256
[E2F] layer=6 rank=0 experts=256/256
[E2F] stage 0 layer 6 material loaded
[E2F] layer=7 rank=0 experts=64/256
[E2F] layer=7 rank=0 experts=128/256
[E2F] layer=7 rank=0 experts=192/256
[E2F] layer=7 rank=0 experts=256/256
[E2F] stage 0 layer 7 material loaded
[E2F] layer=8 rank=0 experts=64/256
[E2F] layer=8 rank=0 experts=128/256
[E2F] layer=8 rank=0 experts=192/256
[E2F] layer=8 rank=0 experts=256/256
[E2F] stage 0 layer 8 material loaded
[E2F] layer=9 rank=0 experts=64/256
[E2F] layer=9 rank=0 experts=128/256
[E2F] layer=9 rank=0 experts=192/256
[E2F] layer=9 rank=0 experts=256/256
[E2F] stage 0 layer 9 material loaded
[E2F] layer=10 rank=0 experts=64/256
[E2F] layer=10 rank=0 experts=128/256
[E2F] layer=10 rank=0 experts=192/256
[E2F] layer=10 rank=0 experts=256/256
[E2F] stage 0 layer 10 material loaded
[E2F] warmup done (19s, free 9.84 GiB)
Capture range started in the application.
Capture range ended in the application.
Generating '/tmp/nsys-report-15df.qdstrm'
[1/1] [0%                          ] e2f-stage0.nsys-repProcessing events...
[1/1] [0%                          ] e2f-stage0.nsys-rep[1/1] [========42%                 ] e2f-stage0.nsys-rep[1/1] [===23%                      ] e2f-stage0.nsys-rep[1/1] [=15%                        ] e2f-stage0.nsys-rep[1/1] [=====31%                    ] e2f-stage0.nsys-rep[1/1] [===23%                      ] e2f-stage0.nsys-rep[1/1] [====25%                     ] e2f-stage0.nsys-rep[1/1] [====27%                     ] e2f-stage0.nsys-rep[1/1] [===22%                      ] e2f-stage0.nsys-rep[1/1] [==18%                       ] e2f-stage0.nsys-rep[1/1] [=17%                        ] e2f-stage0.nsys-rep[1/1] [====25%                     ] e2f-stage0.nsys-rep[1/1] [=====32%                    ] e2f-stage0.nsys-rep[1/1] [========40%                 ] e2f-stage0.nsys-rep[1/1] [==========48%               ] e2f-stage0.nsys-rep[1/1] [===========51%              ] e2f-stage0.nsys-rep[1/1] [========================100%] e2f-stage0.nsys-rep[1/1] [========================100%] e2f-stage0.nsys-rep
[E2F] round A p50 {'normal': 8.230269886553288, 'ratio4_boundary': 8.934294804930687}
Generated:
	/home/cysic/e0f-runtime/out-e2f-nsys-stage0/e2f-stage0.nsys-rep
