W0721 10:05:32.038000 233373 torch/distributed/run.py:851] 
W0721 10:05:32.038000 233373 torch/distributed/run.py:851] *****************************************
W0721 10:05:32.038000 233373 torch/distributed/run.py:851] Setting OMP_NUM_THREADS environment variable for each process to be 1 in default, to avoid your system being overloaded, please further tune the variable for optimal performance in your application as needed. 
W0721 10:05:32.038000 233373 torch/distributed/run.py:851] *****************************************
[E2F] layer=0 rank=0 experts=64/256
[E2F] layer=0 rank=0 experts=128/256
[E2F] layer=0 rank=0 experts=192/256
[E2F] layer=0 rank=0 experts=256/256
[E2F] stage 0 layer 0 material loaded
[E2F] layer=1 rank=0 experts=64/256
[E2F] layer=1 rank=0 experts=128/256
[E2F] layer=1 rank=0 experts=192/256
[E2F] layer=1 rank=0 experts=256/256
[E2F] stage 0 layer 1 material loaded
[E2F] layer=2 rank=0 experts=64/256
[E2F] layer=2 rank=0 experts=128/256
[E2F] layer=2 rank=0 experts=192/256
[E2F] layer=2 rank=0 experts=256/256
[E2F] stage 0 layer 2 material loaded
[E2F] layer=3 rank=0 experts=64/256
[E2F] layer=3 rank=0 experts=128/256
[E2F] layer=3 rank=0 experts=192/256
[E2F] layer=3 rank=0 experts=256/256
[E2F] stage 0 layer 3 material loaded
[E2F] layer=4 rank=0 experts=64/256
[E2F] layer=4 rank=0 experts=128/256
[E2F] layer=4 rank=0 experts=192/256
[E2F] layer=4 rank=0 experts=256/256
[E2F] stage 0 layer 4 material loaded
[E2F] layer=5 rank=0 experts=64/256
[E2F] layer=5 rank=0 experts=128/256
[E2F] layer=5 rank=0 experts=192/256
[E2F] layer=5 rank=0 experts=256/256
[E2F] stage 0 layer 5 material loaded
[E2F] layer=6 rank=0 experts=64/256
[E2F] layer=6 rank=0 experts=128/256
[E2F] layer=6 rank=0 experts=192/256
[E2F] layer=6 rank=0 experts=256/256
[E2F] stage 0 layer 6 material loaded
[E2F] layer=7 rank=0 experts=64/256
[E2F] layer=7 rank=0 experts=128/256
[E2F] layer=7 rank=0 experts=192/256
[E2F] layer=7 rank=0 experts=256/256
[E2F] stage 0 layer 7 material loaded
[E2F] layer=8 rank=0 experts=64/256
[E2F] layer=8 rank=0 experts=128/256
[E2F] layer=8 rank=0 experts=192/256
[E2F] layer=8 rank=0 experts=256/256
[E2F] stage 0 layer 8 material loaded
[E2F] layer=9 rank=0 experts=64/256
[E2F] layer=9 rank=0 experts=128/256
[E2F] layer=9 rank=0 experts=192/256
[E2F] layer=9 rank=0 experts=256/256
[E2F] stage 0 layer 9 material loaded
[E2F] layer=10 rank=0 experts=64/256
[E2F] layer=10 rank=0 experts=128/256
[E2F] layer=10 rank=0 experts=192/256
[E2F] layer=10 rank=0 experts=256/256
[E2F] stage 0 layer 10 material loaded
[E2F] layer=11 rank=0 experts=64/256
[E2F] layer=11 rank=0 experts=128/256
[E2F] layer=11 rank=0 experts=192/256
[E2F] layer=11 rank=0 experts=256/256
[E2F] stage 0 layer 11 material loaded
[E2F] layer=12 rank=0 experts=64/256
[E2F] layer=12 rank=0 experts=128/256
[E2F] layer=12 rank=0 experts=192/256
[E2F] layer=12 rank=0 experts=256/256
[E2F] stage 0 layer 12 material loaded
[E2F] layer=13 rank=0 experts=64/256
[E2F] layer=13 rank=0 experts=128/256
[E2F] layer=13 rank=0 experts=192/256
[E2F] layer=13 rank=0 experts=256/256
[E2F] stage 0 layer 13 material loaded
[E2F] layer=14 rank=0 experts=64/256
[E2F] layer=14 rank=0 experts=128/256
[E2F] layer=14 rank=0 experts=192/256
[E2F] layer=14 rank=0 experts=256/256
[E2F] stage 0 layer 14 material loaded
[E2F] layer=15 rank=0 experts=64/256
[E2F] layer=15 rank=0 experts=128/256
[E2F] layer=15 rank=0 experts=192/256
[E2F] layer=15 rank=0 experts=256/256
[E2F] stage 0 layer 15 material loaded
[E2F] layer=16 rank=0 experts=64/256
[E2F] layer=16 rank=0 experts=128/256
[E2F] layer=16 rank=0 experts=192/256
[E2F] layer=16 rank=0 experts=256/256
[E2F] stage 0 layer 16 material loaded
[E2F] layer=17 rank=0 experts=64/256
[E2F] layer=17 rank=0 experts=128/256
[E2F] layer=17 rank=0 experts=192/256
[E2F] layer=17 rank=0 experts=256/256
[E2F] stage 0 layer 17 material loaded
[E2F] warmup done (27s, free 1.58 GiB)
[E2F] round A p50 {'normal': 12.573446962051094, 'ratio4_boundary': 13.592761009931564, 'ratio4_ratio128_boundary': 14.4099451135844}
