W0721 10:03:33.802000 233199 torch/distributed/run.py:851] 
W0721 10:03:33.802000 233199 torch/distributed/run.py:851] *****************************************
W0721 10:03:33.802000 233199 torch/distributed/run.py:851] Setting OMP_NUM_THREADS environment variable for each process to be 1 in default, to avoid your system being overloaded, please further tune the variable for optimal performance in your application as needed. 
W0721 10:03:33.802000 233199 torch/distributed/run.py:851] *****************************************
[E2F] layer=0 rank=0 experts=64/256
[E2F] layer=0 rank=0 experts=128/256
[E2F] layer=0 rank=0 experts=192/256
[E2F] layer=0 rank=0 experts=256/256
[E2F] stage 0 layer 0 material loaded
[E2F] layer=1 rank=0 experts=64/256
[E2F] layer=1 rank=0 experts=128/256
[E2F] layer=1 rank=0 experts=192/256
[E2F] layer=1 rank=0 experts=256/256
[E2F] stage 0 layer 1 material loaded
[E2F] layer=2 rank=0 experts=64/256
[E2F] layer=2 rank=0 experts=128/256
[E2F] layer=2 rank=0 experts=192/256
[E2F] layer=2 rank=0 experts=256/256
[E2F] stage 0 layer 2 material loaded
[E2F] layer=3 rank=0 experts=64/256
[E2F] layer=3 rank=0 experts=128/256
[E2F] layer=3 rank=0 experts=192/256
[E2F] layer=3 rank=0 experts=256/256
[E2F] stage 0 layer 3 material loaded
[E2F] layer=4 rank=0 experts=64/256
[E2F] layer=4 rank=0 experts=128/256
[E2F] layer=4 rank=0 experts=192/256
[E2F] layer=4 rank=0 experts=256/256
[E2F] stage 0 layer 4 material loaded
[E2F] layer=5 rank=0 experts=64/256
[E2F] layer=5 rank=0 experts=128/256
[E2F] layer=5 rank=0 experts=192/256
[E2F] layer=5 rank=0 experts=256/256
[E2F] stage 0 layer 5 material loaded
[E2F] layer=6 rank=0 experts=64/256
[E2F] layer=6 rank=0 experts=128/256
[E2F] layer=6 rank=0 experts=192/256
[E2F] layer=6 rank=0 experts=256/256
[E2F] stage 0 layer 6 material loaded
[E2F] layer=7 rank=0 experts=64/256
[E2F] layer=7 rank=0 experts=128/256
[E2F] layer=7 rank=0 experts=192/256
[E2F] layer=7 rank=0 experts=256/256
[E2F] stage 0 layer 7 material loaded
[E2F] layer=8 rank=0 experts=64/256
[E2F] layer=8 rank=0 experts=128/256
[E2F] layer=8 rank=0 experts=192/256
[E2F] layer=8 rank=0 experts=256/256
[E2F] stage 0 layer 8 material loaded
[E2F] layer=9 rank=0 experts=64/256
[E2F] layer=9 rank=0 experts=128/256
[E2F] layer=9 rank=0 experts=192/256
[E2F] layer=9 rank=0 experts=256/256
[E2F] stage 0 layer 9 material loaded
[E2F] layer=10 rank=0 experts=64/256
[E2F] layer=10 rank=0 experts=128/256
[E2F] layer=10 rank=0 experts=192/256
[E2F] layer=10 rank=0 experts=256/256
[E2F] stage 0 layer 10 material loaded
[E2F] layer=11 rank=0 experts=64/256
[E2F] layer=11 rank=0 experts=128/256
[E2F] layer=11 rank=0 experts=192/256
[E2F] layer=11 rank=0 experts=256/256
[E2F] stage 0 layer 11 material loaded
[E2F] layer=12 rank=0 experts=64/256
[E2F] layer=12 rank=0 experts=128/256
[E2F] layer=12 rank=0 experts=192/256
[E2F] layer=12 rank=0 experts=256/256
[E2F] stage 0 layer 12 material loaded
[E2F] layer=13 rank=0 experts=64/256
[E2F] layer=13 rank=0 experts=128/256
[E2F] layer=13 rank=0 experts=192/256
[E2F] layer=13 rank=0 experts=256/256
[E2F] stage 0 layer 13 material loaded
[E2F] layer=14 rank=0 experts=64/256
[E2F] layer=14 rank=0 experts=128/256
[E2F] layer=14 rank=0 experts=192/256
[E2F] layer=14 rank=0 experts=256/256
[E2F] stage 0 layer 14 material loaded
[E2F] layer=15 rank=0 experts=64/256
[E2F] layer=15 rank=0 experts=128/256
[E2F] layer=15 rank=0 experts=192/256
[E2F] layer=15 rank=0 experts=256/256
[E2F] stage 0 layer 15 material loaded
[E2F] layer=16 rank=0 experts=64/256
[E2F] layer=16 rank=0 experts=128/256
[E2F] layer=16 rank=0 experts=192/256
[E2F] layer=16 rank=0 experts=256/256
[E2F] stage 0 layer 16 material loaded
[E2F] layer=17 rank=0 experts=64/256
[E2F] layer=17 rank=0 experts=128/256
[E2F] layer=17 rank=0 experts=192/256
[E2F] layer=17 rank=0 experts=256/256
[E2F] stage 0 layer 17 material loaded
[E2F] layer=18 rank=0 experts=64/256
[E2F] layer=18 rank=0 experts=128/256
[E2F] layer=18 rank=0 experts=192/256
[E2F] layer=18 rank=0 experts=256/256
[E2F] stage 0 layer 18 material loaded
[E1F][rank 0] load materials raised:
Traceback (most recent call last):
  File "/home/cysic/e0f-runtime/e1f_full_decode_bench.py", line 210, in synchronized_local_step
    value = fn()
            ^^^^
  File "/home/cysic/e0f-runtime/e2f_decode_phase_probe.py", line 419, in <lambda>
    lambda: build_physical_stage(
            ^^^^^^^^^^^^^^^^^^^^^
  File "/home/cysic/e0f-runtime/dsv4_direct/physical_stage.py", line 494, in build_physical_stage
    build_physical_layer_material(
  File "/home/cysic/e0f-runtime/dsv4_direct/physical_stage.py", line 312, in build_physical_layer_material
    moe_resident = load_resident_moe_layer(
                   ^^^^^^^^^^^^^^^^^^^^^^^^
  File "/home/cysic/e0f-runtime/dsv4_direct/ops/marlin_moe.py", line 348, in load_resident_moe_layer
    w13_q=torch.empty((n_experts,) + q13.shape, dtype=q13.dtype, device=device),
          ^^^^^^^^^^^^^^^^^^^^^^^^^^^^^^^^^^^^^^^^^^^^^^^^^^^^^^^^^^^^^^^^^^^^^
torch.OutOfMemoryError: CUDA out of memory. Tried to allocate 512.00 MiB. GPU 0 has a total capacity of 23.52 GiB of which 403.94 MiB is free. Including non-PyTorch memory, this process has 23.12 GiB memory in use. Of the allocated memory 22.36 GiB is allocated by PyTorch, and 40.22 MiB is reserved by PyTorch but unallocated. If reserved but unallocated memory is large try setting PYTORCH_CUDA_ALLOC_CONF=expandable_segments:True to avoid fragmentation.  See documentation for Memory Management  (https://docs.pytorch.org/docs/stable/notes/cuda.html#optimizing-memory-usage-with-pytorch-cuda-alloc-conf)

[E1F][rank 2] load materials raised:
Traceback (most recent call last):
  File "/home/cysic/e0f-runtime/e1f_full_decode_bench.py", line 210, in synchronized_local_step
    value = fn()
            ^^^^
  File "/home/cysic/e0f-runtime/e2f_decode_phase_probe.py", line 419, in <lambda>
    lambda: build_physical_stage(
            ^^^^^^^^^^^^^^^^^^^^^
  File "/home/cysic/e0f-runtime/dsv4_direct/physical_stage.py", line 494, in build_physical_stage
    build_physical_layer_material(
  File "/home/cysic/e0f-runtime/dsv4_direct/physical_stage.py", line 312, in build_physical_layer_material
    moe_resident = load_resident_moe_layer(
                   ^^^^^^^^^^^^^^^^^^^^^^^^
  File "/home/cysic/e0f-runtime/dsv4_direct/ops/marlin_moe.py", line 348, in load_resident_moe_layer
    w13_q=torch.empty((n_experts,) + q13.shape, dtype=q13.dtype, device=device),
          ^^^^^^^^^^^^^^^^^^^^^^^^^^^^^^^^^^^^^^^^^^^^^^^^^^^^^^^^^^^^^^^^^^^^^
torch.OutOfMemoryError: CUDA out of memory. Tried to allocate 512.00 MiB. GPU 2 has a total capacity of 23.52 GiB of which 403.94 MiB is free. Including non-PyTorch memory, this process has 23.12 GiB memory in use. Of the allocated memory 22.36 GiB is allocated by PyTorch, and 40.22 MiB is reserved by PyTorch but unallocated. If reserved but unallocated memory is large try setting PYTORCH_CUDA_ALLOC_CONF=expandable_segments:True to avoid fragmentation.  See documentation for Memory Management  (https://docs.pytorch.org/docs/stable/notes/cuda.html#optimizing-memory-usage-with-pytorch-cuda-alloc-conf)

[E1F][rank 1] load materials raised:
Traceback (most recent call last):
  File "/home/cysic/e0f-runtime/e1f_full_decode_bench.py", line 210, in synchronized_local_step
    value = fn()
            ^^^^
  File "/home/cysic/e0f-runtime/e2f_decode_phase_probe.py", line 419, in <lambda>
    lambda: build_physical_stage(
            ^^^^^^^^^^^^^^^^^^^^^
  File "/home/cysic/e0f-runtime/dsv4_direct/physical_stage.py", line 494, in build_physical_stage
    build_physical_layer_material(
  File "/home/cysic/e0f-runtime/dsv4_direct/physical_stage.py", line 312, in build_physical_layer_material
    moe_resident = load_resident_moe_layer(
                   ^^^^^^^^^^^^^^^^^^^^^^^^
  File "/home/cysic/e0f-runtime/dsv4_direct/ops/marlin_moe.py", line 348, in load_resident_moe_layer
    w13_q=torch.empty((n_experts,) + q13.shape, dtype=q13.dtype, device=device),
          ^^^^^^^^^^^^^^^^^^^^^^^^^^^^^^^^^^^^^^^^^^^^^^^^^^^^^^^^^^^^^^^^^^^^^
torch.OutOfMemoryError: CUDA out of memory. Tried to allocate 512.00 MiB. GPU 1 has a total capacity of 23.52 GiB of which 403.94 MiB is free. Including non-PyTorch memory, this process has 23.12 GiB memory in use. Of the allocated memory 22.36 GiB is allocated by PyTorch, and 40.22 MiB is reserved by PyTorch but unallocated. If reserved but unallocated memory is large try setting PYTORCH_CUDA_ALLOC_CONF=expandable_segments:True to avoid fragmentation.  See documentation for Memory Management  (https://docs.pytorch.org/docs/stable/notes/cuda.html#optimizing-memory-usage-with-pytorch-cuda-alloc-conf)

[E1F][rank 3] load materials raised:
Traceback (most recent call last):
  File "/home/cysic/e0f-runtime/e1f_full_decode_bench.py", line 210, in synchronized_local_step
    value = fn()
            ^^^^
  File "/home/cysic/e0f-runtime/e2f_decode_phase_probe.py", line 419, in <lambda>
    lambda: build_physical_stage(
            ^^^^^^^^^^^^^^^^^^^^^
  File "/home/cysic/e0f-runtime/dsv4_direct/physical_stage.py", line 494, in build_physical_stage
    build_physical_layer_material(
  File "/home/cysic/e0f-runtime/dsv4_direct/physical_stage.py", line 312, in build_physical_layer_material
    moe_resident = load_resident_moe_layer(
                   ^^^^^^^^^^^^^^^^^^^^^^^^
  File "/home/cysic/e0f-runtime/dsv4_direct/ops/marlin_moe.py", line 348, in load_resident_moe_layer
    w13_q=torch.empty((n_experts,) + q13.shape, dtype=q13.dtype, device=device),
          ^^^^^^^^^^^^^^^^^^^^^^^^^^^^^^^^^^^^^^^^^^^^^^^^^^^^^^^^^^^^^^^^^^^^^
torch.OutOfMemoryError: CUDA out of memory. Tried to allocate 512.00 MiB. GPU 3 has a total capacity of 23.52 GiB of which 403.94 MiB is free. Including non-PyTorch memory, this process has 23.12 GiB memory in use. Of the allocated memory 22.36 GiB is allocated by PyTorch, and 40.22 MiB is reserved by PyTorch but unallocated. If reserved but unallocated memory is large try setting PYTORCH_CUDA_ALLOC_CONF=expandable_segments:True to avoid fragmentation.  See documentation for Memory Management  (https://docs.pytorch.org/docs/stable/notes/cuda.html#optimizing-memory-usage-with-pytorch-cuda-alloc-conf)

[E2F] rank 2 FAILED
Traceback (most recent call last):
  File "/home/cysic/e0f-runtime/e2f_decode_phase_probe.py", line 417, in main
    stage_material = synchronized_local_step(
                     ^^^^^^^^^^^^^^^^^^^^^^^^
  File "/home/cysic/e0f-runtime/e1f_full_decode_bench.py", line 225, in synchronized_local_step
    raise RuntimeError(f"{name} failed before the next collective:\n{details}")
RuntimeError: load materials failed before the next collective:
rank 0:
Traceback (most recent call last):
  File "/home/cysic/e0f-runtime/e1f_full_decode_bench.py", line 210, in synchronized_local_step
    value = fn()
            ^^^^
  File "/home/cysic/e0f-runtime/e2f_decode_phase_probe.py", line 419, in <lambda>
    lambda: build_physical_stage(
            ^^^^^^^^^^^^^^^^^^^^^
  File "/home/cysic/e0f-runtime/dsv4_direct/physical_stage.py", line 494, in build_physical_stage
    build_physical_layer_material(
  File "/home/cysic/e0f-runtime/dsv4_direct/physical_stage.py", line 312, in build_physical_layer_material
    moe_resident = load_resident_moe_layer(
                   ^^^^^^^^^^^^^^^^^^^^^^^^
  File "/home/cysic/e0f-runtime/dsv4_direct/ops/marlin_moe.py", line 348, in load_resident_moe_layer
    w13_q=torch.empty((n_experts,) + q13.shape, dtype=q13.dtype, device=device),
          ^^^^^^^^^^^^^^^^^^^^^^^^^^^^^^^^^^^^^^^^^^^^^^^^^^^^^^^^^^^^^^^^^^^^^
torch.OutOfMemoryError: CUDA out of memory. Tried to allocate 512.00 MiB. GPU 0 has a total capacity of 23.52 GiB of which 403.94 MiB is free. Including non-PyTorch memory, this process has 23.12 GiB memory in use. Of the allocated memory 22.36 GiB is allocated by PyTorch, and 40.22 MiB is reserved by PyTorch but unallocated. If reserved but unallocated memory is large try setting PYTORCH_CUDA_ALLOC_CONF=expandable_segments:True to avoid fragmentation.  See documentation for Memory Management  (https://docs.pytorch.org/docs/stable/notes/cuda.html#optimizing-memory-usage-with-pytorch-cuda-alloc-conf)

rank 1:
Traceback (most recent call last):
  File "/home/cysic/e0f-runtime/e1f_full_decode_bench.py", line 210, in synchronized_local_step
    value = fn()
            ^^^^
  File "/home/cysic/e0f-runtime/e2f_decode_phase_probe.py", line 419, in <lambda>
    lambda: build_physical_stage(
            ^^^^^^^^^^^^^^^^^^^^^
  File "/home/cysic/e0f-runtime/dsv4_direct/physical_stage.py", line 494, in build_physical_stage
    build_physical_layer_material(
  File "/home/cysic/e0f-runtime/dsv4_direct/physical_stage.py", line 312, in build_physical_layer_material
    moe_resident = load_resident_moe_layer(
                   ^^^^^^^^^^^^^^^^^^^^^^^^
  File "/home/cysic/e0f-runtime/dsv4_direct/ops/marlin_moe.py", line 348, in load_resident_moe_layer
    w13_q=torch.empty((n_experts,) + q13.shape, dtype=q13.dtype, device=device),
          ^^^^^^^^^^^^^^^^^^^^^^^^^^^^^^^^^^^^^^^^^^^^^^^^^^^^^^^^^^^^^^^^^^^^^
torch.OutOfMemoryError: CUDA out of memory. Tried to allocate 512.00 MiB. GPU 1 has a total capacity of 23.52 GiB of which 403.94 MiB is free. Including non-PyTorch memory, this process has 23.12 GiB memory in use. Of the allocated memory 22.36 GiB is allocated by PyTorch, and 40.22 MiB is reserved by PyTorch but unallocated. If reserved but unallocated memory is large try setting PYTORCH_CUDA_ALLOC_CONF=expandable_segments:True to avoid fragmentation.  See documentation for Memory Management  (https://docs.pytorch.org/docs/stable/notes/cuda.html#optimizing-memory-usage-with-pytorch-cuda-alloc-conf)

rank 2:
Traceback (most recent call last):
  File "/home/cysic/e0f-runtime/e1f_full_decode_bench.py", line 210, in synchronized_local_step
    value = fn()
            ^^^^
  File "/home/cysic/e0f-runtime/e2f_decode_phase_probe.py", line 419, in <lambda>
    lambda: build_physical_stage(
            ^^^^^^^^^^^^^^^^^^^^^
  File "/home/cysic/e0f-runtime/dsv4_direct/physical_stage.py", line 494, in build_physical_stage
    build_physical_layer_material(
  File "/home/cysic/e0f-runtime/dsv4_direct/physical_stage.py", line 312, in build_physical_layer_material
    moe_resident = load_resident_moe_layer(
                   ^^^^^^^^^^^^^^^^^^^^^^^^
  File "/home/cysic/e0f-runtime/dsv4_direct/ops/marlin_moe.py", line 348, in load_resident_moe_layer
    w13_q=torch.empty((n_experts,) + q13.shape, dtype=q13.dtype, device=device),
          ^^^^^^^^^^^^^^^^^^^^^^^^^^^^^^^^^^^^^^^^^^^^^^^^^^^^^^^^^^^^^^^^^^^^^
torch.OutOfMemoryError: CUDA out of memory. Tried to allocate 512.00 MiB. GPU 2 has a total capacity of 23.52 GiB of which 403.94 MiB is free. Including non-PyTorch memory, this process has 23.12 GiB memory in use. Of the allocated memory 22.36 GiB is allocated by PyTorch, and 40.22 MiB is reserved by PyTorch but unallocated. If reserved but unallocated memory is large try setting PYTORCH_CUDA_ALLOC_CONF=expandable_segments:True to avoid fragmentation.  See documentation for Memory Management  (https://docs.pytorch.org/docs/stable/notes/cuda.html#optimizing-memory-usage-with-pytorch-cuda-alloc-conf)

rank 3:
Traceback (most recent call last):
  File "/home/cysic/e0f-runtime/e1f_full_decode_bench.py", line 210, in synchronized_local_step
    value = fn()
            ^^^^
  File "/home/cysic/e0f-runtime/e2f_decode_phase_probe.py", line 419, in <lambda>
    lambda: build_physical_stage(
            ^^^^^^^^^^^^^^^^^^^^^
  File "/home/cysic/e0f-runtime/dsv4_direct/physical_stage.py", line 494, in build_physical_stage
    build_physical_layer_material(
  File "/home/cysic/e0f-runtime/dsv4_direct/physical_stage.py", line 312, in build_physical_layer_material
    moe_resident = load_resident_moe_layer(
                   ^^^^^^^^^^^^^^^^^^^^^^^^
  File "/home/cysic/e0f-runtime/dsv4_direct/ops/marlin_moe.py", line 348, in load_resident_moe_layer
    w13_q=torch.empty((n_experts,) + q13.shape, dtype=q13.dtype, device=device),
          ^^^^^^^^^^^^^^^^^^^^^^^^^^^^^^^^^^^^^^^^^^^^^^^^^^^^^^^^^^^^^^^^^^^^^
torch.OutOfMemoryError: CUDA out of memory. Tried to allocate 512.00 MiB. GPU 3 has a total capacity of 23.52 GiB of which 403.94 MiB is free. Including non-PyTorch memory, this process has 23.12 GiB memory in use. Of the allocated memory 22.36 GiB is allocated by PyTorch, and 40.22 MiB is reserved by PyTorch but unallocated. If reserved but unallocated memory is large try setting PYTORCH_CUDA_ALLOC_CONF=expandable_segments:True to avoid fragmentation.  See documentation for Memory Management  (https://docs.pytorch.org/docs/stable/notes/cuda.html#optimizing-memory-usage-with-pytorch-cuda-alloc-conf)


[E2F] rank 3 FAILED
Traceback (most recent call last):
  File "/home/cysic/e0f-runtime/e2f_decode_phase_probe.py", line 417, in main
    stage_material = synchronized_local_step(
                     ^^^^^^^^^^^^^^^^^^^^^^^^
  File "/home/cysic/e0f-runtime/e1f_full_decode_bench.py", line 225, in synchronized_local_step
    raise RuntimeError(f"{name} failed before the next collective:\n{details}")
RuntimeError: load materials failed before the next collective:
rank 0:
Traceback (most recent call last):
  File "/home/cysic/e0f-runtime/e1f_full_decode_bench.py", line 210, in synchronized_local_step
    value = fn()
            ^^^^
  File "/home/cysic/e0f-runtime/e2f_decode_phase_probe.py", line 419, in <lambda>
    lambda: build_physical_stage(
            ^^^^^^^^^^^^^^^^^^^^^
  File "/home/cysic/e0f-runtime/dsv4_direct/physical_stage.py", line 494, in build_physical_stage
    build_physical_layer_material(
  File "/home/cysic/e0f-runtime/dsv4_direct/physical_stage.py", line 312, in build_physical_layer_material
    moe_resident = load_resident_moe_layer(
                   ^^^^^^^^^^^^^^^^^^^^^^^^
  File "/home/cysic/e0f-runtime/dsv4_direct/ops/marlin_moe.py", line 348, in load_resident_moe_layer
    w13_q=torch.empty((n_experts,) + q13.shape, dtype=q13.dtype, device=device),
          ^^^^^^^^^^^^^^^^^^^^^^^^^^^^^^^^^^^^^^^^^^^^^^^^^^^^^^^^^^^^^^^^^^^^^
torch.OutOfMemoryError: CUDA out of memory. Tried to allocate 512.00 MiB. GPU 0 has a total capacity of 23.52 GiB of which 403.94 MiB is free. Including non-PyTorch memory, this process has 23.12 GiB memory in use. Of the allocated memory 22.36 GiB is allocated by PyTorch, and 40.22 MiB is reserved by PyTorch but unallocated. If reserved but unallocated memory is large try setting PYTORCH_CUDA_ALLOC_CONF=expandable_segments:True to avoid fragmentation.  See documentation for Memory Management  (https://docs.pytorch.org/docs/stable/notes/cuda.html#optimizing-memory-usage-with-pytorch-cuda-alloc-conf)

rank 1:
Traceback (most recent call last):
  File "/home/cysic/e0f-runtime/e1f_full_decode_bench.py", line 210, in synchronized_local_step
    value = fn()
            ^^^^
  File "/home/cysic/e0f-runtime/e2f_decode_phase_probe.py", line 419, in <lambda>
    lambda: build_physical_stage(
            ^^^^^^^^^^^^^^^^^^^^^
  File "/home/cysic/e0f-runtime/dsv4_direct/physical_stage.py", line 494, in build_physical_stage
    build_physical_layer_material(
  File "/home/cysic/e0f-runtime/dsv4_direct/physical_stage.py", line 312, in build_physical_layer_material
    moe_resident = load_resident_moe_layer(
                   ^^^^^^^^^^^^^^^^^^^^^^^^
  File "/home/cysic/e0f-runtime/dsv4_direct/ops/marlin_moe.py", line 348, in load_resident_moe_layer
    w13_q=torch.empty((n_experts,) + q13.shape, dtype=q13.dtype, device=device),
          ^^^^^^^^^^^^^^^^^^^^^^^^^^^^^^^^^^^^^^^^^^^^^^^^^^^^^^^^^^^^^^^^^^^^^
torch.OutOfMemoryError: CUDA out of memory. Tried to allocate 512.00 MiB. GPU 1 has a total capacity of 23.52 GiB of which 403.94 MiB is free. Including non-PyTorch memory, this process has 23.12 GiB memory in use. Of the allocated memory 22.36 GiB is allocated by PyTorch, and 40.22 MiB is reserved by PyTorch but unallocated. If reserved but unallocated memory is large try setting PYTORCH_CUDA_ALLOC_CONF=expandable_segments:True to avoid fragmentation.  See documentation for Memory Management  (https://docs.pytorch.org/docs/stable/notes/cuda.html#optimizing-memory-usage-with-pytorch-cuda-alloc-conf)

rank 2:
Traceback (most recent call last):
  File "/home/cysic/e0f-runtime/e1f_full_decode_bench.py", line 210, in synchronized_local_step
    value = fn()
            ^^^^
  File "/home/cysic/e0f-runtime/e2f_decode_phase_probe.py", line 419, in <lambda>
    lambda: build_physical_stage(
            ^^^^^^^^^^^^^^^^^^^^^
  File "/home/cysic/e0f-runtime/dsv4_direct/physical_stage.py", line 494, in build_physical_stage
    build_physical_layer_material(
  File "/home/cysic/e0f-runtime/dsv4_direct/physical_stage.py", line 312, in build_physical_layer_material
    moe_resident = load_resident_moe_layer(
                   ^^^^^^^^^^^^^^^^^^^^^^^^
  File "/home/cysic/e0f-runtime/dsv4_direct/ops/marlin_moe.py", line 348, in load_resident_moe_layer
    w13_q=torch.empty((n_experts,) + q13.shape, dtype=q13.dtype, device=device),
          ^^^^^^^^^^^^^^^^^^^^^^^^^^^^^^^^^^^^^^^^^^^^^^^^^^^^^^^^^^^^^^^^^^^^^
torch.OutOfMemoryError: CUDA out of memory. Tried to allocate 512.00 MiB. GPU 2 has a total capacity of 23.52 GiB of which 403.94 MiB is free. Including non-PyTorch memory, this process has 23.12 GiB memory in use. Of the allocated memory 22.36 GiB is allocated by PyTorch, and 40.22 MiB is reserved by PyTorch but unallocated. If reserved but unallocated memory is large try setting PYTORCH_CUDA_ALLOC_CONF=expandable_segments:True to avoid fragmentation.  See documentation for Memory Management  (https://docs.pytorch.org/docs/stable/notes/cuda.html#optimizing-memory-usage-with-pytorch-cuda-alloc-conf)

rank 3:
Traceback (most recent call last):
  File "/home/cysic/e0f-runtime/e1f_full_decode_bench.py", line 210, in synchronized_local_step
    value = fn()
            ^^^^
  File "/home/cysic/e0f-runtime/e2f_decode_phase_probe.py", line 419, in <lambda>
    lambda: build_physical_stage(
            ^^^^^^^^^^^^^^^^^^^^^
  File "/home/cysic/e0f-runtime/dsv4_direct/physical_stage.py", line 494, in build_physical_stage
    build_physical_layer_material(
  File "/home/cysic/e0f-runtime/dsv4_direct/physical_stage.py", line 312, in build_physical_layer_material
    moe_resident = load_resident_moe_layer(
                   ^^^^^^^^^^^^^^^^^^^^^^^^
  File "/home/cysic/e0f-runtime/dsv4_direct/ops/marlin_moe.py", line 348, in load_resident_moe_layer
    w13_q=torch.empty((n_experts,) + q13.shape, dtype=q13.dtype, device=device),
          ^^^^^^^^^^^^^^^^^^^^^^^^^^^^^^^^^^^^^^^^^^^^^^^^^^^^^^^^^^^^^^^^^^^^^
torch.OutOfMemoryError: CUDA out of memory. Tried to allocate 512.00 MiB. GPU 3 has a total capacity of 23.52 GiB of which 403.94 MiB is free. Including non-PyTorch memory, this process has 23.12 GiB memory in use. Of the allocated memory 22.36 GiB is allocated by PyTorch, and 40.22 MiB is reserved by PyTorch but unallocated. If reserved but unallocated memory is large try setting PYTORCH_CUDA_ALLOC_CONF=expandable_segments:True to avoid fragmentation.  See documentation for Memory Management  (https://docs.pytorch.org/docs/stable/notes/cuda.html#optimizing-memory-usage-with-pytorch-cuda-alloc-conf)


[E2F] rank 1 FAILED
Traceback (most recent call last):
  File "/home/cysic/e0f-runtime/e2f_decode_phase_probe.py", line 417, in main
    stage_material = synchronized_local_step(
                     ^^^^^^^^^^^^^^^^^^^^^^^^
  File "/home/cysic/e0f-runtime/e1f_full_decode_bench.py", line 225, in synchronized_local_step
    raise RuntimeError(f"{name} failed before the next collective:\n{details}")
RuntimeError: load materials failed before the next collective:
rank 0:
Traceback (most recent call last):
  File "/home/cysic/e0f-runtime/e1f_full_decode_bench.py", line 210, in synchronized_local_step
    value = fn()
            ^^^^
  File "/home/cysic/e0f-runtime/e2f_decode_phase_probe.py", line 419, in <lambda>
    lambda: build_physical_stage(
            ^^^^^^^^^^^^^^^^^^^^^
  File "/home/cysic/e0f-runtime/dsv4_direct/physical_stage.py", line 494, in build_physical_stage
    build_physical_layer_material(
  File "/home/cysic/e0f-runtime/dsv4_direct/physical_stage.py", line 312, in build_physical_layer_material
    moe_resident = load_resident_moe_layer(
                   ^^^^^^^^^^^^^^^^^^^^^^^^
  File "/home/cysic/e0f-runtime/dsv4_direct/ops/marlin_moe.py", line 348, in load_resident_moe_layer
    w13_q=torch.empty((n_experts,) + q13.shape, dtype=q13.dtype, device=device),
          ^^^^^^^^^^^^^^^^^^^^^^^^^^^^^^^^^^^^^^^^^^^^^^^^^^^^^^^^^^^^^^^^^^^^^
torch.OutOfMemoryError: CUDA out of memory. Tried to allocate 512.00 MiB. GPU 0 has a total capacity of 23.52 GiB of which 403.94 MiB is free. Including non-PyTorch memory, this process has 23.12 GiB memory in use. Of the allocated memory 22.36 GiB is allocated by PyTorch, and 40.22 MiB is reserved by PyTorch but unallocated. If reserved but unallocated memory is large try setting PYTORCH_CUDA_ALLOC_CONF=expandable_segments:True to avoid fragmentation.  See documentation for Memory Management  (https://docs.pytorch.org/docs/stable/notes/cuda.html#optimizing-memory-usage-with-pytorch-cuda-alloc-conf)

rank 1:
Traceback (most recent call last):
  File "/home/cysic/e0f-runtime/e1f_full_decode_bench.py", line 210, in synchronized_local_step
    value = fn()
            ^^^^
  File "/home/cysic/e0f-runtime/e2f_decode_phase_probe.py", line 419, in <lambda>
    lambda: build_physical_stage(
            ^^^^^^^^^^^^^^^^^^^^^
  File "/home/cysic/e0f-runtime/dsv4_direct/physical_stage.py", line 494, in build_physical_stage
    build_physical_layer_material(
  File "/home/cysic/e0f-runtime/dsv4_direct/physical_stage.py", line 312, in build_physical_layer_material
    moe_resident = load_resident_moe_layer(
                   ^^^^^^^^^^^^^^^^^^^^^^^^
  File "/home/cysic/e0f-runtime/dsv4_direct/ops/marlin_moe.py", line 348, in load_resident_moe_layer
    w13_q=torch.empty((n_experts,) + q13.shape, dtype=q13.dtype, device=device),
          ^^^^^^^^^^^^^^^^^^^^^^^^^^^^^^^^^^^^^^^^^^^^^^^^^^^^^^^^^^^^^^^^^^^^^
torch.OutOfMemoryError: CUDA out of memory. Tried to allocate 512.00 MiB. GPU 1 has a total capacity of 23.52 GiB of which 403.94 MiB is free. Including non-PyTorch memory, this process has 23.12 GiB memory in use. Of the allocated memory 22.36 GiB is allocated by PyTorch, and 40.22 MiB is reserved by PyTorch but unallocated. If reserved but unallocated memory is large try setting PYTORCH_CUDA_ALLOC_CONF=expandable_segments:True to avoid fragmentation.  See documentation for Memory Management  (https://docs.pytorch.org/docs/stable/notes/cuda.html#optimizing-memory-usage-with-pytorch-cuda-alloc-conf)

rank 2:
Traceback (most recent call last):
  File "/home/cysic/e0f-runtime/e1f_full_decode_bench.py", line 210, in synchronized_local_step
    value = fn()
            ^^^^
  File "/home/cysic/e0f-runtime/e2f_decode_phase_probe.py", line 419, in <lambda>
    lambda: build_physical_stage(
            ^^^^^^^^^^^^^^^^^^^^^
  File "/home/cysic/e0f-runtime/dsv4_direct/physical_stage.py", line 494, in build_physical_stage
    build_physical_layer_material(
  File "/home/cysic/e0f-runtime/dsv4_direct/physical_stage.py", line 312, in build_physical_layer_material
    moe_resident = load_resident_moe_layer(
                   ^^^^^^^^^^^^^^^^^^^^^^^^
  File "/home/cysic/e0f-runtime/dsv4_direct/ops/marlin_moe.py", line 348, in load_resident_moe_layer
    w13_q=torch.empty((n_experts,) + q13.shape, dtype=q13.dtype, device=device),
          ^^^^^^^^^^^^^^^^^^^^^^^^^^^^^^^^^^^^^^^^^^^^^^^^^^^^^^^^^^^^^^^^^^^^^
torch.OutOfMemoryError: CUDA out of memory. Tried to allocate 512.00 MiB. GPU 2 has a total capacity of 23.52 GiB of which 403.94 MiB is free. Including non-PyTorch memory, this process has 23.12 GiB memory in use. Of the allocated memory 22.36 GiB is allocated by PyTorch, and 40.22 MiB is reserved by PyTorch but unallocated. If reserved but unallocated memory is large try setting PYTORCH_CUDA_ALLOC_CONF=expandable_segments:True to avoid fragmentation.  See documentation for Memory Management  (https://docs.pytorch.org/docs/stable/notes/cuda.html#optimizing-memory-usage-with-pytorch-cuda-alloc-conf)

rank 3:
Traceback (most recent call last):
  File "/home/cysic/e0f-runtime/e1f_full_decode_bench.py", line 210, in synchronized_local_step
    value = fn()
            ^^^^
  File "/home/cysic/e0f-runtime/e2f_decode_phase_probe.py", line 419, in <lambda>
    lambda: build_physical_stage(
            ^^^^^^^^^^^^^^^^^^^^^
  File "/home/cysic/e0f-runtime/dsv4_direct/physical_stage.py", line 494, in build_physical_stage
    build_physical_layer_material(
  File "/home/cysic/e0f-runtime/dsv4_direct/physical_stage.py", line 312, in build_physical_layer_material
    moe_resident = load_resident_moe_layer(
                   ^^^^^^^^^^^^^^^^^^^^^^^^
  File "/home/cysic/e0f-runtime/dsv4_direct/ops/marlin_moe.py", line 348, in load_resident_moe_layer
    w13_q=torch.empty((n_experts,) + q13.shape, dtype=q13.dtype, device=device),
          ^^^^^^^^^^^^^^^^^^^^^^^^^^^^^^^^^^^^^^^^^^^^^^^^^^^^^^^^^^^^^^^^^^^^^
torch.OutOfMemoryError: CUDA out of memory. Tried to allocate 512.00 MiB. GPU 3 has a total capacity of 23.52 GiB of which 403.94 MiB is free. Including non-PyTorch memory, this process has 23.12 GiB memory in use. Of the allocated memory 22.36 GiB is allocated by PyTorch, and 40.22 MiB is reserved by PyTorch but unallocated. If reserved but unallocated memory is large try setting PYTORCH_CUDA_ALLOC_CONF=expandable_segments:True to avoid fragmentation.  See documentation for Memory Management  (https://docs.pytorch.org/docs/stable/notes/cuda.html#optimizing-memory-usage-with-pytorch-cuda-alloc-conf)


[E2F] rank 0 FAILED
Traceback (most recent call last):
  File "/home/cysic/e0f-runtime/e2f_decode_phase_probe.py", line 417, in main
    stage_material = synchronized_local_step(
                     ^^^^^^^^^^^^^^^^^^^^^^^^
  File "/home/cysic/e0f-runtime/e1f_full_decode_bench.py", line 225, in synchronized_local_step
    raise RuntimeError(f"{name} failed before the next collective:\n{details}")
RuntimeError: load materials failed before the next collective:
rank 0:
Traceback (most recent call last):
  File "/home/cysic/e0f-runtime/e1f_full_decode_bench.py", line 210, in synchronized_local_step
    value = fn()
            ^^^^
  File "/home/cysic/e0f-runtime/e2f_decode_phase_probe.py", line 419, in <lambda>
    lambda: build_physical_stage(
            ^^^^^^^^^^^^^^^^^^^^^
  File "/home/cysic/e0f-runtime/dsv4_direct/physical_stage.py", line 494, in build_physical_stage
    build_physical_layer_material(
  File "/home/cysic/e0f-runtime/dsv4_direct/physical_stage.py", line 312, in build_physical_layer_material
    moe_resident = load_resident_moe_layer(
                   ^^^^^^^^^^^^^^^^^^^^^^^^
  File "/home/cysic/e0f-runtime/dsv4_direct/ops/marlin_moe.py", line 348, in load_resident_moe_layer
    w13_q=torch.empty((n_experts,) + q13.shape, dtype=q13.dtype, device=device),
          ^^^^^^^^^^^^^^^^^^^^^^^^^^^^^^^^^^^^^^^^^^^^^^^^^^^^^^^^^^^^^^^^^^^^^
torch.OutOfMemoryError: CUDA out of memory. Tried to allocate 512.00 MiB. GPU 0 has a total capacity of 23.52 GiB of which 403.94 MiB is free. Including non-PyTorch memory, this process has 23.12 GiB memory in use. Of the allocated memory 22.36 GiB is allocated by PyTorch, and 40.22 MiB is reserved by PyTorch but unallocated. If reserved but unallocated memory is large try setting PYTORCH_CUDA_ALLOC_CONF=expandable_segments:True to avoid fragmentation.  See documentation for Memory Management  (https://docs.pytorch.org/docs/stable/notes/cuda.html#optimizing-memory-usage-with-pytorch-cuda-alloc-conf)

rank 1:
Traceback (most recent call last):
  File "/home/cysic/e0f-runtime/e1f_full_decode_bench.py", line 210, in synchronized_local_step
    value = fn()
            ^^^^
  File "/home/cysic/e0f-runtime/e2f_decode_phase_probe.py", line 419, in <lambda>
    lambda: build_physical_stage(
            ^^^^^^^^^^^^^^^^^^^^^
  File "/home/cysic/e0f-runtime/dsv4_direct/physical_stage.py", line 494, in build_physical_stage
    build_physical_layer_material(
  File "/home/cysic/e0f-runtime/dsv4_direct/physical_stage.py", line 312, in build_physical_layer_material
    moe_resident = load_resident_moe_layer(
                   ^^^^^^^^^^^^^^^^^^^^^^^^
  File "/home/cysic/e0f-runtime/dsv4_direct/ops/marlin_moe.py", line 348, in load_resident_moe_layer
    w13_q=torch.empty((n_experts,) + q13.shape, dtype=q13.dtype, device=device),
          ^^^^^^^^^^^^^^^^^^^^^^^^^^^^^^^^^^^^^^^^^^^^^^^^^^^^^^^^^^^^^^^^^^^^^
torch.OutOfMemoryError: CUDA out of memory. Tried to allocate 512.00 MiB. GPU 1 has a total capacity of 23.52 GiB of which 403.94 MiB is free. Including non-PyTorch memory, this process has 23.12 GiB memory in use. Of the allocated memory 22.36 GiB is allocated by PyTorch, and 40.22 MiB is reserved by PyTorch but unallocated. If reserved but unallocated memory is large try setting PYTORCH_CUDA_ALLOC_CONF=expandable_segments:True to avoid fragmentation.  See documentation for Memory Management  (https://docs.pytorch.org/docs/stable/notes/cuda.html#optimizing-memory-usage-with-pytorch-cuda-alloc-conf)

rank 2:
Traceback (most recent call last):
  File "/home/cysic/e0f-runtime/e1f_full_decode_bench.py", line 210, in synchronized_local_step
    value = fn()
            ^^^^
  File "/home/cysic/e0f-runtime/e2f_decode_phase_probe.py", line 419, in <lambda>
    lambda: build_physical_stage(
            ^^^^^^^^^^^^^^^^^^^^^
  File "/home/cysic/e0f-runtime/dsv4_direct/physical_stage.py", line 494, in build_physical_stage
    build_physical_layer_material(
  File "/home/cysic/e0f-runtime/dsv4_direct/physical_stage.py", line 312, in build_physical_layer_material
    moe_resident = load_resident_moe_layer(
                   ^^^^^^^^^^^^^^^^^^^^^^^^
  File "/home/cysic/e0f-runtime/dsv4_direct/ops/marlin_moe.py", line 348, in load_resident_moe_layer
    w13_q=torch.empty((n_experts,) + q13.shape, dtype=q13.dtype, device=device),
          ^^^^^^^^^^^^^^^^^^^^^^^^^^^^^^^^^^^^^^^^^^^^^^^^^^^^^^^^^^^^^^^^^^^^^
torch.OutOfMemoryError: CUDA out of memory. Tried to allocate 512.00 MiB. GPU 2 has a total capacity of 23.52 GiB of which 403.94 MiB is free. Including non-PyTorch memory, this process has 23.12 GiB memory in use. Of the allocated memory 22.36 GiB is allocated by PyTorch, and 40.22 MiB is reserved by PyTorch but unallocated. If reserved but unallocated memory is large try setting PYTORCH_CUDA_ALLOC_CONF=expandable_segments:True to avoid fragmentation.  See documentation for Memory Management  (https://docs.pytorch.org/docs/stable/notes/cuda.html#optimizing-memory-usage-with-pytorch-cuda-alloc-conf)

rank 3:
Traceback (most recent call last):
  File "/home/cysic/e0f-runtime/e1f_full_decode_bench.py", line 210, in synchronized_local_step
    value = fn()
            ^^^^
  File "/home/cysic/e0f-runtime/e2f_decode_phase_probe.py", line 419, in <lambda>
    lambda: build_physical_stage(
            ^^^^^^^^^^^^^^^^^^^^^
  File "/home/cysic/e0f-runtime/dsv4_direct/physical_stage.py", line 494, in build_physical_stage
    build_physical_layer_material(
  File "/home/cysic/e0f-runtime/dsv4_direct/physical_stage.py", line 312, in build_physical_layer_material
    moe_resident = load_resident_moe_layer(
                   ^^^^^^^^^^^^^^^^^^^^^^^^
  File "/home/cysic/e0f-runtime/dsv4_direct/ops/marlin_moe.py", line 348, in load_resident_moe_layer
    w13_q=torch.empty((n_experts,) + q13.shape, dtype=q13.dtype, device=device),
          ^^^^^^^^^^^^^^^^^^^^^^^^^^^^^^^^^^^^^^^^^^^^^^^^^^^^^^^^^^^^^^^^^^^^^
torch.OutOfMemoryError: CUDA out of memory. Tried to allocate 512.00 MiB. GPU 3 has a total capacity of 23.52 GiB of which 403.94 MiB is free. Including non-PyTorch memory, this process has 23.12 GiB memory in use. Of the allocated memory 22.36 GiB is allocated by PyTorch, and 40.22 MiB is reserved by PyTorch but unallocated. If reserved but unallocated memory is large try setting PYTORCH_CUDA_ALLOC_CONF=expandable_segments:True to avoid fragmentation.  See documentation for Memory Management  (https://docs.pytorch.org/docs/stable/notes/cuda.html#optimizing-memory-usage-with-pytorch-cuda-alloc-conf)


W0721 10:03:58.007000 233199 torch/distributed/elastic/multiprocessing/api.py:1012] Sending process 233292 closing signal SIGTERM
W0721 10:03:58.009000 233199 torch/distributed/elastic/multiprocessing/api.py:1012] Sending process 233293 closing signal SIGTERM
W0721 10:03:58.009000 233199 torch/distributed/elastic/multiprocessing/api.py:1012] Sending process 233295 closing signal SIGTERM
E0721 10:03:58.287000 233199 torch/distributed/elastic/multiprocessing/api.py:986] failed (exitcode: 1) local_rank: 2 (pid: 233294) of binary: /home/cysic/Workspace/venvs/sglang/bin/python3
Traceback (most recent call last):
  File "/home/cysic/Workspace/venvs/sglang/bin/torchrun", line 10, in <module>
    sys.exit(main())
             ^^^^^^
  File "/home/cysic/Workspace/venvs/sglang/lib/python3.12/site-packages/torch/distributed/elastic/multiprocessing/errors/__init__.py", line 362, in wrapper
    return f(*args, **kwargs)
           ^^^^^^^^^^^^^^^^^^
  File "/home/cysic/Workspace/venvs/sglang/lib/python3.12/site-packages/torch/distributed/run.py", line 990, in main
    run(args)
  File "/home/cysic/Workspace/venvs/sglang/lib/python3.12/site-packages/torch/distributed/run.py", line 981, in run
    elastic_launch(
  File "/home/cysic/Workspace/venvs/sglang/lib/python3.12/site-packages/torch/distributed/launcher/api.py", line 170, in __call__
    return launch_agent(self._config, self._entrypoint, list(args))
           ^^^^^^^^^^^^^^^^^^^^^^^^^^^^^^^^^^^^^^^^^^^^^^^^^^^^^^^^
  File "/home/cysic/Workspace/venvs/sglang/lib/python3.12/site-packages/torch/distributed/launcher/api.py", line 317, in launch_agent
    raise ChildFailedError(
torch.distributed.elastic.multiprocessing.errors.ChildFailedError: 
============================================================
e2f_decode_phase_probe.py FAILED
------------------------------------------------------------
Failures:
[1]:
  time      : 2026-07-21_10:03:58
  host      : titan064
  rank      : 0 (local_rank: 0)
  exitcode  : 1 (pid: 233292)
  error_file: <N/A>
  traceback : To enable traceback see: https://pytorch.org/docs/stable/elastic/errors.html
[2]:
  time      : 2026-07-21_10:03:58
  host      : titan064
  rank      : 1 (local_rank: 1)
  exitcode  : 1 (pid: 233293)
  error_file: <N/A>
  traceback : To enable traceback see: https://pytorch.org/docs/stable/elastic/errors.html
[3]:
  time      : 2026-07-21_10:03:58
  host      : titan064
  rank      : 3 (local_rank: 3)
  exitcode  : 1 (pid: 233295)
  error_file: <N/A>
  traceback : To enable traceback see: https://pytorch.org/docs/stable/elastic/errors.html
------------------------------------------------------------
Root Cause (first observed failure):
[0]:
  time      : 2026-07-21_10:03:58
  host      : titan064
  rank      : 2 (local_rank: 2)
  exitcode  : 1 (pid: 233294)
  error_file: <N/A>
  traceback : To enable traceback see: https://pytorch.org/docs/stable/elastic/errors.html
============================================================
