W0720 13:45:48.690000 139464 torch/distributed/run.py:851] 
W0720 13:45:48.690000 139464 torch/distributed/run.py:851] *****************************************
W0720 13:45:48.690000 139464 torch/distributed/run.py:851] Setting OMP_NUM_THREADS environment variable for each process to be 1 in default, to avoid your system being overloaded, please further tune the variable for optimal performance in your application as needed. 
W0720 13:45:48.690000 139464 torch/distributed/run.py:851] *****************************************
[E1F] layer=22 rank=0 experts=256/256
[E1F] stage 2 layer 22 material loaded
[E1F] layer=33 rank=0 experts=256/256
[E1F] stage 3 layer 33 material loaded
[E1F] layer=23 rank=0 experts=256/256
[E1F] stage 2 layer 23 material loaded
[E1F] layer=34 rank=0 experts=256/256
[E1F] stage 3 layer 34 material loaded
[E1F] layer=24 rank=0 experts=256/256
[E1F] stage 2 layer 24 material loaded
[E1F] layer=35 rank=0 experts=256/256
[E1F] stage 3 layer 35 material loaded
[E1F] layer=25 rank=0 experts=256/256
[E1F] stage 2 layer 25 material loaded
[E1F] layer=36 rank=0 experts=256/256
[E1F] stage 3 layer 36 material loaded
[E1F] layer=26 rank=0 experts=256/256
[E1F] stage 2 layer 26 material loaded
[E1F] layer=37 rank=0 experts=256/256
[E1F] stage 3 layer 37 material loaded
[E1F] layer=27 rank=0 experts=256/256
[E1F] stage 2 layer 27 material loaded
[E1F] layer=38 rank=0 experts=256/256
[E1F] stage 3 layer 38 material loaded
[E1F] layer=28 rank=0 experts=256/256
[E1F] stage 2 layer 28 material loaded
[E1F] layer=39 rank=0 experts=256/256
[E1F] stage 3 layer 39 material loaded
[E1F] layer=29 rank=0 experts=256/256
[E1F] stage 2 layer 29 material loaded
[E1F] layer=40 rank=0 experts=256/256
[E1F] stage 3 layer 40 material loaded
[E1F] layer=30 rank=0 experts=256/256
[E1F] stage 2 layer 30 material loaded
[E1F] layer=41 rank=0 experts=256/256
[E1F] stage 3 layer 41 material loaded
[E1F] layer=31 rank=0 experts=256/256
[E1F] stage 2 layer 31 material loaded
[E1F] layer=42 rank=0 experts=256/256
[E1F] stage 3 layer 42 material loaded
[E1F] layer=32 rank=0 experts=256/256
[E1F] stage 2 layer 32 material loaded
[E1F] stage 2 loaded (11 layers, free 6.91 GiB, 13s)
[E1F] stage 3 loaded (10 layers, free 5.38 GiB, 13s)
[E1F][rank 15] build lanes raised:
Traceback (most recent call last):
  File "/home/cysic/e0f-runtime/e1f_full_decode_bench.py", line 210, in synchronized_local_step
    value = fn()
            ^^^^
  File "/home/cysic/e0f-runtime/e1f_full_decode_bench.py", line 879, in build_lanes
    "graph": StageLane(
             ^^^^^^^^^^
  File "/home/cysic/e0f-runtime/e1f_full_decode_bench.py", line 481, in __init__
    seed_state(
  File "/home/cysic/e0f-runtime/e1f_full_decode_bench.py", line 450, in seed_state
    state.seed_decode_payload(
  File "/home/cysic/e0f-runtime/dsv4_direct/static_ratio4_kv.py", line 416, in seed_decode_payload
    if not bool(torch.isfinite(payload[name][0]).all().item()):
                ^^^^^^^^^^^^^^^^^^^^^^^^^^^^^^^^
torch.OutOfMemoryError: CUDA out of memory. Tried to allocate 222.00 MiB. GPU 7 has a total capacity of 23.52 GiB of which 179.88 MiB is free. Including non-PyTorch memory, this process has 23.33 GiB memory in use. Of the allocated memory 22.53 GiB is allocated by PyTorch, and 23.19 MiB is reserved by PyTorch but unallocated. If reserved but unallocated memory is large try setting PYTORCH_CUDA_ALLOC_CONF=expandable_segments:True to avoid fragmentation.  See documentation for Memory Management  (https://docs.pytorch.org/docs/stable/notes/cuda.html#optimizing-memory-usage-with-pytorch-cuda-alloc-conf)

[E1F][rank 14] build lanes raised:
Traceback (most recent call last):
  File "/home/cysic/e0f-runtime/e1f_full_decode_bench.py", line 210, in synchronized_local_step
    value = fn()
            ^^^^
  File "/home/cysic/e0f-runtime/e1f_full_decode_bench.py", line 879, in build_lanes
    "graph": StageLane(
             ^^^^^^^^^^
  File "/home/cysic/e0f-runtime/e1f_full_decode_bench.py", line 481, in __init__
    seed_state(
  File "/home/cysic/e0f-runtime/e1f_full_decode_bench.py", line 450, in seed_state
    state.seed_decode_payload(
  File "/home/cysic/e0f-runtime/dsv4_direct/static_ratio4_kv.py", line 416, in seed_decode_payload
    if not bool(torch.isfinite(payload[name][0]).all().item()):
                ^^^^^^^^^^^^^^^^^^^^^^^^^^^^^^^^
torch.OutOfMemoryError: CUDA out of memory. Tried to allocate 222.00 MiB. GPU 6 has a total capacity of 23.52 GiB of which 179.88 MiB is free. Including non-PyTorch memory, this process has 23.33 GiB memory in use. Of the allocated memory 22.53 GiB is allocated by PyTorch, and 23.19 MiB is reserved by PyTorch but unallocated. If reserved but unallocated memory is large try setting PYTORCH_CUDA_ALLOC_CONF=expandable_segments:True to avoid fragmentation.  See documentation for Memory Management  (https://docs.pytorch.org/docs/stable/notes/cuda.html#optimizing-memory-usage-with-pytorch-cuda-alloc-conf)

[E1F][rank 12] build lanes raised:
Traceback (most recent call last):
  File "/home/cysic/e0f-runtime/e1f_full_decode_bench.py", line 210, in synchronized_local_step
    value = fn()
            ^^^^
  File "/home/cysic/e0f-runtime/e1f_full_decode_bench.py", line 879, in build_lanes
    "graph": StageLane(
             ^^^^^^^^^^
  File "/home/cysic/e0f-runtime/e1f_full_decode_bench.py", line 481, in __init__
    seed_state(
  File "/home/cysic/e0f-runtime/e1f_full_decode_bench.py", line 450, in seed_state
    state.seed_decode_payload(
  File "/home/cysic/e0f-runtime/dsv4_direct/static_ratio4_kv.py", line 416, in seed_decode_payload
    if not bool(torch.isfinite(payload[name][0]).all().item()):
                ^^^^^^^^^^^^^^^^^^^^^^^^^^^^^^^^
torch.OutOfMemoryError: CUDA out of memory. Tried to allocate 222.00 MiB. GPU 4 has a total capacity of 23.52 GiB of which 183.88 MiB is free. Including non-PyTorch memory, this process has 23.33 GiB memory in use. Of the allocated memory 22.53 GiB is allocated by PyTorch, and 23.19 MiB is reserved by PyTorch but unallocated. If reserved but unallocated memory is large try setting PYTORCH_CUDA_ALLOC_CONF=expandable_segments:True to avoid fragmentation.  See documentation for Memory Management  (https://docs.pytorch.org/docs/stable/notes/cuda.html#optimizing-memory-usage-with-pytorch-cuda-alloc-conf)

[E1F][rank 13] build lanes raised:
Traceback (most recent call last):
  File "/home/cysic/e0f-runtime/e1f_full_decode_bench.py", line 210, in synchronized_local_step
    value = fn()
            ^^^^
  File "/home/cysic/e0f-runtime/e1f_full_decode_bench.py", line 879, in build_lanes
    "graph": StageLane(
             ^^^^^^^^^^
  File "/home/cysic/e0f-runtime/e1f_full_decode_bench.py", line 481, in __init__
    seed_state(
  File "/home/cysic/e0f-runtime/e1f_full_decode_bench.py", line 450, in seed_state
    state.seed_decode_payload(
  File "/home/cysic/e0f-runtime/dsv4_direct/static_ratio4_kv.py", line 416, in seed_decode_payload
    if not bool(torch.isfinite(payload[name][0]).all().item()):
                ^^^^^^^^^^^^^^^^^^^^^^^^^^^^^^^^
torch.OutOfMemoryError: CUDA out of memory. Tried to allocate 222.00 MiB. GPU 5 has a total capacity of 23.52 GiB of which 179.88 MiB is free. Including non-PyTorch memory, this process has 23.33 GiB memory in use. Of the allocated memory 22.53 GiB is allocated by PyTorch, and 23.19 MiB is reserved by PyTorch but unallocated. If reserved but unallocated memory is large try setting PYTORCH_CUDA_ALLOC_CONF=expandable_segments:True to avoid fragmentation.  See documentation for Memory Management  (https://docs.pytorch.org/docs/stable/notes/cuda.html#optimizing-memory-usage-with-pytorch-cuda-alloc-conf)

[E1F][rank 8] build lanes raised:
Traceback (most recent call last):
  File "/home/cysic/e0f-runtime/e1f_full_decode_bench.py", line 210, in synchronized_local_step
    value = fn()
            ^^^^
  File "/home/cysic/e0f-runtime/e1f_full_decode_bench.py", line 879, in build_lanes
    "graph": StageLane(
             ^^^^^^^^^^
  File "/home/cysic/e0f-runtime/e1f_full_decode_bench.py", line 481, in __init__
    seed_state(
  File "/home/cysic/e0f-runtime/e1f_full_decode_bench.py", line 450, in seed_state
    state.seed_decode_payload(
  File "/home/cysic/e0f-runtime/dsv4_direct/static_ratio4_kv.py", line 416, in seed_decode_payload
    if not bool(torch.isfinite(payload[name][0]).all().item()):
                ^^^^^^^^^^^^^^^^^^^^^^^^^^^^^^^^
torch.OutOfMemoryError: CUDA out of memory. Tried to allocate 222.00 MiB. GPU 0 has a total capacity of 23.52 GiB of which 53.88 MiB is free. Including non-PyTorch memory, this process has 23.46 GiB memory in use. Of the allocated memory 22.66 GiB is allocated by PyTorch, and 31.19 MiB is reserved by PyTorch but unallocated. If reserved but unallocated memory is large try setting PYTORCH_CUDA_ALLOC_CONF=expandable_segments:True to avoid fragmentation.  See documentation for Memory Management  (https://docs.pytorch.org/docs/stable/notes/cuda.html#optimizing-memory-usage-with-pytorch-cuda-alloc-conf)

[E1F][rank 11] build lanes raised:
Traceback (most recent call last):
  File "/home/cysic/e0f-runtime/e1f_full_decode_bench.py", line 210, in synchronized_local_step
    value = fn()
            ^^^^
  File "/home/cysic/e0f-runtime/e1f_full_decode_bench.py", line 879, in build_lanes
    "graph": StageLane(
             ^^^^^^^^^^
  File "/home/cysic/e0f-runtime/e1f_full_decode_bench.py", line 481, in __init__
    seed_state(
  File "/home/cysic/e0f-runtime/e1f_full_decode_bench.py", line 450, in seed_state
    state.seed_decode_payload(
  File "/home/cysic/e0f-runtime/dsv4_direct/static_ratio4_kv.py", line 416, in seed_decode_payload
    if not bool(torch.isfinite(payload[name][0]).all().item()):
                ^^^^^^^^^^^^^^^^^^^^^^^^^^^^^^^^
torch.OutOfMemoryError: CUDA out of memory. Tried to allocate 222.00 MiB. GPU 3 has a total capacity of 23.52 GiB of which 73.88 MiB is free. Including non-PyTorch memory, this process has 23.44 GiB memory in use. Of the allocated memory 22.66 GiB is allocated by PyTorch, and 31.19 MiB is reserved by PyTorch but unallocated. If reserved but unallocated memory is large try setting PYTORCH_CUDA_ALLOC_CONF=expandable_segments:True to avoid fragmentation.  See documentation for Memory Management  (https://docs.pytorch.org/docs/stable/notes/cuda.html#optimizing-memory-usage-with-pytorch-cuda-alloc-conf)

[E1F][rank 9] build lanes raised:
Traceback (most recent call last):
  File "/home/cysic/e0f-runtime/e1f_full_decode_bench.py", line 210, in synchronized_local_step
    value = fn()
            ^^^^
  File "/home/cysic/e0f-runtime/e1f_full_decode_bench.py", line 879, in build_lanes
    "graph": StageLane(
             ^^^^^^^^^^
  File "/home/cysic/e0f-runtime/e1f_full_decode_bench.py", line 481, in __init__
    seed_state(
  File "/home/cysic/e0f-runtime/e1f_full_decode_bench.py", line 450, in seed_state
    state.seed_decode_payload(
  File "/home/cysic/e0f-runtime/dsv4_direct/static_ratio4_kv.py", line 416, in seed_decode_payload
    if not bool(torch.isfinite(payload[name][0]).all().item()):
                ^^^^^^^^^^^^^^^^^^^^^^^^^^^^^^^^
torch.OutOfMemoryError: CUDA out of memory. Tried to allocate 222.00 MiB. GPU 1 has a total capacity of 23.52 GiB of which 53.88 MiB is free. Including non-PyTorch memory, this process has 23.46 GiB memory in use. Of the allocated memory 22.66 GiB is allocated by PyTorch, and 31.19 MiB is reserved by PyTorch but unallocated. If reserved but unallocated memory is large try setting PYTORCH_CUDA_ALLOC_CONF=expandable_segments:True to avoid fragmentation.  See documentation for Memory Management  (https://docs.pytorch.org/docs/stable/notes/cuda.html#optimizing-memory-usage-with-pytorch-cuda-alloc-conf)

[E1F][rank 10] build lanes raised:
Traceback (most recent call last):
  File "/home/cysic/e0f-runtime/e1f_full_decode_bench.py", line 210, in synchronized_local_step
    value = fn()
            ^^^^
  File "/home/cysic/e0f-runtime/e1f_full_decode_bench.py", line 879, in build_lanes
    "graph": StageLane(
             ^^^^^^^^^^
  File "/home/cysic/e0f-runtime/e1f_full_decode_bench.py", line 481, in __init__
    seed_state(
  File "/home/cysic/e0f-runtime/e1f_full_decode_bench.py", line 450, in seed_state
    state.seed_decode_payload(
  File "/home/cysic/e0f-runtime/dsv4_direct/static_ratio4_kv.py", line 416, in seed_decode_payload
    if not bool(torch.isfinite(payload[name][0]).all().item()):
                ^^^^^^^^^^^^^^^^^^^^^^^^^^^^^^^^
torch.OutOfMemoryError: CUDA out of memory. Tried to allocate 222.00 MiB. GPU 2 has a total capacity of 23.52 GiB of which 53.88 MiB is free. Including non-PyTorch memory, this process has 23.46 GiB memory in use. Of the allocated memory 22.66 GiB is allocated by PyTorch, and 31.19 MiB is reserved by PyTorch but unallocated. If reserved but unallocated memory is large try setting PYTORCH_CUDA_ALLOC_CONF=expandable_segments:True to avoid fragmentation.  See documentation for Memory Management  (https://docs.pytorch.org/docs/stable/notes/cuda.html#optimizing-memory-usage-with-pytorch-cuda-alloc-conf)

W0720 13:55:46.851000 139464 torch/distributed/elastic/multiprocessing/api.py:1012] Sending process 139555 closing signal SIGTERM
W0720 13:55:46.853000 139464 torch/distributed/elastic/multiprocessing/api.py:1012] Sending process 139556 closing signal SIGTERM
W0720 13:55:46.853000 139464 torch/distributed/elastic/multiprocessing/api.py:1012] Sending process 139557 closing signal SIGTERM
W0720 13:55:46.854000 139464 torch/distributed/elastic/multiprocessing/api.py:1012] Sending process 139558 closing signal SIGTERM
W0720 13:55:46.854000 139464 torch/distributed/elastic/multiprocessing/api.py:1012] Sending process 139559 closing signal SIGTERM
W0720 13:55:46.855000 139464 torch/distributed/elastic/multiprocessing/api.py:1012] Sending process 139560 closing signal SIGTERM
W0720 13:55:46.855000 139464 torch/distributed/elastic/multiprocessing/api.py:1012] Sending process 139561 closing signal SIGTERM
E0720 13:55:47.598000 139464 torch/distributed/elastic/multiprocessing/api.py:986] failed (exitcode: 1) local_rank: 7 (pid: 139562) of binary: /home/cysic/Workspace/venvs/sglang/bin/python3
Traceback (most recent call last):
  File "/home/cysic/Workspace/venvs/sglang/bin/torchrun", line 10, in <module>
    sys.exit(main())
             ^^^^^^
  File "/home/cysic/Workspace/venvs/sglang/lib/python3.12/site-packages/torch/distributed/elastic/multiprocessing/errors/__init__.py", line 362, in wrapper
    return f(*args, **kwargs)
           ^^^^^^^^^^^^^^^^^^
  File "/home/cysic/Workspace/venvs/sglang/lib/python3.12/site-packages/torch/distributed/run.py", line 990, in main
    run(args)
  File "/home/cysic/Workspace/venvs/sglang/lib/python3.12/site-packages/torch/distributed/run.py", line 981, in run
    elastic_launch(
  File "/home/cysic/Workspace/venvs/sglang/lib/python3.12/site-packages/torch/distributed/launcher/api.py", line 170, in __call__
    return launch_agent(self._config, self._entrypoint, list(args))
           ^^^^^^^^^^^^^^^^^^^^^^^^^^^^^^^^^^^^^^^^^^^^^^^^^^^^^^^^
  File "/home/cysic/Workspace/venvs/sglang/lib/python3.12/site-packages/torch/distributed/launcher/api.py", line 317, in launch_agent
    raise ChildFailedError(
torch.distributed.elastic.multiprocessing.errors.ChildFailedError: 
============================================================
e1f_full_decode_bench.py FAILED
------------------------------------------------------------
Failures:
[1]:
  time      : 2026-07-20_13:55:47
  host      : titan065
  rank      : 8 (local_rank: 0)
  exitcode  : 1 (pid: 139555)
  error_file: <N/A>
  traceback : To enable traceback see: https://pytorch.org/docs/stable/elastic/errors.html
[2]:
  time      : 2026-07-20_13:55:47
  host      : titan065
  rank      : 9 (local_rank: 1)
  exitcode  : -15 (pid: 139556)
  error_file: <N/A>
  traceback : Signal 15 (SIGTERM) received by PID 139556
[3]:
  time      : 2026-07-20_13:55:47
  host      : titan065
  rank      : 10 (local_rank: 2)
  exitcode  : -15 (pid: 139557)
  error_file: <N/A>
  traceback : Signal 15 (SIGTERM) received by PID 139557
[4]:
  time      : 2026-07-20_13:55:47
  host      : titan065
  rank      : 11 (local_rank: 3)
  exitcode  : -15 (pid: 139558)
  error_file: <N/A>
  traceback : Signal 15 (SIGTERM) received by PID 139558
[5]:
  time      : 2026-07-20_13:55:47
  host      : titan065
  rank      : 12 (local_rank: 4)
  exitcode  : 1 (pid: 139559)
  error_file: <N/A>
  traceback : To enable traceback see: https://pytorch.org/docs/stable/elastic/errors.html
[6]:
  time      : 2026-07-20_13:55:47
  host      : titan065
  rank      : 13 (local_rank: 5)
  exitcode  : 1 (pid: 139560)
  error_file: <N/A>
  traceback : To enable traceback see: https://pytorch.org/docs/stable/elastic/errors.html
[7]:
  time      : 2026-07-20_13:55:47
  host      : titan065
  rank      : 14 (local_rank: 6)
  exitcode  : 1 (pid: 139561)
  error_file: <N/A>
  traceback : To enable traceback see: https://pytorch.org/docs/stable/elastic/errors.html
------------------------------------------------------------
Root Cause (first observed failure):
[0]:
  time      : 2026-07-20_13:55:46
  host      : titan065
  rank      : 15 (local_rank: 7)
  exitcode  : 1 (pid: 139562)
  error_file: <N/A>
  traceback : To enable traceback see: https://pytorch.org/docs/stable/elastic/errors.html
============================================================
