W0720 13:38:13.348000 157659 torch/distributed/run.py:851] 
W0720 13:38:13.348000 157659 torch/distributed/run.py:851] *****************************************
W0720 13:38:13.348000 157659 torch/distributed/run.py:851] Setting OMP_NUM_THREADS environment variable for each process to be 1 in default, to avoid your system being overloaded, please further tune the variable for optimal performance in your application as needed. 
W0720 13:38:13.348000 157659 torch/distributed/run.py:851] *****************************************
[E1F] placement {0: ['titan064'], 1: ['titan064'], 2: ['titan065'], 3: ['titan065']}
[E1F] layer=0 rank=0 experts=256/256
[E1F] layer=11 rank=0 experts=256/256
[E1F] stage 1 layer 11 material loaded
[E1F] stage 0 layer 0 material loaded
[E1F] layer=12 rank=0 experts=256/256
[E1F] layer=1 rank=0 experts=256/256
[E1F] stage 1 layer 12 material loaded
[E1F] stage 0 layer 1 material loaded
[E1F] layer=2 rank=0 experts=256/256
[E1F] layer=13 rank=0 experts=256/256
[E1F] stage 0 layer 2 material loaded
[E1F] stage 1 layer 13 material loaded
[E1F] layer=3 rank=0 experts=256/256
[E1F] layer=14 rank=0 experts=256/256
[E1F] stage 0 layer 3 material loaded
[E1F] stage 1 layer 14 material loaded
[E1F] layer=4 rank=0 experts=256/256
[E1F] stage 0 layer 4 material loaded
[E1F] layer=15 rank=0 experts=256/256
[E1F] stage 1 layer 15 material loaded
[E1F] layer=5 rank=0 experts=256/256
[E1F] stage 0 layer 5 material loaded
[E1F] layer=16 rank=0 experts=256/256
[E1F] stage 1 layer 16 material loaded
[E1F] layer=6 rank=0 experts=256/256
[E1F] stage 0 layer 6 material loaded
[E1F] layer=17 rank=0 experts=256/256
[E1F] stage 1 layer 17 material loaded
[E1F] layer=7 rank=0 experts=256/256
[E1F] stage 0 layer 7 material loaded
[E1F] layer=18 rank=0 experts=256/256
[E1F] stage 1 layer 18 material loaded
[E1F] layer=8 rank=0 experts=256/256
[E1F] stage 0 layer 8 material loaded
[E1F] layer=19 rank=0 experts=256/256
[E1F] stage 1 layer 19 material loaded
[E1F] layer=9 rank=0 experts=256/256
[E1F] stage 0 layer 9 material loaded
[E1F] layer=20 rank=0 experts=256/256
[E1F] stage 1 layer 20 material loaded
[E1F] layer=10 rank=0 experts=256/256
[E1F] stage 0 layer 10 material loaded
[E1F] layer=21 rank=0 experts=256/256
[E1F] stage 1 layer 21 material loaded
[E1F] stage 1 loaded (11 layers, free 6.93 GiB, 13s)
[E1F] stage 0 loaded (11 layers, free 6.01 GiB, 13s)
[E1F] stage 1 lanes built, free 3.44 GiB
[E1F] stage 0 lanes built, free 2.50 GiB
[E1F] stage 1 warmup done (47s, free 5.07 GiB)
[E1F] stage 0 warmup done (47s, free 4.33 GiB)
[E1F] stage 0 captured normal at position 2048 (0.4s)
[E1F] settle step 0 pos 2048 family normal captured=True
[E1F] stage 0 captured ratio4_boundary at position 2051 (0.5s)
[E1F] settle step 3 pos 2051 family ratio4_boundary captured=True
[E1F] settle step 32 pos 2080 family normal captured=False
[E1F] settle step 64 pos 2112 family normal captured=False
[E1F] settle step 96 pos 2144 family normal captured=False
[E1F] stage 0 captured ratio4_ratio128_boundary at position 2175 (0.6s)
[E1F] settle step 127 pos 2175 family ratio4_ratio128_boundary captured=True
[E1F] settle step 128 pos 2176 family normal captured=False
[E1F] settle done: capture_order=['normal', 'ratio4_boundary', 'ratio4_ratio128_boundary'] bitwise=0/132 (check=off)
[E1F] stage 0 round 0: step_wall p50 209.65 ms p95 213.42 ms -> 3663.3 tok/s (DP B_global=768)
[E1F] stage 0 round 1: step_wall p50 208.77 ms p95 212.62 ms -> 3678.7 tok/s (DP B_global=768)
[E1F] stage 0 round 2: step_wall p50 208.05 ms p95 211.89 ms -> 3691.4 tok/s (DP B_global=768)
[E1F] overall: PASS
