W0720 13:45:48.771000 158050 torch/distributed/run.py:851] 
W0720 13:45:48.771000 158050 torch/distributed/run.py:851] *****************************************
W0720 13:45:48.771000 158050 torch/distributed/run.py:851] Setting OMP_NUM_THREADS environment variable for each process to be 1 in default, to avoid your system being overloaded, please further tune the variable for optimal performance in your application as needed. 
W0720 13:45:48.771000 158050 torch/distributed/run.py:851] *****************************************
[E1F] placement {0: ['titan064'], 1: ['titan064'], 2: ['titan065'], 3: ['titan065']}
[E1F] layer=0 rank=0 experts=256/256
[E1F] layer=11 rank=0 experts=256/256
[E1F] stage 1 layer 11 material loaded
[E1F] stage 0 layer 0 material loaded
[E1F] layer=12 rank=0 experts=256/256
[E1F] layer=1 rank=0 experts=256/256
[E1F] stage 1 layer 12 material loaded
[E1F] stage 0 layer 1 material loaded
[E1F] layer=2 rank=0 experts=256/256
[E1F] layer=13 rank=0 experts=256/256
[E1F] stage 0 layer 2 material loaded
[E1F] stage 1 layer 13 material loaded
[E1F] layer=3 rank=0 experts=256/256
[E1F] stage 0 layer 3 material loaded
[E1F] layer=14 rank=0 experts=256/256
[E1F] stage 1 layer 14 material loaded
[E1F] layer=4 rank=0 experts=256/256
[E1F] stage 0 layer 4 material loaded
[E1F] layer=15 rank=0 experts=256/256
[E1F] stage 1 layer 15 material loaded
[E1F] layer=5 rank=0 experts=256/256
[E1F] stage 0 layer 5 material loaded
[E1F] layer=16 rank=0 experts=256/256
[E1F] stage 1 layer 16 material loaded
[E1F] layer=6 rank=0 experts=256/256
[E1F] stage 0 layer 6 material loaded
[E1F] layer=17 rank=0 experts=256/256
[E1F] stage 1 layer 17 material loaded
[E1F] layer=7 rank=0 experts=256/256
[E1F] stage 0 layer 7 material loaded
[E1F] layer=18 rank=0 experts=256/256
[E1F] stage 1 layer 18 material loaded
[E1F] layer=8 rank=0 experts=256/256
[E1F] stage 0 layer 8 material loaded
[E1F] layer=19 rank=0 experts=256/256
[E1F] stage 1 layer 19 material loaded
[E1F] layer=9 rank=0 experts=256/256
[E1F] stage 0 layer 9 material loaded
[E1F] layer=20 rank=0 experts=256/256
[E1F] stage 1 layer 20 material loaded
[E1F] layer=10 rank=0 experts=256/256
[E1F] stage 0 layer 10 material loaded
[E1F] layer=21 rank=0 experts=256/256
[E1F] stage 1 layer 21 material loaded
[E1F] stage 1 loaded (11 layers, free 6.93 GiB, 13s)
[E1F] stage 0 loaded (11 layers, free 6.01 GiB, 13s)
[E1F][rank 3] build lanes raised:
Traceback (most recent call last):
  File "/home/cysic/e0f-runtime/e1f_full_decode_bench.py", line 210, in synchronized_local_step
    value = fn()
            ^^^^
  File "/home/cysic/e0f-runtime/e1f_full_decode_bench.py", line 879, in build_lanes
    "graph": StageLane(
             ^^^^^^^^^^
  File "/home/cysic/e0f-runtime/e1f_full_decode_bench.py", line 481, in __init__
    seed_state(
  File "/home/cysic/e0f-runtime/e1f_full_decode_bench.py", line 450, in seed_state
    state.seed_decode_payload(
  File "/home/cysic/e0f-runtime/dsv4_direct/static_ratio4_kv.py", line 416, in seed_decode_payload
    if not bool(torch.isfinite(payload[name][0]).all().item()):
                ^^^^^^^^^^^^^^^^^^^^^^^^^^^^^^^^
torch.OutOfMemoryError: CUDA out of memory. Tried to allocate 222.00 MiB. GPU 3 has a total capacity of 23.52 GiB of which 139.88 MiB is free. Including non-PyTorch memory, this process has 23.37 GiB memory in use. Of the allocated memory 22.60 GiB is allocated by PyTorch, and 22.94 MiB is reserved by PyTorch but unallocated. If reserved but unallocated memory is large try setting PYTORCH_CUDA_ALLOC_CONF=expandable_segments:True to avoid fragmentation.  See documentation for Memory Management  (https://docs.pytorch.org/docs/stable/notes/cuda.html#optimizing-memory-usage-with-pytorch-cuda-alloc-conf)

[E1F][rank 6] build lanes raised:
Traceback (most recent call last):
  File "/home/cysic/e0f-runtime/e1f_full_decode_bench.py", line 210, in synchronized_local_step
    value = fn()
            ^^^^
  File "/home/cysic/e0f-runtime/e1f_full_decode_bench.py", line 879, in build_lanes
    "graph": StageLane(
             ^^^^^^^^^^
  File "/home/cysic/e0f-runtime/e1f_full_decode_bench.py", line 481, in __init__
    seed_state(
  File "/home/cysic/e0f-runtime/e1f_full_decode_bench.py", line 450, in seed_state
    state.seed_decode_payload(
  File "/home/cysic/e0f-runtime/dsv4_direct/static_ratio4_kv.py", line 416, in seed_decode_payload
    if not bool(torch.isfinite(payload[name][0]).all().item()):
                ^^^^^^^^^^^^^^^^^^^^^^^^^^^^^^^^
torch.OutOfMemoryError: CUDA out of memory. Tried to allocate 222.00 MiB. GPU 6 has a total capacity of 23.52 GiB of which 35.88 MiB is free. Including non-PyTorch memory, this process has 23.47 GiB memory in use. Of the allocated memory 22.69 GiB is allocated by PyTorch, and 2.61 MiB is reserved by PyTorch but unallocated. If reserved but unallocated memory is large try setting PYTORCH_CUDA_ALLOC_CONF=expandable_segments:True to avoid fragmentation.  See documentation for Memory Management  (https://docs.pytorch.org/docs/stable/notes/cuda.html#optimizing-memory-usage-with-pytorch-cuda-alloc-conf)

[E1F][rank 4] build lanes raised:
Traceback (most recent call last):
  File "/home/cysic/e0f-runtime/e1f_full_decode_bench.py", line 210, in synchronized_local_step
    value = fn()
            ^^^^
  File "/home/cysic/e0f-runtime/e1f_full_decode_bench.py", line 879, in build_lanes
    "graph": StageLane(
             ^^^^^^^^^^
  File "/home/cysic/e0f-runtime/e1f_full_decode_bench.py", line 481, in __init__
    seed_state(
  File "/home/cysic/e0f-runtime/e1f_full_decode_bench.py", line 450, in seed_state
    state.seed_decode_payload(
  File "/home/cysic/e0f-runtime/dsv4_direct/static_ratio4_kv.py", line 416, in seed_decode_payload
    if not bool(torch.isfinite(payload[name][0]).all().item()):
                ^^^^^^^^^^^^^^^^^^^^^^^^^^^^^^^^
torch.OutOfMemoryError: CUDA out of memory. Tried to allocate 222.00 MiB. GPU 4 has a total capacity of 23.52 GiB of which 39.88 MiB is free. Including non-PyTorch memory, this process has 23.47 GiB memory in use. Of the allocated memory 22.69 GiB is allocated by PyTorch, and 2.61 MiB is reserved by PyTorch but unallocated. If reserved but unallocated memory is large try setting PYTORCH_CUDA_ALLOC_CONF=expandable_segments:True to avoid fragmentation.  See documentation for Memory Management  (https://docs.pytorch.org/docs/stable/notes/cuda.html#optimizing-memory-usage-with-pytorch-cuda-alloc-conf)

[E1F][rank 5] build lanes raised:
Traceback (most recent call last):
  File "/home/cysic/e0f-runtime/e1f_full_decode_bench.py", line 210, in synchronized_local_step
    value = fn()
            ^^^^
  File "/home/cysic/e0f-runtime/e1f_full_decode_bench.py", line 879, in build_lanes
    "graph": StageLane(
             ^^^^^^^^^^
  File "/home/cysic/e0f-runtime/e1f_full_decode_bench.py", line 481, in __init__
    seed_state(
  File "/home/cysic/e0f-runtime/e1f_full_decode_bench.py", line 450, in seed_state
    state.seed_decode_payload(
  File "/home/cysic/e0f-runtime/dsv4_direct/static_ratio4_kv.py", line 416, in seed_decode_payload
    if not bool(torch.isfinite(payload[name][0]).all().item()):
                ^^^^^^^^^^^^^^^^^^^^^^^^^^^^^^^^
torch.OutOfMemoryError: CUDA out of memory. Tried to allocate 222.00 MiB. GPU 5 has a total capacity of 23.52 GiB of which 35.88 MiB is free. Including non-PyTorch memory, this process has 23.47 GiB memory in use. Of the allocated memory 22.69 GiB is allocated by PyTorch, and 2.61 MiB is reserved by PyTorch but unallocated. If reserved but unallocated memory is large try setting PYTORCH_CUDA_ALLOC_CONF=expandable_segments:True to avoid fragmentation.  See documentation for Memory Management  (https://docs.pytorch.org/docs/stable/notes/cuda.html#optimizing-memory-usage-with-pytorch-cuda-alloc-conf)

[E1F][rank 0] build lanes raised:
Traceback (most recent call last):
  File "/home/cysic/e0f-runtime/e1f_full_decode_bench.py", line 210, in synchronized_local_step
    value = fn()
            ^^^^
  File "/home/cysic/e0f-runtime/e1f_full_decode_bench.py", line 879, in build_lanes
    "graph": StageLane(
             ^^^^^^^^^^
  File "/home/cysic/e0f-runtime/e1f_full_decode_bench.py", line 481, in __init__
    seed_state(
  File "/home/cysic/e0f-runtime/e1f_full_decode_bench.py", line 450, in seed_state
    state.seed_decode_payload(
  File "/home/cysic/e0f-runtime/dsv4_direct/static_ratio4_kv.py", line 416, in seed_decode_payload
    if not bool(torch.isfinite(payload[name][0]).all().item()):
                ^^^^^^^^^^^^^^^^^^^^^^^^^^^^^^^^
torch.OutOfMemoryError: CUDA out of memory. Tried to allocate 222.00 MiB. GPU 0 has a total capacity of 23.52 GiB of which 213.88 MiB is free. Including non-PyTorch memory, this process has 23.30 GiB memory in use. Of the allocated memory 22.32 GiB is allocated by PyTorch, and 223.29 MiB is reserved by PyTorch but unallocated. If reserved but unallocated memory is large try setting PYTORCH_CUDA_ALLOC_CONF=expandable_segments:True to avoid fragmentation.  See documentation for Memory Management  (https://docs.pytorch.org/docs/stable/notes/cuda.html#optimizing-memory-usage-with-pytorch-cuda-alloc-conf)

[E1F][rank 1] build lanes raised:
Traceback (most recent call last):
  File "/home/cysic/e0f-runtime/e1f_full_decode_bench.py", line 210, in synchronized_local_step
    value = fn()
            ^^^^
  File "/home/cysic/e0f-runtime/e1f_full_decode_bench.py", line 879, in build_lanes
    "graph": StageLane(
             ^^^^^^^^^^
  File "/home/cysic/e0f-runtime/e1f_full_decode_bench.py", line 481, in __init__
    seed_state(
  File "/home/cysic/e0f-runtime/e1f_full_decode_bench.py", line 450, in seed_state
    state.seed_decode_payload(
  File "/home/cysic/e0f-runtime/dsv4_direct/static_ratio4_kv.py", line 416, in seed_decode_payload
    if not bool(torch.isfinite(payload[name][0]).all().item()):
                ^^^^^^^^^^^^^^^^^^^^^^^^^^^^^^^^
torch.OutOfMemoryError: CUDA out of memory. Tried to allocate 222.00 MiB. GPU 1 has a total capacity of 23.52 GiB of which 213.88 MiB is free. Including non-PyTorch memory, this process has 23.30 GiB memory in use. Of the allocated memory 22.32 GiB is allocated by PyTorch, and 223.29 MiB is reserved by PyTorch but unallocated. If reserved but unallocated memory is large try setting PYTORCH_CUDA_ALLOC_CONF=expandable_segments:True to avoid fragmentation.  See documentation for Memory Management  (https://docs.pytorch.org/docs/stable/notes/cuda.html#optimizing-memory-usage-with-pytorch-cuda-alloc-conf)

[E1F][rank 7] build lanes raised:
Traceback (most recent call last):
  File "/home/cysic/e0f-runtime/e1f_full_decode_bench.py", line 210, in synchronized_local_step
    value = fn()
            ^^^^
  File "/home/cysic/e0f-runtime/e1f_full_decode_bench.py", line 879, in build_lanes
    "graph": StageLane(
             ^^^^^^^^^^
  File "/home/cysic/e0f-runtime/e1f_full_decode_bench.py", line 481, in __init__
    seed_state(
  File "/home/cysic/e0f-runtime/e1f_full_decode_bench.py", line 450, in seed_state
    state.seed_decode_payload(
  File "/home/cysic/e0f-runtime/dsv4_direct/static_ratio4_kv.py", line 416, in seed_decode_payload
    if not bool(torch.isfinite(payload[name][0]).all().item()):
                ^^^^^^^^^^^^^^^^^^^^^^^^^^^^^^^^
torch.OutOfMemoryError: CUDA out of memory. Tried to allocate 222.00 MiB. GPU 7 has a total capacity of 23.52 GiB of which 35.88 MiB is free. Including non-PyTorch memory, this process has 23.47 GiB memory in use. Of the allocated memory 22.69 GiB is allocated by PyTorch, and 2.61 MiB is reserved by PyTorch but unallocated. If reserved but unallocated memory is large try setting PYTORCH_CUDA_ALLOC_CONF=expandable_segments:True to avoid fragmentation.  See documentation for Memory Management  (https://docs.pytorch.org/docs/stable/notes/cuda.html#optimizing-memory-usage-with-pytorch-cuda-alloc-conf)

[E1F][rank 2] build lanes raised:
Traceback (most recent call last):
  File "/home/cysic/e0f-runtime/e1f_full_decode_bench.py", line 210, in synchronized_local_step
    value = fn()
            ^^^^
  File "/home/cysic/e0f-runtime/e1f_full_decode_bench.py", line 879, in build_lanes
    "graph": StageLane(
             ^^^^^^^^^^
  File "/home/cysic/e0f-runtime/e1f_full_decode_bench.py", line 481, in __init__
    seed_state(
  File "/home/cysic/e0f-runtime/e1f_full_decode_bench.py", line 450, in seed_state
    state.seed_decode_payload(
  File "/home/cysic/e0f-runtime/dsv4_direct/static_ratio4_kv.py", line 416, in seed_decode_payload
    if not bool(torch.isfinite(payload[name][0]).all().item()):
                ^^^^^^^^^^^^^^^^^^^^^^^^^^^^^^^^
torch.OutOfMemoryError: CUDA out of memory. Tried to allocate 222.00 MiB. GPU 2 has a total capacity of 23.52 GiB of which 213.88 MiB is free. Including non-PyTorch memory, this process has 23.30 GiB memory in use. Of the allocated memory 22.32 GiB is allocated by PyTorch, and 223.29 MiB is reserved by PyTorch but unallocated. If reserved but unallocated memory is large try setting PYTORCH_CUDA_ALLOC_CONF=expandable_segments:True to avoid fragmentation.  See documentation for Memory Management  (https://docs.pytorch.org/docs/stable/notes/cuda.html#optimizing-memory-usage-with-pytorch-cuda-alloc-conf)

[E1F] overall: FAIL
W0720 13:55:46.373000 158050 torch/distributed/elastic/multiprocessing/api.py:1012] Sending process 158141 closing signal SIGTERM
W0720 13:55:46.374000 158050 torch/distributed/elastic/multiprocessing/api.py:1012] Sending process 158142 closing signal SIGTERM
W0720 13:55:46.374000 158050 torch/distributed/elastic/multiprocessing/api.py:1012] Sending process 158144 closing signal SIGTERM
W0720 13:55:46.374000 158050 torch/distributed/elastic/multiprocessing/api.py:1012] Sending process 158145 closing signal SIGTERM
W0720 13:55:46.374000 158050 torch/distributed/elastic/multiprocessing/api.py:1012] Sending process 158146 closing signal SIGTERM
W0720 13:55:46.375000 158050 torch/distributed/elastic/multiprocessing/api.py:1012] Sending process 158147 closing signal SIGTERM
W0720 13:55:46.375000 158050 torch/distributed/elastic/multiprocessing/api.py:1012] Sending process 158148 closing signal SIGTERM
E0720 13:55:47.269000 158050 torch/distributed/elastic/multiprocessing/api.py:986] failed (exitcode: 1) local_rank: 2 (pid: 158143) of binary: /home/cysic/Workspace/venvs/sglang/bin/python3
Traceback (most recent call last):
  File "/home/cysic/Workspace/venvs/sglang/bin/torchrun", line 10, in <module>
    sys.exit(main())
             ^^^^^^
  File "/home/cysic/Workspace/venvs/sglang/lib/python3.12/site-packages/torch/distributed/elastic/multiprocessing/errors/__init__.py", line 362, in wrapper
    return f(*args, **kwargs)
           ^^^^^^^^^^^^^^^^^^
  File "/home/cysic/Workspace/venvs/sglang/lib/python3.12/site-packages/torch/distributed/run.py", line 990, in main
    run(args)
  File "/home/cysic/Workspace/venvs/sglang/lib/python3.12/site-packages/torch/distributed/run.py", line 981, in run
    elastic_launch(
  File "/home/cysic/Workspace/venvs/sglang/lib/python3.12/site-packages/torch/distributed/launcher/api.py", line 170, in __call__
    return launch_agent(self._config, self._entrypoint, list(args))
           ^^^^^^^^^^^^^^^^^^^^^^^^^^^^^^^^^^^^^^^^^^^^^^^^^^^^^^^^
  File "/home/cysic/Workspace/venvs/sglang/lib/python3.12/site-packages/torch/distributed/launcher/api.py", line 317, in launch_agent
    raise ChildFailedError(
torch.distributed.elastic.multiprocessing.errors.ChildFailedError: 
============================================================
e1f_full_decode_bench.py FAILED
------------------------------------------------------------
Failures:
[1]:
  time      : 2026-07-20_13:55:47
  host      : titan064
  rank      : 0 (local_rank: 0)
  exitcode  : 1 (pid: 158141)
  error_file: <N/A>
  traceback : To enable traceback see: https://pytorch.org/docs/stable/elastic/errors.html
[2]:
  time      : 2026-07-20_13:55:47
  host      : titan064
  rank      : 1 (local_rank: 1)
  exitcode  : 1 (pid: 158142)
  error_file: <N/A>
  traceback : To enable traceback see: https://pytorch.org/docs/stable/elastic/errors.html
[3]:
  time      : 2026-07-20_13:55:47
  host      : titan064
  rank      : 3 (local_rank: 3)
  exitcode  : -15 (pid: 158144)
  error_file: <N/A>
  traceback : Signal 15 (SIGTERM) received by PID 158144
[4]:
  time      : 2026-07-20_13:55:47
  host      : titan064
  rank      : 4 (local_rank: 4)
  exitcode  : -15 (pid: 158145)
  error_file: <N/A>
  traceback : Signal 15 (SIGTERM) received by PID 158145
[5]:
  time      : 2026-07-20_13:55:47
  host      : titan064
  rank      : 5 (local_rank: 5)
  exitcode  : 1 (pid: 158146)
  error_file: <N/A>
  traceback : To enable traceback see: https://pytorch.org/docs/stable/elastic/errors.html
[6]:
  time      : 2026-07-20_13:55:47
  host      : titan064
  rank      : 6 (local_rank: 6)
  exitcode  : -15 (pid: 158147)
  error_file: <N/A>
  traceback : Signal 15 (SIGTERM) received by PID 158147
[7]:
  time      : 2026-07-20_13:55:47
  host      : titan064
  rank      : 7 (local_rank: 7)
  exitcode  : -15 (pid: 158148)
  error_file: <N/A>
  traceback : Signal 15 (SIGTERM) received by PID 158148
------------------------------------------------------------
Root Cause (first observed failure):
[0]:
  time      : 2026-07-20_13:55:46
  host      : titan064
  rank      : 2 (local_rank: 2)
  exitcode  : 1 (pid: 158143)
  error_file: <N/A>
  traceback : To enable traceback see: https://pytorch.org/docs/stable/elastic/errors.html
============================================================
