=== P2P-usage check (NCCL_DEBUG=INFO, intra-socket pair) ===
titan065:128892:128892 [0] NCCL INFO Channel 00/0 : 0[0] -> 1[1] via P2P/CUMEM
titan065:128893:128893 [1] NCCL INFO Channel 00/0 : 1[1] -> 0[0] via P2P/CUMEM
titan065:128893:128893 [1] NCCL INFO Channel 01/0 : 1[1] -> 0[0] via P2P/CUMEM
titan065:128892:128892 [0] NCCL INFO Channel 01/0 : 0[0] -> 1[1] via P2P/CUMEM
titan065:128893:128893 [1] NCCL INFO Channel 02/0 : 1[1] -> 0[0] via P2P/CUMEM
titan065:128892:128892 [0] NCCL INFO Channel 02/0 : 0[0] -> 1[1] via P2P/CUMEM
titan065:128893:128893 [1] NCCL INFO Channel 03/0 : 1[1] -> 0[0] via P2P/CUMEM
titan065:128892:128892 [0] NCCL INFO Channel 03/0 : 0[0] -> 1[1] via P2P/CUMEM
### CONFIG: TP4 intra-socket0 (0-3 PCIe) DIM=7168  (GPUs=0,1,2,3, n=4, DIM=7168)
W0720 06:25:44.017000 128915 torch/distributed/run.py:851] 
W0720 06:25:44.017000 128915 torch/distributed/run.py:851] *****************************************
W0720 06:25:44.017000 128915 torch/distributed/run.py:851] Setting OMP_NUM_THREADS environment variable for each process to be 1 in default, to avoid your system being overloaded, please further tune the variable for optimal performance in your application as needed. 
W0720 06:25:44.017000 128915 torch/distributed/run.py:851] *****************************************

##### TP4 intra-socket0 (0-3 PCIe) DIM=7168 | world=4 | all_reduce [B,7168] #####
    B   dtype      MB        us     algbw     busbw
/home/cysic/Workspace/venvs/sglang/lib/python3.12/site-packages/torch/distributed/c10d_logger.py:83: UserWarning: barrier(): using the device under current context. You can specify `device_id` in `init_process_group` to mute this warning.
  return func(*args, **kwargs)
    1 bfloat16    0.01      46.1       0.3       0.5
    8 bfloat16    0.11      45.7       2.5       3.8
   16 bfloat16    0.22      42.8       5.4       8.0
   32 bfloat16    0.44      71.3       6.4       9.7
   64 bfloat16    0.88     103.6       8.9      13.3
  128 bfloat16    1.75     159.6      11.5      17.2
  256 bfloat16    3.50     265.7      13.8      20.7
  512 bfloat16    7.00     485.7      15.1      22.7
    1 float32    0.03      39.9       0.7       1.1
    8 float32    0.22      40.7       5.6       8.5
   16 float32    0.44      67.9       6.8      10.1
   32 float32    0.88     103.4       8.9      13.3
   64 float32    1.75     159.6      11.5      17.2
  128 float32    3.50     265.1      13.8      20.8
  256 float32    7.00     488.5      15.0      22.5
  512 float32   14.00     946.0      15.5      23.3
### CONFIG: TP4 intra-socket1 (4-7 PCIe) DIM=7168  (GPUs=4,5,6,7, n=4, DIM=7168)
W0720 06:25:49.857000 129040 torch/distributed/run.py:851] 
W0720 06:25:49.857000 129040 torch/distributed/run.py:851] *****************************************
W0720 06:25:49.857000 129040 torch/distributed/run.py:851] Setting OMP_NUM_THREADS environment variable for each process to be 1 in default, to avoid your system being overloaded, please further tune the variable for optimal performance in your application as needed. 
W0720 06:25:49.857000 129040 torch/distributed/run.py:851] *****************************************

##### TP4 intra-socket1 (4-7 PCIe) DIM=7168 | world=4 | all_reduce [B,7168] #####
    B   dtype      MB        us     algbw     busbw
/home/cysic/Workspace/venvs/sglang/lib/python3.12/site-packages/torch/distributed/c10d_logger.py:83: UserWarning: barrier(): using the device under current context. You can specify `device_id` in `init_process_group` to mute this warning.
  return func(*args, **kwargs)
    1 bfloat16    0.01      44.9       0.3       0.5
    8 bfloat16    0.11      44.8       2.6       3.8
   16 bfloat16    0.22      43.4       5.3       7.9
   32 bfloat16    0.44      67.3       6.8      10.2
   64 bfloat16    0.88      97.2       9.4      14.2
  128 bfloat16    1.75     153.8      11.9      17.9
  256 bfloat16    3.50     318.2      11.5      17.3
  512 bfloat16    7.00     478.1      15.4      23.0
    1 float32    0.03     147.5       0.2       0.3
    8 float32    0.22      40.6       5.6       8.5
   16 float32    0.44      67.5       6.8      10.2
   32 float32    0.88      97.0       9.5      14.2
   64 float32    1.75     153.3      12.0      18.0
  128 float32    3.50     257.5      14.3      21.4
  256 float32    7.00     494.0      14.9      22.3
  512 float32   14.00     989.2      14.8      22.3
### CONFIG: TP4 CROSS (0,1,4,5 xGMI) DIM=7168  (GPUs=0,1,4,5, n=4, DIM=7168)
W0720 06:25:55.397000 129165 torch/distributed/run.py:851] 
W0720 06:25:55.397000 129165 torch/distributed/run.py:851] *****************************************
W0720 06:25:55.397000 129165 torch/distributed/run.py:851] Setting OMP_NUM_THREADS environment variable for each process to be 1 in default, to avoid your system being overloaded, please further tune the variable for optimal performance in your application as needed. 
W0720 06:25:55.397000 129165 torch/distributed/run.py:851] *****************************************

##### TP4 CROSS (0,1,4,5 xGMI) DIM=7168 | world=4 | all_reduce [B,7168] #####
    B   dtype      MB        us     algbw     busbw
/home/cysic/Workspace/venvs/sglang/lib/python3.12/site-packages/torch/distributed/c10d_logger.py:83: UserWarning: barrier(): using the device under current context. You can specify `device_id` in `init_process_group` to mute this warning.
  return func(*args, **kwargs)
    1 bfloat16    0.01      48.3       0.3       0.4
    8 bfloat16    0.11      82.7       1.4       2.1
   16 bfloat16    0.22      60.3       3.8       5.7
   32 bfloat16    0.44      70.9       6.5       9.7
   64 bfloat16    0.88     106.0       8.7      13.0
  128 bfloat16    1.75     172.0      10.7      16.0
  256 bfloat16    3.50     297.7      12.3      18.5
  512 bfloat16    7.00     550.8      13.3      20.0
    1 float32    0.03      38.1       0.8       1.1
    8 float32    0.22     125.6       1.8       2.7
   16 float32    0.44      70.6       6.5       9.7
   32 float32    0.88     136.0       6.7      10.1
   64 float32    1.75     172.2      10.7      16.0
  128 float32    3.50     297.6      12.3      18.5
  256 float32    7.00     549.4      13.4      20.0
  512 float32   14.00    1066.2      13.8      20.7
### CONFIG: TP8 CROSS (0-7 xGMI) DIM=7168  (GPUs=0,1,2,3,4,5,6,7, n=8, DIM=7168)
W0720 06:26:01.214000 129290 torch/distributed/run.py:851] 
W0720 06:26:01.214000 129290 torch/distributed/run.py:851] *****************************************
W0720 06:26:01.214000 129290 torch/distributed/run.py:851] Setting OMP_NUM_THREADS environment variable for each process to be 1 in default, to avoid your system being overloaded, please further tune the variable for optimal performance in your application as needed. 
W0720 06:26:01.214000 129290 torch/distributed/run.py:851] *****************************************

##### TP8 CROSS (0-7 xGMI) DIM=7168 | world=8 | all_reduce [B,7168] #####
    B   dtype      MB        us     algbw     busbw
/home/cysic/Workspace/venvs/sglang/lib/python3.12/site-packages/torch/distributed/c10d_logger.py:83: UserWarning: barrier(): using the device under current context. You can specify `device_id` in `init_process_group` to mute this warning.
  return func(*args, **kwargs)
    1 bfloat16    0.01      45.3       0.3       0.6
    8 bfloat16    0.11     127.9       0.9       1.6
   16 bfloat16    0.22      60.3       3.8       6.7
   32 bfloat16    0.44      91.9       5.0       8.7
   64 bfloat16    0.88     138.8       6.6      11.6
  128 bfloat16    1.75     249.2       7.4      12.9
  256 bfloat16    3.50     372.4       9.9      17.2
  512 bfloat16    7.00     678.5      10.8      18.9
    1 float32    0.03      38.6       0.7       1.3
    8 float32    0.22      54.3       4.2       7.4
   16 float32    0.44      91.9       5.0       8.7
   32 float32    0.88     139.2       6.6      11.5
   64 float32    1.75     218.4       8.4      14.7
  128 float32    3.50     370.5       9.9      17.3
  256 float32    7.00     676.3      10.9      19.0
  512 float32   14.00    1290.7      11.4      19.9
### CONFIG: TP4 intra-socket0 (0-3 PCIe) DIM=4096  (GPUs=0,1,2,3, n=4, DIM=4096)
W0720 06:26:08.475000 129471 torch/distributed/run.py:851] 
W0720 06:26:08.475000 129471 torch/distributed/run.py:851] *****************************************
W0720 06:26:08.475000 129471 torch/distributed/run.py:851] Setting OMP_NUM_THREADS environment variable for each process to be 1 in default, to avoid your system being overloaded, please further tune the variable for optimal performance in your application as needed. 
W0720 06:26:08.475000 129471 torch/distributed/run.py:851] *****************************************

##### TP4 intra-socket0 (0-3 PCIe) DIM=4096 | world=4 | all_reduce [B,4096] #####
    B   dtype      MB        us     algbw     busbw
/home/cysic/Workspace/venvs/sglang/lib/python3.12/site-packages/torch/distributed/c10d_logger.py:83: UserWarning: barrier(): using the device under current context. You can specify `device_id` in `init_process_group` to mute this warning.
  return func(*args, **kwargs)
    1 bfloat16    0.01      46.5       0.2       0.3
    8 bfloat16    0.06      44.4       1.5       2.2
   16 bfloat16    0.12      68.3       1.9       2.9
   32 bfloat16    0.25      75.5       3.5       5.2
   64 bfloat16    0.50      79.9       6.6       9.8
  128 bfloat16    1.00     111.4       9.4      14.1
  256 bfloat16    2.00     175.9      11.9      17.9
  512 bfloat16    4.00     296.7      14.1      21.2
    1 float32    0.02      39.2       0.4       0.6
    8 float32    0.12      38.8       3.4       5.1
   16 float32    0.25      43.9       6.0       9.0
   32 float32    0.50      79.5       6.6       9.9
   64 float32    1.00     111.4       9.4      14.1
  128 float32    2.00     176.7      11.9      17.8
  256 float32    4.00     296.9      14.1      21.2
  512 float32    8.00     552.2      15.2      22.8
### CONFIG: TP4 intra-socket1 (4-7 PCIe) DIM=4096  (GPUs=4,5,6,7, n=4, DIM=4096)
W0720 06:26:14.212000 129597 torch/distributed/run.py:851] 
W0720 06:26:14.212000 129597 torch/distributed/run.py:851] *****************************************
W0720 06:26:14.212000 129597 torch/distributed/run.py:851] Setting OMP_NUM_THREADS environment variable for each process to be 1 in default, to avoid your system being overloaded, please further tune the variable for optimal performance in your application as needed. 
W0720 06:26:14.212000 129597 torch/distributed/run.py:851] *****************************************

##### TP4 intra-socket1 (4-7 PCIe) DIM=4096 | world=4 | all_reduce [B,4096] #####
    B   dtype      MB        us     algbw     busbw
/home/cysic/Workspace/venvs/sglang/lib/python3.12/site-packages/torch/distributed/c10d_logger.py:83: UserWarning: barrier(): using the device under current context. You can specify `device_id` in `init_process_group` to mute this warning.
  return func(*args, **kwargs)
    1 bfloat16    0.01      44.3       0.2       0.3
    8 bfloat16    0.06      48.7       1.3       2.0
   16 bfloat16    0.12      43.2       3.0       4.5
   32 bfloat16    0.25      47.3       5.5       8.3
   64 bfloat16    0.50      74.0       7.1      10.6
  128 bfloat16    1.00     104.4      10.0      15.1
  256 bfloat16    2.00     169.2      12.4      18.6
  512 bfloat16    4.00     288.2      14.6      21.8
    1 float32    0.02     122.2       0.1       0.2
    8 float32    0.12      39.6       3.3       5.0
   16 float32    0.25      43.5       6.0       9.0
   32 float32    0.50      74.2       7.1      10.6
   64 float32    1.00     104.4      10.0      15.1
  128 float32    2.00     169.0      12.4      18.6
  256 float32    4.00     288.1      14.6      21.8
  512 float32    8.00     541.7      15.5      23.2
### CONFIG: TP4 CROSS (0,1,4,5 xGMI) DIM=4096  (GPUs=0,1,4,5, n=4, DIM=4096)
W0720 06:26:19.719000 129722 torch/distributed/run.py:851] 
W0720 06:26:19.719000 129722 torch/distributed/run.py:851] *****************************************
W0720 06:26:19.719000 129722 torch/distributed/run.py:851] Setting OMP_NUM_THREADS environment variable for each process to be 1 in default, to avoid your system being overloaded, please further tune the variable for optimal performance in your application as needed. 
W0720 06:26:19.719000 129722 torch/distributed/run.py:851] *****************************************

##### TP4 CROSS (0,1,4,5 xGMI) DIM=4096 | world=4 | all_reduce [B,4096] #####
    B   dtype      MB        us     algbw     busbw
/home/cysic/Workspace/venvs/sglang/lib/python3.12/site-packages/torch/distributed/c10d_logger.py:83: UserWarning: barrier(): using the device under current context. You can specify `device_id` in `init_process_group` to mute this warning.
  return func(*args, **kwargs)
    1 bfloat16    0.01      42.7       0.2       0.3
    8 bfloat16    0.06      85.8       0.8       1.1
   16 bfloat16    0.12      50.8       2.6       3.9
   32 bfloat16    0.25      51.6       5.1       7.6
   64 bfloat16    0.50      75.1       7.0      10.5
  128 bfloat16    1.00     117.7       8.9      13.4
  256 bfloat16    2.00     191.3      11.0      16.4
  512 bfloat16    4.00     333.9      12.6      18.8
    1 float32    0.02      38.1       0.4       0.6
    8 float32    0.12      38.4       3.4       5.1
   16 float32    0.25      45.6       5.7       8.6
   32 float32    0.50     135.8       3.9       5.8
   64 float32    1.00     116.4       9.0      13.5
  128 float32    2.00     279.4       7.5      11.3
  256 float32    4.00     331.8      12.6      19.0
  512 float32    8.00     621.7      13.5      20.2
### CONFIG: TP8 CROSS (0-7 xGMI) DIM=4096  (GPUs=0,1,2,3,4,5,6,7, n=8, DIM=4096)
W0720 06:26:25.276000 129848 torch/distributed/run.py:851] 
W0720 06:26:25.276000 129848 torch/distributed/run.py:851] *****************************************
W0720 06:26:25.276000 129848 torch/distributed/run.py:851] Setting OMP_NUM_THREADS environment variable for each process to be 1 in default, to avoid your system being overloaded, please further tune the variable for optimal performance in your application as needed. 
W0720 06:26:25.276000 129848 torch/distributed/run.py:851] *****************************************

##### TP8 CROSS (0-7 xGMI) DIM=4096 | world=8 | all_reduce [B,4096] #####
    B   dtype      MB        us     algbw     busbw
/home/cysic/Workspace/venvs/sglang/lib/python3.12/site-packages/torch/distributed/c10d_logger.py:83: UserWarning: barrier(): using the device under current context. You can specify `device_id` in `init_process_group` to mute this warning.
  return func(*args, **kwargs)
    1 bfloat16    0.01      48.6       0.2       0.3
    8 bfloat16    0.06      88.9       0.7       1.3
   16 bfloat16    0.12      67.9       1.9       3.4
   32 bfloat16    0.25      77.2       3.4       5.9
   64 bfloat16    0.50     102.4       5.1       9.0
  128 bfloat16    1.00     149.5       7.0      12.3
  256 bfloat16    2.00     241.7       8.7      15.2
  512 bfloat16    4.00     440.6       9.5      16.7
    1 float32    0.02      38.5       0.4       0.7
    8 float32    0.12      40.8       3.2       5.6
   16 float32    0.25      60.1       4.4       7.6
   32 float32    0.50     102.5       5.1       9.0
   64 float32    1.00     149.4       7.0      12.3
  128 float32    2.00     241.7       8.7      15.2
  256 float32    4.00     416.1      10.1      17.6
  512 float32    8.00     765.9      11.0      19.2
### CONFIG: TP4 intra-socket0 — P2P DISABLED baseline (DIM=4096)

##### TP4 intra P2P-DISABLED | world=4 | all_reduce [B,4096] #####
    B   dtype      MB        us     algbw     busbw
    1 bfloat16    0.01      45.3       0.2       0.3
    8 bfloat16    0.06      48.6       1.3       2.0
   16 bfloat16    0.12      86.9       1.5       2.3
   32 bfloat16    0.25     151.6       1.7       2.6
   64 bfloat16    0.50     200.5       2.6       3.9
  128 bfloat16    1.00     351.9       3.0       4.5
  256 bfloat16    2.00     760.4       2.8       4.1
  512 bfloat16    4.00    1481.6       2.8       4.2
    1 float32    0.02      42.4       0.4       0.6
    8 float32    0.12      81.1       1.6       2.4
   16 float32    0.25     155.1       1.7       2.5
   32 float32    0.50     198.8       2.6       4.0
   64 float32    1.00     358.1       2.9       4.4
  128 float32    2.00     764.0       2.7       4.1
  256 float32    4.00    1489.8       2.8       4.2
  512 float32    8.00    2972.4       2.8       4.2
ALL_DONE
