=== P2P-usage check (NCCL_DEBUG=INFO, intra-socket pair) ===
titan064:128584:128584 [1] NCCL INFO Channel 00/0 : 1[1] -> 0[0] via P2P/CUMEM
titan064:128583:128583 [0] NCCL INFO Channel 00/0 : 0[0] -> 1[1] via P2P/CUMEM
titan064:128584:128584 [1] NCCL INFO Channel 01/0 : 1[1] -> 0[0] via P2P/CUMEM
titan064:128583:128583 [0] NCCL INFO Channel 01/0 : 0[0] -> 1[1] via P2P/CUMEM
titan064:128584:128584 [1] NCCL INFO Channel 02/0 : 1[1] -> 0[0] via P2P/CUMEM
titan064:128583:128583 [0] NCCL INFO Channel 02/0 : 0[0] -> 1[1] via P2P/CUMEM
titan064:128584:128584 [1] NCCL INFO Channel 03/0 : 1[1] -> 0[0] via P2P/CUMEM
titan064:128583:128583 [0] NCCL INFO Channel 03/0 : 0[0] -> 1[1] via P2P/CUMEM
### CONFIG: TP4 intra-socket0 (0-3 PCIe) DIM=7168  (GPUs=0,1,2,3, n=4, DIM=7168)
W0720 06:24:34.873000 128606 torch/distributed/run.py:851] 
W0720 06:24:34.873000 128606 torch/distributed/run.py:851] *****************************************
W0720 06:24:34.873000 128606 torch/distributed/run.py:851] Setting OMP_NUM_THREADS environment variable for each process to be 1 in default, to avoid your system being overloaded, please further tune the variable for optimal performance in your application as needed. 
W0720 06:24:34.873000 128606 torch/distributed/run.py:851] *****************************************

##### TP4 intra-socket0 (0-3 PCIe) DIM=7168 | world=4 | all_reduce [B,7168] #####
    B   dtype      MB        us     algbw     busbw
/home/cysic/Workspace/venvs/sglang/lib/python3.12/site-packages/torch/distributed/c10d_logger.py:83: UserWarning: barrier(): using the device under current context. You can specify `device_id` in `init_process_group` to mute this warning.
  return func(*args, **kwargs)
    1 bfloat16    0.01      46.2       0.3       0.5
    8 bfloat16    0.11      46.9       2.4       3.7
   16 bfloat16    0.22      45.0       5.1       7.7
   32 bfloat16    0.44      68.0       6.7      10.1
   64 bfloat16    0.88     102.3       9.0      13.5
  128 bfloat16    1.75     159.4      11.5      17.3
  256 bfloat16    3.50     265.8      13.8      20.7
  512 bfloat16    7.00     509.1      14.4      21.6
    1 float32    0.03      42.0       0.7       1.0
    8 float32    0.22      41.4       5.5       8.3
   16 float32    0.44      67.7       6.8      10.2
   32 float32    0.88     102.9       8.9      13.4
   64 float32    1.75     160.8      11.4      17.1
  128 float32    3.50     265.2      13.8      20.8
  256 float32    7.00     566.1      13.0      19.4
  512 float32   14.00     947.7      15.5      23.2
### CONFIG: TP4 intra-socket1 (4-7 PCIe) DIM=7168  (GPUs=4,5,6,7, n=4, DIM=7168)
W0720 06:24:40.477000 128731 torch/distributed/run.py:851] 
W0720 06:24:40.477000 128731 torch/distributed/run.py:851] *****************************************
W0720 06:24:40.477000 128731 torch/distributed/run.py:851] Setting OMP_NUM_THREADS environment variable for each process to be 1 in default, to avoid your system being overloaded, please further tune the variable for optimal performance in your application as needed. 
W0720 06:24:40.477000 128731 torch/distributed/run.py:851] *****************************************

##### TP4 intra-socket1 (4-7 PCIe) DIM=7168 | world=4 | all_reduce [B,7168] #####
    B   dtype      MB        us     algbw     busbw
/home/cysic/Workspace/venvs/sglang/lib/python3.12/site-packages/torch/distributed/c10d_logger.py:83: UserWarning: barrier(): using the device under current context. You can specify `device_id` in `init_process_group` to mute this warning.
  return func(*args, **kwargs)
    1 bfloat16    0.01      54.5       0.3       0.4
    8 bfloat16    0.11      45.4       2.5       3.8
   16 bfloat16    0.22      43.2       5.3       8.0
   32 bfloat16    0.44      67.6       6.8      10.2
   64 bfloat16    0.88     110.6       8.3      12.4
  128 bfloat16    1.75     155.0      11.8      17.8
  256 bfloat16    3.50     258.4      14.2      21.3
  512 bfloat16    7.00     478.4      15.3      23.0
    1 float32    0.03      38.4       0.7       1.1
    8 float32    0.22      40.8       5.6       8.4
   16 float32    0.44     163.0       2.8       4.2
   32 float32    0.88     210.0       4.4       6.6
   64 float32    1.75     154.5      11.9      17.8
  128 float32    3.50     257.7      14.2      21.4
  256 float32    7.00     480.5      15.3      22.9
  512 float32   14.00     926.6      15.8      23.8
### CONFIG: TP4 CROSS (0,1,4,5 xGMI) DIM=7168  (GPUs=0,1,4,5, n=4, DIM=7168)
W0720 06:24:45.814000 128857 torch/distributed/run.py:851] 
W0720 06:24:45.814000 128857 torch/distributed/run.py:851] *****************************************
W0720 06:24:45.814000 128857 torch/distributed/run.py:851] Setting OMP_NUM_THREADS environment variable for each process to be 1 in default, to avoid your system being overloaded, please further tune the variable for optimal performance in your application as needed. 
W0720 06:24:45.814000 128857 torch/distributed/run.py:851] *****************************************

##### TP4 CROSS (0,1,4,5 xGMI) DIM=7168 | world=4 | all_reduce [B,7168] #####
    B   dtype      MB        us     algbw     busbw
/home/cysic/Workspace/venvs/sglang/lib/python3.12/site-packages/torch/distributed/c10d_logger.py:83: UserWarning: barrier(): using the device under current context. You can specify `device_id` in `init_process_group` to mute this warning.
  return func(*args, **kwargs)
    1 bfloat16    0.01      42.4       0.3       0.5
    8 bfloat16    0.11      91.0       1.3       1.9
   16 bfloat16    0.22      61.6       3.7       5.6
   32 bfloat16    0.44      70.4       6.5       9.8
   64 bfloat16    0.88     104.6       8.8      13.2
  128 bfloat16    1.75     168.6      10.9      16.3
  256 bfloat16    3.50     294.9      12.4      18.7
  512 bfloat16    7.00     550.7      13.3      20.0
    1 float32    0.03      38.2       0.7       1.1
    8 float32    0.22      40.9       5.6       8.4
   16 float32    0.44      70.8       6.5       9.7
   32 float32    0.88     104.8       8.8      13.1
   64 float32    1.75     169.3      10.8      16.3
  128 float32    3.50     296.0      12.4      18.6
  256 float32    7.00     549.9      13.3      20.0
  512 float32   14.00    1066.0      13.8      20.7
### CONFIG: TP8 CROSS (0-7 xGMI) DIM=7168  (GPUs=0,1,2,3,4,5,6,7, n=8, DIM=7168)
W0720 06:24:51.153000 128982 torch/distributed/run.py:851] 
W0720 06:24:51.153000 128982 torch/distributed/run.py:851] *****************************************
W0720 06:24:51.153000 128982 torch/distributed/run.py:851] Setting OMP_NUM_THREADS environment variable for each process to be 1 in default, to avoid your system being overloaded, please further tune the variable for optimal performance in your application as needed. 
W0720 06:24:51.153000 128982 torch/distributed/run.py:851] *****************************************

##### TP8 CROSS (0-7 xGMI) DIM=7168 | world=8 | all_reduce [B,7168] #####
    B   dtype      MB        us     algbw     busbw
/home/cysic/Workspace/venvs/sglang/lib/python3.12/site-packages/torch/distributed/c10d_logger.py:83: UserWarning: barrier(): using the device under current context. You can specify `device_id` in `init_process_group` to mute this warning.
  return func(*args, **kwargs)
    1 bfloat16    0.01      47.5       0.3       0.5
    8 bfloat16    0.11     118.2       1.0       1.7
   16 bfloat16    0.22     153.9       1.5       2.6
   32 bfloat16    0.44      92.1       5.0       8.7
   64 bfloat16    0.88     140.7       6.5      11.4
  128 bfloat16    1.75     220.5       8.3      14.6
  256 bfloat16    3.50     372.7       9.8      17.2
  512 bfloat16    7.00     678.9      10.8      18.9
    1 float32    0.03      57.1       0.5       0.9
    8 float32    0.22      98.4       2.3       4.1
   16 float32    0.44      91.3       5.0       8.8
   32 float32    0.88     139.2       6.6      11.5
   64 float32    1.75     218.7       8.4      14.7
  128 float32    3.50     372.4       9.9      17.2
  256 float32    7.00     678.4      10.8      18.9
  512 float32   14.00    1291.2      11.4      19.9
### CONFIG: TP4 intra-socket0 (0-3 PCIe) DIM=4096  (GPUs=0,1,2,3, n=4, DIM=4096)
W0720 06:24:58.099000 129163 torch/distributed/run.py:851] 
W0720 06:24:58.099000 129163 torch/distributed/run.py:851] *****************************************
W0720 06:24:58.099000 129163 torch/distributed/run.py:851] Setting OMP_NUM_THREADS environment variable for each process to be 1 in default, to avoid your system being overloaded, please further tune the variable for optimal performance in your application as needed. 
W0720 06:24:58.099000 129163 torch/distributed/run.py:851] *****************************************

##### TP4 intra-socket0 (0-3 PCIe) DIM=4096 | world=4 | all_reduce [B,4096] #####
    B   dtype      MB        us     algbw     busbw
/home/cysic/Workspace/venvs/sglang/lib/python3.12/site-packages/torch/distributed/c10d_logger.py:83: UserWarning: barrier(): using the device under current context. You can specify `device_id` in `init_process_group` to mute this warning.
  return func(*args, **kwargs)
    1 bfloat16    0.01      47.7       0.2       0.3
    8 bfloat16    0.06      47.4       1.4       2.1
   16 bfloat16    0.12      47.2       2.8       4.2
   32 bfloat16    0.25      48.1       5.5       8.2
   64 bfloat16    0.50      84.2       6.2       9.3
  128 bfloat16    1.00     112.1       9.4      14.0
  256 bfloat16    2.00     176.8      11.9      17.8
  512 bfloat16    4.00     299.5      14.0      21.0
    1 float32    0.02      40.3       0.4       0.6
    8 float32    0.12      39.7       3.3       5.0
   16 float32    0.25      43.7       6.0       9.0
   32 float32    0.50      80.6       6.5       9.8
   64 float32    1.00     111.9       9.4      14.1
  128 float32    2.00     177.5      11.8      17.7
  256 float32    4.00     299.4      14.0      21.0
  512 float32    8.00     555.0      15.1      22.7
### CONFIG: TP4 intra-socket1 (4-7 PCIe) DIM=4096  (GPUs=4,5,6,7, n=4, DIM=4096)
W0720 06:25:03.756000 129289 torch/distributed/run.py:851] 
W0720 06:25:03.756000 129289 torch/distributed/run.py:851] *****************************************
W0720 06:25:03.756000 129289 torch/distributed/run.py:851] Setting OMP_NUM_THREADS environment variable for each process to be 1 in default, to avoid your system being overloaded, please further tune the variable for optimal performance in your application as needed. 
W0720 06:25:03.756000 129289 torch/distributed/run.py:851] *****************************************

##### TP4 intra-socket1 (4-7 PCIe) DIM=4096 | world=4 | all_reduce [B,4096] #####
    B   dtype      MB        us     algbw     busbw
/home/cysic/Workspace/venvs/sglang/lib/python3.12/site-packages/torch/distributed/c10d_logger.py:83: UserWarning: barrier(): using the device under current context. You can specify `device_id` in `init_process_group` to mute this warning.
  return func(*args, **kwargs)
    1 bfloat16    0.01      45.1       0.2       0.3
    8 bfloat16    0.06      45.5       1.4       2.2
   16 bfloat16    0.12      41.0       3.2       4.8
   32 bfloat16    0.25      43.6       6.0       9.0
   64 bfloat16    0.50      83.1       6.3       9.5
  128 bfloat16    1.00     105.9       9.9      14.9
  256 bfloat16    2.00     170.4      12.3      18.5
  512 bfloat16    4.00     342.0      12.3      18.4
    1 float32    0.02     142.2       0.1       0.2
    8 float32    0.12      40.2       3.3       4.9
   16 float32    0.25      43.7       6.0       9.0
   32 float32    0.50      75.3       7.0      10.4
   64 float32    1.00     105.8       9.9      14.9
  128 float32    2.00     170.2      12.3      18.5
  256 float32    4.00     288.5      14.5      21.8
  512 float32    8.00     542.1      15.5      23.2
### CONFIG: TP4 CROSS (0,1,4,5 xGMI) DIM=4096  (GPUs=0,1,4,5, n=4, DIM=4096)
W0720 06:25:09.349000 129414 torch/distributed/run.py:851] 
W0720 06:25:09.349000 129414 torch/distributed/run.py:851] *****************************************
W0720 06:25:09.349000 129414 torch/distributed/run.py:851] Setting OMP_NUM_THREADS environment variable for each process to be 1 in default, to avoid your system being overloaded, please further tune the variable for optimal performance in your application as needed. 
W0720 06:25:09.349000 129414 torch/distributed/run.py:851] *****************************************

##### TP4 CROSS (0,1,4,5 xGMI) DIM=4096 | world=4 | all_reduce [B,4096] #####
    B   dtype      MB        us     algbw     busbw
/home/cysic/Workspace/venvs/sglang/lib/python3.12/site-packages/torch/distributed/c10d_logger.py:83: UserWarning: barrier(): using the device under current context. You can specify `device_id` in `init_process_group` to mute this warning.
  return func(*args, **kwargs)
    1 bfloat16    0.01      42.5       0.2       0.3
    8 bfloat16    0.06      91.6       0.7       1.1
   16 bfloat16    0.12      51.2       2.6       3.8
   32 bfloat16    0.25      53.8       4.9       7.3
   64 bfloat16    0.50      74.8       7.0      10.5
  128 bfloat16    1.00     117.4       8.9      13.4
  256 bfloat16    2.00     190.1      11.0      16.6
  512 bfloat16    4.00     332.4      12.6      18.9
    1 float32    0.02      38.5       0.4       0.6
    8 float32    0.12      38.7       3.4       5.1
   16 float32    0.25      45.6       5.8       8.6
   32 float32    0.50      74.8       7.0      10.5
   64 float32    1.00     117.2       8.9      13.4
  128 float32    2.00     189.6      11.1      16.6
  256 float32    4.00     332.4      12.6      18.9
  512 float32    8.00     625.3      13.4      20.1
### CONFIG: TP8 CROSS (0-7 xGMI) DIM=4096  (GPUs=0,1,2,3,4,5,6,7, n=8, DIM=4096)
W0720 06:25:14.709000 129539 torch/distributed/run.py:851] 
W0720 06:25:14.709000 129539 torch/distributed/run.py:851] *****************************************
W0720 06:25:14.709000 129539 torch/distributed/run.py:851] Setting OMP_NUM_THREADS environment variable for each process to be 1 in default, to avoid your system being overloaded, please further tune the variable for optimal performance in your application as needed. 
W0720 06:25:14.709000 129539 torch/distributed/run.py:851] *****************************************

##### TP8 CROSS (0-7 xGMI) DIM=4096 | world=8 | all_reduce [B,4096] #####
    B   dtype      MB        us     algbw     busbw
/home/cysic/Workspace/venvs/sglang/lib/python3.12/site-packages/torch/distributed/c10d_logger.py:83: UserWarning: barrier(): using the device under current context. You can specify `device_id` in `init_process_group` to mute this warning.
  return func(*args, **kwargs)
    1 bfloat16    0.01      55.8       0.1       0.3
    8 bfloat16    0.06     103.0       0.6       1.1
   16 bfloat16    0.12      65.6       2.0       3.5
   32 bfloat16    0.25      59.7       4.4       7.7
   64 bfloat16    0.50     102.4       5.1       9.0
  128 bfloat16    1.00     149.0       7.0      12.3
  256 bfloat16    2.00     242.1       8.7      15.2
  512 bfloat16    4.00     444.1       9.4      16.5
    1 float32    0.02      41.8       0.4       0.7
    8 float32    0.12     107.5       1.2       2.1
   16 float32    0.25      59.8       4.4       7.7
   32 float32    0.50     102.1       5.1       9.0
   64 float32    1.00     148.0       7.1      12.4
  128 float32    2.00     242.1       8.7      15.2
  256 float32    4.00     471.5       8.9      15.6
  512 float32    8.00     764.5      11.0      19.2
### CONFIG: TP4 intra-socket0 — P2P DISABLED baseline (DIM=4096)

##### TP4 intra P2P-DISABLED | world=4 | all_reduce [B,4096] #####
    B   dtype      MB        us     algbw     busbw
    1 bfloat16    0.01      47.0       0.2       0.3
    8 bfloat16    0.06      47.3       1.4       2.1
   16 bfloat16    0.12      78.4       1.7       2.5
   32 bfloat16    0.25     170.4       1.5       2.3
   64 bfloat16    0.50     203.5       2.6       3.9
  128 bfloat16    1.00     343.3       3.1       4.6
  256 bfloat16    2.00     749.2       2.8       4.2
  512 bfloat16    4.00    1486.0       2.8       4.2
    1 float32    0.02      43.1       0.4       0.6
    8 float32    0.12      77.4       1.7       2.5
   16 float32    0.25     151.0       1.7       2.6
   32 float32    0.50     202.9       2.6       3.9
   64 float32    1.00     350.1       3.0       4.5
  128 float32    2.00     754.6       2.8       4.2
  256 float32    4.00    1489.4       2.8       4.2
  512 float32    8.00    2957.3       2.8       4.3
ALL_DONE
