titan064:130030:130030 [0] NCCL INFO ncclOsDlopen(libnccl-env.so) failed: libnccl-env.so: cannot open shared object file: No such file or directory
titan064:130030:130030 [0] NCCL INFO ENV/Plugin: Could not find: libnccl-env.so
titan064:130030:130030 [0] NCCL INFO NCCL_SOCKET_IFNAME set to enp33s0f0
titan064:130030:130030 [0] NCCL INFO cudaDriverVersion 13010
titan064:130030:130030 [0] NCCL INFO NCCL version 2.30.4+cuda13.2
titan064:130030:130030 [0] NCCL INFO NCCL git version HEAD 747384637
titan064:130030:130030 [0] NCCL INFO ncclOsDlopen(libnccl-net.so) failed: libnccl-net.so: cannot open shared object file: No such file or directory
titan064:130030:130030 [0] NCCL INFO NET/Plugin: Could not find: libnccl-net.so
titan064:130030:130030 [0] NCCL INFO Count not open libibverbs.so
titan064:130030:130030 [0] NCCL INFO dlvsym failed on mlx5dv_get_data_direct_sysfs_path - /lib/x86_64-linux-gnu/libmlx5.so.1: undefined symbol: mlx5dv_get_data_direct_sysfs_path, version MLX5_1.25 version MLX5_1.25
titan064:130030:130030 [0] NCCL INFO dlvsym failed on mlx5dv_reg_dmabuf_mr - /lib/x86_64-linux-gnu/libmlx5.so.1: undefined symbol: mlx5dv_reg_dmabuf_mr, version MLX5_1.25 version MLX5_1.25
titan064:130030:130030 [0] NCCL INFO NET/IB: [0] ibp194s0:uverbs0:1/IB provider=Mlx5 speed=100000 context=0x60a06b58e840 pciPath=/sys/devices/pci0000:c0/0000:c0:03.1/0000:c2:00.0 ar=1 oooRqSize=0
titan064:130030:130030 [0] NCCL INFO NET/IB : Made virtual device [0] name=ibp194s0 speed=100000 ndevs=1
titan064:130030:130030 [0] NCCL INFO NET/IB : Using [0]ibp194s0:1/IB [RO]; OOB enp33s0f0:10.234.1.64<0>
titan064:130030:130030 [0] NCCL INFO Initialized NET plugin IB
titan064:130030:130030 [0] NCCL INFO Assigned NET plugin IB to comm
titan064:130030:130030 [0] NCCL INFO ncclOsDlopen(libnccl-gin.so) failed: libnccl-gin.so: cannot open shared object file: No such file or directory
titan064:130030:130030 [0] NCCL INFO GIN/Plugin: Could not find: libnccl-gin.so
titan064:130030:130030 [0] NCCL INFO Assigned GIN plugin GIN_IB_GDAKI to comm
titan064:130030:130030 [0] NCCL INFO Assigned RMA plugin GIN_IB_PROXY to comm
titan064:130030:130030 [0] NCCL INFO Using network IB
titan064:130030:130030 [0] NCCL INFO Loaded NVML from libnvidia-ml.so.1
titan064:130030:130030 [0] NCCL INFO [Rank 0] ncclCommInitRank comm 0x60a06724f550 rank 0 nranks 2 cudaDev 0 nvmlDev 0 busId 1000 commId 0x4165dd9181a0b45e - Init START
titan064:130030:130030 [0] NCCL INFO RAS client listening socket at 127.0.0.1<28028>
titan064:130030:130030 [0] NCCL INFO NCCL_P2P_LEVEL set by environment to SYS
titan064:130030:130030 [0] NCCL INFO NET/GIN_IB_GDAKI : GPU Direct RDMA Disabled for HCA 0 'ibp194s0'
titan064:130030:130030 [0] NCCL INFO NET/IB : GPU Direct RDMA Disabled for HCA 0 'ibp194s0'
titan064:130030:130030 [0] NCCL INFO ncclTopoGetCpuAffinity: Affinity for GPU 0 is 0-63. (GPU affinity = 0-63 ; CPU affinity = 0-127).
titan064:130030:130030 [0] NCCL INFO Rank 0: 1 Net devices
titan064:130030:130030 [0] NCCL INFO Rank 0: 0 CollNet devices
titan064:130030:130030 [0] NCCL INFO Local Net device counts across ranks: min 1 max 1
titan064:130030:130030 [0] NCCL INFO Local CollNet device counts across ranks: min 0 max 0
titan064:130030:130030 [0] NCCL INFO comm 0x60a06724f550 rank 0 nRanks 2 nNodes 2 localRanks 1 localRank 0 MNNVL 0
titan064:130030:130030 [0] NCCL INFO Channel 00/02 : 0 1
titan064:130030:130030 [0] NCCL INFO Channel 01/02 : 0 1
titan064:130030:130030 [0] NCCL INFO Trees [0] 1/-1/-1->0->-1 [1] -1/-1/-1->0->1
titan064:130030:130030 [0] NCCL INFO P2P Chunksize set to 131072
titan064:130030:130030 [0] NCCL INFO Tuning P2P operations with maxP2pPeers = 2
titan064:130030:130030 [0] NCCL INFO ncclOsDlopen(libnccl-profiler.so) failed: libnccl-profiler.so: cannot open shared object file: No such file or directory
titan064:130030:130030 [0] NCCL INFO PROFILER/Plugin: Could not find: libnccl-profiler.so
titan064:130030:130030 [0] NCCL INFO Check P2P Type isAllDirectP2p 1 directMode 0 isAllCudaP2p 1
titan064:130030:130041 [0] NCCL INFO [Proxy Service] Device 0 CPU core 0
titan064:130030:130042 [0] NCCL INFO [Proxy Service UDS] Device 0 CPU core 9
titan064:130030:130030 [0] NCCL INFO ncclOsDlopen(libnccl-tuner.so) failed: libnccl-tuner.so: cannot open shared object file: No such file or directory
titan064:130030:130030 [0] NCCL INFO TUNER/Plugin: Could not find: libnccl-tuner.so
titan064:130030:130030 [0] NCCL INFO threadThresholds 8/8/64 | 16/8/64 | 512 | 512
titan064:130030:130030 [0] NCCL INFO 2 coll channels, 2 collnet channels, 0 nvls channels, 2 p2p channels, 1 p2p channels per peer
titan064:130030:130030 [0] NCCL INFO Symmetric memory is not supported. cuMemEnable 1, globalGinSupport 0, globalNicFused 0 cuMemGdrSupport 0
titan064:130030:130030 [0] NCCL INFO CC Off, workFifoBytes 1048576
titan064:130030:130030 [0] NCCL INFO ncclCommInitRank comm 0x60a06724f550 rank 0 nranks 2 cudaDev 0 nvmlDev 0 busId 1000 commId 0x4165dd9181a0b45e - Init COMPLETE
titan064:130030:130030 [0] NCCL INFO Init timings - ncclCommInitRank: rank 0 nranks 2 total 0.25 (kernels 0.15, alloc 0.09, bootstrap 0.00, allgathers 0.00, topo 0.00, graphs 0.00, connections 0.00, rest 0.00)
rank,bytes,iters,total_ms,avg_us,oneway_GBps
titan064:130030:130043 [0] NCCL INFO [Proxy Progress] Device 0 CPU core 41
titan064:130030:130030 [0] NCCL INFO Channel 01/1 : 0[0] -> 1[0] [send] via NET/IB/0/Shared
titan064:130030:130041 [0] NCCL INFO NET/IB: ncclIbResiliencyInit: Resiliency is disabled on the send communicator (comm=0x7d039000a000)
titan064:130030:130041 [0] NCCL INFO NET/IB: ncclIbSenderQpsCreate: QP created: port=1 dev=0 devName=ibp194s0 ndevs=1 nmdevs=1 qp_num=5416 pkey=0 pd=0x7d0390009990 oooRq=0
titan064:130030:130041 [0] NCCL INFO NET/IB: ncclIbConnect: NCCL Dev 0 IbDev 0 Port 1 qp_num 5416 mtu 5 LID 18 subnet-prefix 33022  FLID 0 ctsFifoRkey=0xe907e ctsFifoLkey=0xe907e
titan064:130030:130041 [0] NCCL INFO NET/IB: ncclIbConnect: IbDev 0 Port 1 qp_num 5416 query_ece={supported=1, vendor_id=0x15b3, options=0x30000000, comp_mask=0x0}
titan064:130030:130041 [0] NCCL INFO NET/IB: ncclIbSenderQpsToRts: Set ECE: IbDev 0 Port 1 qp_num 5416 set_ece={supported=1, vendor_id=0x15b3, options=0x30000000, comp_mask=0x0}
0,458752,200,30.334,151.670,3.025
0,524288,200,30.619,153.095,3.425
0,786432,200,44.786,223.928,3.512
0,4194304,200,212.393,1061.963,3.950
0,8388608,200,401.446,2007.230,4.179
0,16777216,200,798.537,3992.687,4.202
0,33554432,200,1592.497,7962.486,4.214
0,67108864,200,3181.233,15906.165,4.219
