== build on both nodes ==
BUILD_OK
BUILD_OK
== pair_bench no-gdr (port 21001) ==
== pair_bench gdr (port 21002) ==
== pp_sendrecv no-gdr (port 21003) ==
== pp_sendrecv gdr (port 21004) ==
== transport summary ==
--- results/20260720-142648/pair_gdr_rank0.log
titan064:130016:130016 [0] NCCL INFO Channel 00/0 : 0[0] -> 1[0] [send] via NET/IB/0/GDRDMA
titan064:130016:130016 [0] NCCL INFO Channel 00/0 : 1[0] -> 0[0] [receive] via NET/IB/0/GDRDMA
titan064:130016:130016 [0] NCCL INFO Channel 01/0 : 0[0] -> 1[0] [send] via NET/IB/0/GDRDMA
titan064:130016:130016 [0] NCCL INFO Channel 01/0 : 1[0] -> 0[0] [receive] via NET/IB/0/GDRDMA
titan064:130016:130016 [0] NCCL INFO Connected all rings, use ring PXN 0 GDR 1
--- results/20260720-142648/pair_no-gdr_rank0.log
titan064:130002:130002 [0] NCCL INFO Channel 00/0 : 0[0] -> 1[0] [send] via NET/IB/0
titan064:130002:130002 [0] NCCL INFO Channel 00/0 : 1[0] -> 0[0] [receive] via NET/IB/0
titan064:130002:130002 [0] NCCL INFO Channel 01/0 : 0[0] -> 1[0] [send] via NET/IB/0
titan064:130002:130002 [0] NCCL INFO Channel 01/0 : 1[0] -> 0[0] [receive] via NET/IB/0
titan064:130002:130002 [0] NCCL INFO Connected all rings, use ring PXN 0 GDR 0
--- results/20260720-142648/pp_gdr_rank0.log
titan064:130044:130044 [0] NCCL INFO Channel 01/1 : 0[0] -> 1[0] [send] via NET/IB/0/GDRDMA/Shared
titan064:130044:130044 [0] NCCL INFO Using network IB
--- results/20260720-142648/pp_no-gdr_rank0.log
titan064:130030:130030 [0] NCCL INFO Channel 01/1 : 0[0] -> 1[0] [send] via NET/IB/0/Shared
titan064:130030:130030 [0] NCCL INFO Using network IB
ALL_DONE
