W0721 00:11:23.783000 183348 torch/distributed/run.py:851] 
W0721 00:11:23.783000 183348 torch/distributed/run.py:851] *****************************************
W0721 00:11:23.783000 183348 torch/distributed/run.py:851] Setting OMP_NUM_THREADS environment variable for each process to be 1 in default, to avoid your system being overloaded, please further tune the variable for optimal performance in your application as needed. 
W0721 00:11:23.783000 183348 torch/distributed/run.py:851] *****************************************
[E1MTPLB] layer=0 rank=0 experts=256/256
[E1MTPLB] stage 0 layer 0 material loaded
[E1MTPLB] layer=11 rank=0 experts=256/256
[E1MTPLB] stage 1 layer 11 material loaded
[E1MTPLB] layer=1 rank=0 experts=256/256
[E1MTPLB] stage 0 layer 1 material loaded
[E1MTPLB] layer=12 rank=0 experts=256/256
[E1MTPLB] stage 1 layer 12 material loaded
[E1MTPLB] layer=2 rank=0 experts=256/256
[E1MTPLB] stage 0 layer 2 material loaded
[E1MTPLB] layer=13 rank=0 experts=256/256
[E1MTPLB] stage 1 layer 13 material loaded
[E1MTPLB] layer=3 rank=0 experts=256/256
[E1MTPLB] stage 0 layer 3 material loaded
[E1MTPLB] layer=14 rank=0 experts=256/256
[E1MTPLB] stage 1 layer 14 material loaded
[E1MTPLB] layer=4 rank=0 experts=256/256
[E1MTPLB] stage 0 layer 4 material loaded
[E1MTPLB] layer=15 rank=0 experts=256/256
[E1MTPLB] stage 1 layer 15 material loaded
[E1MTPLB] layer=5 rank=0 experts=256/256
[E1MTPLB] stage 0 layer 5 material loaded
[E1MTPLB] layer=16 rank=0 experts=256/256
[E1MTPLB] stage 1 layer 16 material loaded
[E1MTPLB] layer=6 rank=0 experts=256/256
[E1MTPLB] stage 0 layer 6 material loaded
[E1MTPLB] layer=17 rank=0 experts=256/256
[E1MTPLB] layer=7 rank=0 experts=256/256
[E1MTPLB] stage 1 layer 17 material loaded
[E1MTPLB] stage 0 layer 7 material loaded
[E1MTPLB] layer=8 rank=0 experts=256/256
[E1MTPLB] stage 0 layer 8 material loaded
[E1MTPLB] layer=18 rank=0 experts=256/256
[E1MTPLB] stage 1 layer 18 material loaded
[E1MTPLB] layer=9 rank=0 experts=256/256
[E1MTPLB] stage 0 layer 9 material loaded
[E1MTPLB] layer=19 rank=0 experts=256/256
[E1MTPLB] stage 1 layer 19 material loaded
[E1MTPLB] layer=10 rank=0 experts=256/256
[E1MTPLB] stage 0 layer 10 material loaded
[E1MTPLB] layer=20 rank=0 experts=256/256
[E1MTPLB] stage 1 layer 20 material loaded
[E1MTPLB] layer=21 rank=0 experts=256/256
[E1MTPLB] stage 1 layer 21 material loaded
[E1MTPLB] stage 1 loaded, free 7.04 GiB
[E1MTPLB] stage 0 loaded, free 6.15 GiB
[E1MTPLB] stage 0 lane mb0 built
W0721 00:22:08.834000 183348 torch/distributed/elastic/agent/server/api.py:739] Received 15 death signal, shutting down workers
W0721 00:22:08.838000 183348 torch/distributed/elastic/multiprocessing/api.py:1012] Sending process 183439 closing signal SIGTERM
W0721 00:22:08.839000 183348 torch/distributed/elastic/multiprocessing/api.py:1012] Sending process 183440 closing signal SIGTERM
W0721 00:22:08.839000 183348 torch/distributed/elastic/multiprocessing/api.py:1012] Sending process 183441 closing signal SIGTERM
W0721 00:22:08.840000 183348 torch/distributed/elastic/multiprocessing/api.py:1012] Sending process 183442 closing signal SIGTERM
W0721 00:22:08.840000 183348 torch/distributed/elastic/multiprocessing/api.py:1012] Sending process 183443 closing signal SIGTERM
W0721 00:22:08.840000 183348 torch/distributed/elastic/multiprocessing/api.py:1012] Sending process 183444 closing signal SIGTERM
W0721 00:22:08.840000 183348 torch/distributed/elastic/multiprocessing/api.py:1012] Sending process 183445 closing signal SIGTERM
W0721 00:22:08.840000 183348 torch/distributed/elastic/multiprocessing/api.py:1012] Sending process 183446 closing signal SIGTERM
Traceback (most recent call last):
  File "/home/cysic/Workspace/venvs/sglang/bin/torchrun", line 10, in <module>
    sys.exit(main())
             ^^^^^^
  File "/home/cysic/Workspace/venvs/sglang/lib/python3.12/site-packages/torch/distributed/elastic/multiprocessing/errors/__init__.py", line 362, in wrapper
    return f(*args, **kwargs)
           ^^^^^^^^^^^^^^^^^^
  File "/home/cysic/Workspace/venvs/sglang/lib/python3.12/site-packages/torch/distributed/run.py", line 990, in main
    run(args)
  File "/home/cysic/Workspace/venvs/sglang/lib/python3.12/site-packages/torch/distributed/run.py", line 981, in run
    elastic_launch(
  File "/home/cysic/Workspace/venvs/sglang/lib/python3.12/site-packages/torch/distributed/launcher/api.py", line 170, in __call__
    return launch_agent(self._config, self._entrypoint, list(args))
           ^^^^^^^^^^^^^^^^^^^^^^^^^^^^^^^^^^^^^^^^^^^^^^^^^^^^^^^^
  File "/home/cysic/Workspace/venvs/sglang/lib/python3.12/site-packages/torch/distributed/launcher/api.py", line 308, in launch_agent
    result = agent.run()
             ^^^^^^^^^^^
  File "/home/cysic/Workspace/venvs/sglang/lib/python3.12/site-packages/torch/distributed/elastic/metrics/api.py", line 134, in wrapper
    result = f(*args, **kwargs)
             ^^^^^^^^^^^^^^^^^^
  File "/home/cysic/Workspace/venvs/sglang/lib/python3.12/site-packages/torch/distributed/elastic/agent/server/api.py", line 731, in run
    result = self._invoke_run(role)
             ^^^^^^^^^^^^^^^^^^^^^^
  File "/home/cysic/Workspace/venvs/sglang/lib/python3.12/site-packages/torch/distributed/elastic/agent/server/api.py", line 908, in _invoke_run
    time.sleep(monitor_interval)
  File "/home/cysic/Workspace/venvs/sglang/lib/python3.12/site-packages/torch/distributed/elastic/multiprocessing/api.py", line 86, in _terminate_process_handler
    raise SignalException(f"Process {os.getpid()} got signal: {sigval}", sigval=sigval)
torch.distributed.elastic.multiprocessing.api.SignalException: Process 183348 got signal: 15
