W0721 11:49:07.795000 237562 torch/distributed/run.py:851] 
W0721 11:49:07.795000 237562 torch/distributed/run.py:851] *****************************************
W0721 11:49:07.795000 237562 torch/distributed/run.py:851] Setting OMP_NUM_THREADS environment variable for each process to be 1 in default, to avoid your system being overloaded, please further tune the variable for optimal performance in your application as needed. 
W0721 11:49:07.795000 237562 torch/distributed/run.py:851] *****************************************
layer=11 rank=0 experts=128/256
layer=11 rank=0 experts=256/256
stage 1 layer 11 material loaded
layer=12 rank=0 experts=128/256
layer=12 rank=0 experts=256/256
stage 1 layer 12 material loaded
layer=13 rank=0 experts=128/256
layer=13 rank=0 experts=256/256
stage 1 layer 13 material loaded
layer=14 rank=0 experts=128/256
layer=14 rank=0 experts=256/256
stage 1 layer 14 material loaded
layer=15 rank=0 experts=128/256
layer=15 rank=0 experts=256/256
stage 1 layer 15 material loaded
layer=16 rank=0 experts=128/256
layer=16 rank=0 experts=256/256
stage 1 layer 16 material loaded
layer=17 rank=0 experts=128/256
layer=17 rank=0 experts=256/256
stage 1 layer 17 material loaded
layer=18 rank=0 experts=128/256
layer=18 rank=0 experts=256/256
stage 1 layer 18 material loaded
layer=19 rank=0 experts=128/256
layer=19 rank=0 experts=256/256
stage 1 layer 19 material loaded
layer=20 rank=0 experts=128/256
layer=20 rank=0 experts=256/256
stage 1 layer 20 material loaded
layer=21 rank=0 experts=128/256
layer=21 rank=0 experts=256/256
stage 1 layer 21 material loaded
iter 0 (warmup): 3620.3 ms
iter 1 (warmup): 1992.4 ms
iter 2 (timed): 1996.0 ms
iter 3 (timed): 1993.0 ms
iter 4 (timed): 1992.2 ms
iter 5 (timed): 1992.1 ms
iter 6 (timed): 1991.4 ms
{
  "chunk": 8192,
  "prefill_chunk": 0,
  "prefill_forwards": 1,
  "segment_lengths": [
    8192
  ],
  "moe_mode": "w4a16",
  "indexer": "fused",
  "wall_p50_s": 1.9922129358164966,
  "input_tok_s_per_stage_dp4": 16448.040975384105,
  "ok": [
    true,
    true,
    true,
    true
  ]
}
