W0720 12:36:32.442000 137091 torch/distributed/run.py:851] 
W0720 12:36:32.442000 137091 torch/distributed/run.py:851] *****************************************
W0720 12:36:32.442000 137091 torch/distributed/run.py:851] Setting OMP_NUM_THREADS environment variable for each process to be 1 in default, to avoid your system being overloaded, please further tune the variable for optimal performance in your application as needed. 
W0720 12:36:32.442000 137091 torch/distributed/run.py:851] *****************************************
[E1F] layer=22 rank=0 experts=256/256
[E1F] layer=33 rank=0 experts=256/256
[E1F] stage 2 layer 22 material loaded
[E1F] stage 3 layer 33 material loaded
[E1F] layer=23 rank=0 experts=256/256
[E1F] stage 2 layer 23 material loaded
[E1F] layer=34 rank=0 experts=256/256
[E1F] stage 3 layer 34 material loaded
[E1F] layer=24 rank=0 experts=256/256
[E1F] stage 2 layer 24 material loaded
[E1F] layer=35 rank=0 experts=256/256
[E1F] stage 3 layer 35 material loaded
[E1F] layer=25 rank=0 experts=256/256
[E1F] stage 2 layer 25 material loaded
[E1F] layer=36 rank=0 experts=256/256
[E1F] stage 3 layer 36 material loaded
[E1F] layer=26 rank=0 experts=256/256
[E1F] stage 2 layer 26 material loaded
[E1F] layer=37 rank=0 experts=256/256
[E1F] stage 3 layer 37 material loaded
[E1F] layer=27 rank=0 experts=256/256
[E1F] stage 2 layer 27 material loaded
[E1F] layer=38 rank=0 experts=256/256
[E1F] stage 3 layer 38 material loaded
[E1F] layer=28 rank=0 experts=256/256
[E1F] stage 2 layer 28 material loaded
[E1F] layer=39 rank=0 experts=256/256
[E1F] stage 3 layer 39 material loaded
[E1F] layer=29 rank=0 experts=256/256
[E1F] stage 2 layer 29 material loaded
[E1F] layer=40 rank=0 experts=256/256
[E1F] stage 3 layer 40 material loaded
[E1F] layer=30 rank=0 experts=256/256
[E1F] stage 2 layer 30 material loaded
[E1F] layer=41 rank=0 experts=256/256
[E1F] stage 3 layer 41 material loaded
[E1F] layer=31 rank=0 experts=256/256
[E1F] stage 2 layer 31 material loaded
[E1F] layer=42 rank=0 experts=256/256
[E1F] stage 3 layer 42 material loaded
[E1F] layer=32 rank=0 experts=256/256
[E1F] stage 2 layer 32 material loaded
[E1F] stage 2 loaded (11 layers, free 6.05 GiB, 12s)
[E1F] stage 3 loaded (10 layers, free 4.61 GiB, 13s)
[E1F] stage 3 lanes built, free 0.88 GiB
[E1F] stage 2 lanes built, free 0.80 GiB
W0720 12:39:09.935000 137091 torch/distributed/elastic/agent/server/api.py:739] Received 15 death signal, shutting down workers
W0720 12:39:09.939000 137091 torch/distributed/elastic/multiprocessing/api.py:1012] Sending process 137181 closing signal SIGTERM
W0720 12:39:09.939000 137091 torch/distributed/elastic/multiprocessing/api.py:1012] Sending process 137182 closing signal SIGTERM
W0720 12:39:09.939000 137091 torch/distributed/elastic/multiprocessing/api.py:1012] Sending process 137183 closing signal SIGTERM
W0720 12:39:09.939000 137091 torch/distributed/elastic/multiprocessing/api.py:1012] Sending process 137184 closing signal SIGTERM
W0720 12:39:09.939000 137091 torch/distributed/elastic/multiprocessing/api.py:1012] Sending process 137185 closing signal SIGTERM
W0720 12:39:09.939000 137091 torch/distributed/elastic/multiprocessing/api.py:1012] Sending process 137186 closing signal SIGTERM
W0720 12:39:09.940000 137091 torch/distributed/elastic/multiprocessing/api.py:1012] Sending process 137187 closing signal SIGTERM
W0720 12:39:09.940000 137091 torch/distributed/elastic/multiprocessing/api.py:1012] Sending process 137188 closing signal SIGTERM
Traceback (most recent call last):
  File "/home/cysic/Workspace/venvs/sglang/bin/torchrun", line 10, in <module>
    sys.exit(main())
             ^^^^^^
  File "/home/cysic/Workspace/venvs/sglang/lib/python3.12/site-packages/torch/distributed/elastic/multiprocessing/errors/__init__.py", line 362, in wrapper
    return f(*args, **kwargs)
           ^^^^^^^^^^^^^^^^^^
  File "/home/cysic/Workspace/venvs/sglang/lib/python3.12/site-packages/torch/distributed/run.py", line 990, in main
    run(args)
  File "/home/cysic/Workspace/venvs/sglang/lib/python3.12/site-packages/torch/distributed/run.py", line 981, in run
    elastic_launch(
  File "/home/cysic/Workspace/venvs/sglang/lib/python3.12/site-packages/torch/distributed/launcher/api.py", line 170, in __call__
    return launch_agent(self._config, self._entrypoint, list(args))
           ^^^^^^^^^^^^^^^^^^^^^^^^^^^^^^^^^^^^^^^^^^^^^^^^^^^^^^^^
  File "/home/cysic/Workspace/venvs/sglang/lib/python3.12/site-packages/torch/distributed/launcher/api.py", line 308, in launch_agent
    result = agent.run()
             ^^^^^^^^^^^
  File "/home/cysic/Workspace/venvs/sglang/lib/python3.12/site-packages/torch/distributed/elastic/metrics/api.py", line 134, in wrapper
    result = f(*args, **kwargs)
             ^^^^^^^^^^^^^^^^^^
  File "/home/cysic/Workspace/venvs/sglang/lib/python3.12/site-packages/torch/distributed/elastic/agent/server/api.py", line 731, in run
    result = self._invoke_run(role)
             ^^^^^^^^^^^^^^^^^^^^^^
  File "/home/cysic/Workspace/venvs/sglang/lib/python3.12/site-packages/torch/distributed/elastic/agent/server/api.py", line 908, in _invoke_run
    time.sleep(monitor_interval)
  File "/home/cysic/Workspace/venvs/sglang/lib/python3.12/site-packages/torch/distributed/elastic/multiprocessing/api.py", line 86, in _terminate_process_handler
    raise SignalException(f"Process {os.getpid()} got signal: {sigval}", sigval=sigval)
torch.distributed.elastic.multiprocessing.api.SignalException: Process 137091 got signal: 15
