W0720 12:41:11.760000 155174 torch/distributed/run.py:851] 
W0720 12:41:11.760000 155174 torch/distributed/run.py:851] *****************************************
W0720 12:41:11.760000 155174 torch/distributed/run.py:851] Setting OMP_NUM_THREADS environment variable for each process to be 1 in default, to avoid your system being overloaded, please further tune the variable for optimal performance in your application as needed. 
W0720 12:41:11.760000 155174 torch/distributed/run.py:851] *****************************************
[E1F] placement {0: ['titan064'], 1: ['titan064'], 2: ['titan065'], 3: ['titan065']}
[E1F] layer=0 rank=0 experts=256/256
[E1F] layer=11 rank=0 experts=256/256
[E1F] stage 1 layer 11 material loaded
[E1F] stage 0 layer 0 material loaded
[E1F] layer=12 rank=0 experts=256/256
[E1F] layer=1 rank=0 experts=256/256
[E1F] stage 1 layer 12 material loaded
[E1F] stage 0 layer 1 material loaded
[E1F] layer=2 rank=0 experts=256/256
[E1F] layer=13 rank=0 experts=256/256
[E1F] stage 0 layer 2 material loaded
[E1F] stage 1 layer 13 material loaded
[E1F] layer=3 rank=0 experts=256/256
[E1F] stage 0 layer 3 material loaded
[E1F] layer=14 rank=0 experts=256/256
[E1F] stage 1 layer 14 material loaded
[E1F] layer=4 rank=0 experts=256/256
[E1F] stage 0 layer 4 material loaded
[E1F] layer=15 rank=0 experts=256/256
[E1F] stage 1 layer 15 material loaded
[E1F] layer=5 rank=0 experts=256/256
[E1F] stage 0 layer 5 material loaded
[E1F] layer=16 rank=0 experts=256/256
[E1F] stage 1 layer 16 material loaded
[E1F] layer=6 rank=0 experts=256/256
[E1F] stage 0 layer 6 material loaded
[E1F] layer=17 rank=0 experts=256/256
[E1F] stage 1 layer 17 material loaded
[E1F] layer=7 rank=0 experts=256/256
[E1F] stage 0 layer 7 material loaded
[E1F] layer=18 rank=0 experts=256/256
[E1F] stage 1 layer 18 material loaded
[E1F] layer=8 rank=0 experts=256/256
[E1F] stage 0 layer 8 material loaded
[E1F] layer=19 rank=0 experts=256/256
[E1F] stage 1 layer 19 material loaded
[E1F] layer=9 rank=0 experts=256/256
[E1F] stage 0 layer 9 material loaded
[E1F] layer=20 rank=0 experts=256/256
[E1F] stage 1 layer 20 material loaded
[E1F] layer=10 rank=0 experts=256/256
[E1F] stage 0 layer 10 material loaded
[E1F] layer=21 rank=0 experts=256/256
[E1F] stage 1 layer 21 material loaded
[E1F] stage 1 loaded (11 layers, free 8.63 GiB, 13s)
[E1F] stage 0 loaded (11 layers, free 7.74 GiB, 13s)
[E1F] stage 1 lanes built, free 5.49 GiB
[E1F] stage 0 lanes built, free 4.54 GiB
[E1F] stage 0 warmup done (20s, free 5.76 GiB)
[E1F] stage 1 warmup done (20s, free 6.65 GiB)
[E1F] stage 0 captured normal at position 8192 (0.4s)
[E1F] settle step 0 pos 8192 family normal captured=True
[E1F] stage 0 captured ratio4_boundary at position 8195 (0.4s)
[E1F] settle step 3 pos 8195 family ratio4_boundary captured=True
[E1F] settle step 32 pos 8224 family normal captured=False
[E1F] settle step 64 pos 8256 family normal captured=False
[E1F] settle step 96 pos 8288 family normal captured=False
[E1F] stage 0 captured ratio4_ratio128_boundary at position 8319 (0.5s)
[E1F] settle step 127 pos 8319 family ratio4_ratio128_boundary captured=True
[E1F] settle step 128 pos 8320 family normal captured=False
[E1F] settle done: capture_order=['normal', 'ratio4_boundary', 'ratio4_ratio128_boundary'] bitwise=0/132 (check=off)
[E1F] stage 0 round 0: step_wall p50 116.30 ms p95 119.77 ms -> 550.3 tok/s (replicated B)
[E1F] stage 0 round 1: step_wall p50 115.50 ms p95 118.89 ms -> 554.1 tok/s (replicated B)
[E1F] stage 0 round 2: step_wall p50 115.00 ms p95 118.42 ms -> 556.5 tok/s (replicated B)
[E1F] overall: PASS
