W0720 12:36:32.472000 154772 torch/distributed/run.py:851] 
W0720 12:36:32.472000 154772 torch/distributed/run.py:851] *****************************************
W0720 12:36:32.472000 154772 torch/distributed/run.py:851] Setting OMP_NUM_THREADS environment variable for each process to be 1 in default, to avoid your system being overloaded, please further tune the variable for optimal performance in your application as needed. 
W0720 12:36:32.472000 154772 torch/distributed/run.py:851] *****************************************
[E1F] placement {0: ['titan064'], 1: ['titan064'], 2: ['titan065'], 3: ['titan065']}
[E1F] layer=11 rank=0 experts=256/256
[E1F] stage 1 layer 11 material loaded
[E1F] layer=0 rank=0 experts=256/256
[E1F] stage 0 layer 0 material loaded
[E1F] layer=12 rank=0 experts=256/256
[E1F] stage 1 layer 12 material loaded
[E1F] layer=1 rank=0 experts=256/256
[E1F] stage 0 layer 1 material loaded
[E1F] layer=13 rank=0 experts=256/256
[E1F] stage 1 layer 13 material loaded
[E1F] layer=2 rank=0 experts=256/256
[E1F] stage 0 layer 2 material loaded
[E1F] layer=14 rank=0 experts=256/256
[E1F] stage 1 layer 14 material loaded
[E1F] layer=3 rank=0 experts=256/256
[E1F] stage 0 layer 3 material loaded
[E1F] layer=15 rank=0 experts=256/256
[E1F] layer=4 rank=0 experts=256/256
[E1F] stage 1 layer 15 material loaded
[E1F] stage 0 layer 4 material loaded
[E1F] layer=16 rank=0 experts=256/256
[E1F] layer=5 rank=0 experts=256/256
[E1F] stage 1 layer 16 material loaded
[E1F] stage 0 layer 5 material loaded
[E1F] layer=6 rank=0 experts=256/256
[E1F] layer=17 rank=0 experts=256/256
[E1F] stage 0 layer 6 material loaded
[E1F] stage 1 layer 17 material loaded
[E1F] layer=7 rank=0 experts=256/256
[E1F] layer=18 rank=0 experts=256/256
[E1F] stage 0 layer 7 material loaded
[E1F] stage 1 layer 18 material loaded
[E1F] layer=8 rank=0 experts=256/256
[E1F] stage 0 layer 8 material loaded
[E1F] layer=19 rank=0 experts=256/256
[E1F] stage 1 layer 19 material loaded
[E1F] layer=9 rank=0 experts=256/256
[E1F] stage 0 layer 9 material loaded
[E1F] layer=20 rank=0 experts=256/256
[E1F] stage 1 layer 20 material loaded
[E1F] layer=10 rank=0 experts=256/256
[E1F] stage 0 layer 10 material loaded
[E1F] layer=21 rank=0 experts=256/256
[E1F] stage 1 layer 21 material loaded
[E1F] stage 1 loaded (11 layers, free 6.07 GiB, 12s)
[E1F] stage 0 loaded (11 layers, free 5.17 GiB, 13s)
[E1F] stage 1 lanes built, free 1.46 GiB
[E1F] stage 0 lanes built, free 0.59 GiB
[E1F][rank 1] warmups raised:
Traceback (most recent call last):
  File "/home/cysic/e0f-runtime/e1f_full_decode_bench.py", line 192, in synchronized_local_step
    value = fn()
            ^^^^
  File "/home/cysic/e0f-runtime/e1f_full_decode_bench.py", line 908, in warmup_all
    run_warm_cycle(graph_lane)
  File "/home/cysic/e0f-runtime/e1f_full_decode_bench.py", line 888, in run_warm_cycle
    forward_eager_prevalidated(
  File "/home/cysic/e0f-runtime/e1f_full_decode_bench.py", line 504, in forward_eager_prevalidated
    output = stage._forward_stateful_fused_chain(
             ^^^^^^^^^^^^^^^^^^^^^^^^^^^^^^^^^^^^
  File "/home/cysic/e0f-runtime/dsv4_direct/superstage.py", line 1421, in _forward_stateful_fused_chain
    branch_output = block.run_stateful_attention(
                    ^^^^^^^^^^^^^^^^^^^^^^^^^^^^^
  File "/home/cysic/e0f-runtime/dsv4_direct/block.py", line 789, in run_stateful_attention
    return self.attention.forward_stateful_decode_tensor(
           ^^^^^^^^^^^^^^^^^^^^^^^^^^^^^^^^^^^^^^^^^^^^^^
  File "/home/cysic/e0f-runtime/dsv4_direct/ratio4_attention.py", line 1116, in forward_stateful_decode_tensor
    "bshd,bskd->bshk", query.float(), selected.float()
                                      ^^^^^^^^^^^^^^^^
torch.OutOfMemoryError: CUDA out of memory. Tried to allocate 320.00 MiB. GPU 1 has a total capacity of 23.52 GiB of which 315.88 MiB is free. Including non-PyTorch memory, this process has 23.20 GiB memory in use. Of the allocated memory 22.06 GiB is allocated by PyTorch, and 361.41 MiB is reserved by PyTorch but unallocated. If reserved but unallocated memory is large try setting PYTORCH_CUDA_ALLOC_CONF=expandable_segments:True to avoid fragmentation.  See documentation for Memory Management  (https://docs.pytorch.org/docs/stable/notes/cuda.html#optimizing-memory-usage-with-pytorch-cuda-alloc-conf)

[E1F][rank 2] warmups raised:
Traceback (most recent call last):
  File "/home/cysic/e0f-runtime/e1f_full_decode_bench.py", line 192, in synchronized_local_step
    value = fn()
            ^^^^
  File "/home/cysic/e0f-runtime/e1f_full_decode_bench.py", line 908, in warmup_all
    run_warm_cycle(graph_lane)
  File "/home/cysic/e0f-runtime/e1f_full_decode_bench.py", line 888, in run_warm_cycle
    forward_eager_prevalidated(
  File "/home/cysic/e0f-runtime/e1f_full_decode_bench.py", line 504, in forward_eager_prevalidated
    output = stage._forward_stateful_fused_chain(
             ^^^^^^^^^^^^^^^^^^^^^^^^^^^^^^^^^^^^
  File "/home/cysic/e0f-runtime/dsv4_direct/superstage.py", line 1421, in _forward_stateful_fused_chain
    branch_output = block.run_stateful_attention(
                    ^^^^^^^^^^^^^^^^^^^^^^^^^^^^^
  File "/home/cysic/e0f-runtime/dsv4_direct/block.py", line 789, in run_stateful_attention
    return self.attention.forward_stateful_decode_tensor(
           ^^^^^^^^^^^^^^^^^^^^^^^^^^^^^^^^^^^^^^^^^^^^^^
  File "/home/cysic/e0f-runtime/dsv4_direct/ratio4_attention.py", line 1116, in forward_stateful_decode_tensor
    "bshd,bskd->bshk", query.float(), selected.float()
                                      ^^^^^^^^^^^^^^^^
torch.OutOfMemoryError: CUDA out of memory. Tried to allocate 320.00 MiB. GPU 2 has a total capacity of 23.52 GiB of which 315.88 MiB is free. Including non-PyTorch memory, this process has 23.20 GiB memory in use. Of the allocated memory 22.06 GiB is allocated by PyTorch, and 361.41 MiB is reserved by PyTorch but unallocated. If reserved but unallocated memory is large try setting PYTORCH_CUDA_ALLOC_CONF=expandable_segments:True to avoid fragmentation.  See documentation for Memory Management  (https://docs.pytorch.org/docs/stable/notes/cuda.html#optimizing-memory-usage-with-pytorch-cuda-alloc-conf)

[E1F][rank 0] warmups raised:
Traceback (most recent call last):
  File "/home/cysic/e0f-runtime/e1f_full_decode_bench.py", line 192, in synchronized_local_step
    value = fn()
            ^^^^
  File "/home/cysic/e0f-runtime/e1f_full_decode_bench.py", line 908, in warmup_all
    run_warm_cycle(graph_lane)
  File "/home/cysic/e0f-runtime/e1f_full_decode_bench.py", line 888, in run_warm_cycle
    forward_eager_prevalidated(
  File "/home/cysic/e0f-runtime/e1f_full_decode_bench.py", line 504, in forward_eager_prevalidated
    output = stage._forward_stateful_fused_chain(
             ^^^^^^^^^^^^^^^^^^^^^^^^^^^^^^^^^^^^
  File "/home/cysic/e0f-runtime/dsv4_direct/superstage.py", line 1421, in _forward_stateful_fused_chain
    branch_output = block.run_stateful_attention(
                    ^^^^^^^^^^^^^^^^^^^^^^^^^^^^^
  File "/home/cysic/e0f-runtime/dsv4_direct/block.py", line 789, in run_stateful_attention
    return self.attention.forward_stateful_decode_tensor(
           ^^^^^^^^^^^^^^^^^^^^^^^^^^^^^^^^^^^^^^^^^^^^^^
  File "/home/cysic/e0f-runtime/dsv4_direct/ratio4_attention.py", line 1116, in forward_stateful_decode_tensor
    "bshd,bskd->bshk", query.float(), selected.float()
                                      ^^^^^^^^^^^^^^^^
torch.OutOfMemoryError: CUDA out of memory. Tried to allocate 320.00 MiB. GPU 0 has a total capacity of 23.52 GiB of which 315.88 MiB is free. Including non-PyTorch memory, this process has 23.20 GiB memory in use. Of the allocated memory 22.06 GiB is allocated by PyTorch, and 361.41 MiB is reserved by PyTorch but unallocated. If reserved but unallocated memory is large try setting PYTORCH_CUDA_ALLOC_CONF=expandable_segments:True to avoid fragmentation.  See documentation for Memory Management  (https://docs.pytorch.org/docs/stable/notes/cuda.html#optimizing-memory-usage-with-pytorch-cuda-alloc-conf)

W0720 12:39:09.569000 154772 torch/distributed/elastic/agent/server/api.py:739] Received 15 death signal, shutting down workers
W0720 12:39:09.573000 154772 torch/distributed/elastic/multiprocessing/api.py:1012] Sending process 154863 closing signal SIGTERM
W0720 12:39:09.574000 154772 torch/distributed/elastic/multiprocessing/api.py:1012] Sending process 154864 closing signal SIGTERM
W0720 12:39:09.574000 154772 torch/distributed/elastic/multiprocessing/api.py:1012] Sending process 154865 closing signal SIGTERM
W0720 12:39:09.574000 154772 torch/distributed/elastic/multiprocessing/api.py:1012] Sending process 154866 closing signal SIGTERM
W0720 12:39:09.574000 154772 torch/distributed/elastic/multiprocessing/api.py:1012] Sending process 154867 closing signal SIGTERM
W0720 12:39:09.574000 154772 torch/distributed/elastic/multiprocessing/api.py:1012] Sending process 154868 closing signal SIGTERM
W0720 12:39:09.574000 154772 torch/distributed/elastic/multiprocessing/api.py:1012] Sending process 154869 closing signal SIGTERM
W0720 12:39:09.574000 154772 torch/distributed/elastic/multiprocessing/api.py:1012] Sending process 154870 closing signal SIGTERM
Traceback (most recent call last):
  File "/home/cysic/Workspace/venvs/sglang/bin/torchrun", line 10, in <module>
    sys.exit(main())
             ^^^^^^
  File "/home/cysic/Workspace/venvs/sglang/lib/python3.12/site-packages/torch/distributed/elastic/multiprocessing/errors/__init__.py", line 362, in wrapper
    return f(*args, **kwargs)
           ^^^^^^^^^^^^^^^^^^
  File "/home/cysic/Workspace/venvs/sglang/lib/python3.12/site-packages/torch/distributed/run.py", line 990, in main
    run(args)
  File "/home/cysic/Workspace/venvs/sglang/lib/python3.12/site-packages/torch/distributed/run.py", line 981, in run
    elastic_launch(
  File "/home/cysic/Workspace/venvs/sglang/lib/python3.12/site-packages/torch/distributed/launcher/api.py", line 170, in __call__
    return launch_agent(self._config, self._entrypoint, list(args))
           ^^^^^^^^^^^^^^^^^^^^^^^^^^^^^^^^^^^^^^^^^^^^^^^^^^^^^^^^
  File "/home/cysic/Workspace/venvs/sglang/lib/python3.12/site-packages/torch/distributed/launcher/api.py", line 308, in launch_agent
    result = agent.run()
             ^^^^^^^^^^^
  File "/home/cysic/Workspace/venvs/sglang/lib/python3.12/site-packages/torch/distributed/elastic/metrics/api.py", line 134, in wrapper
    result = f(*args, **kwargs)
             ^^^^^^^^^^^^^^^^^^
  File "/home/cysic/Workspace/venvs/sglang/lib/python3.12/site-packages/torch/distributed/elastic/agent/server/api.py", line 731, in run
    result = self._invoke_run(role)
             ^^^^^^^^^^^^^^^^^^^^^^
  File "/home/cysic/Workspace/venvs/sglang/lib/python3.12/site-packages/torch/distributed/elastic/agent/server/api.py", line 908, in _invoke_run
    time.sleep(monitor_interval)
  File "/home/cysic/Workspace/venvs/sglang/lib/python3.12/site-packages/torch/distributed/elastic/multiprocessing/api.py", line 86, in _terminate_process_handler
    raise SignalException(f"Process {os.getpid()} got signal: {sigval}", sigval=sigval)
torch.distributed.elastic.multiprocessing.api.SignalException: Process 154772 got signal: 15
